#
# A fatal error has been detected by the Java Runtime Environment:
#
#  EXCEPTION_ACCESS_VIOLATION (0xc0000005) at pc=0x00000000524db2e9, pid=5648, tid=3032
#
# JRE version: Java(TM) SE Runtime Environment (9.0+11) (build 9.0.4+11)
# Java VM: Java HotSpot(TM) 64-Bit Server VM (9.0.4+11, mixed mode, tiered, compressed oops, g1 gc, windows-amd64)
# Problematic frame:
# V  [jvm.dll+0x60b2e9]
#
# No core dump will be written. Minidumps are not enabled by default on client versions of Windows
#
# If you would like to submit a bug report, please visit:
#   http://bugreport.java.com/bugreport/crash.jsp
#

---------------  S U M M A R Y ------------

Command Line: -Dcom.sun.management.jmxremote -Dcom.sun.management.jmxremote.port=64684 -Dcom.sun.management.jmxremote.authenticate=false -Dcom.sun.management.jmxremote.ssl=false -Djava.rmi.server.hostname=localhost -Dspring.jmx.enabled=true -Dspring.application.admin.enabled=true -Xverify:none -XX:TieredStopAtLevel=1 -Dfile.encoding=UTF-8 com.javainuse.SpringBootHelloWorldApplication --spring.output.ansi.enabled=always

Host: Intel(R) Core(TM) i5-4210U CPU @ 1.70GHz, 4 cores, 7G,  Windows 8.1 , 64 bit Build 9600 (6.3.9600.19358)
Time: Fri Jul 12 03:05:43 2019 India Standard Time elapsed time: 1 seconds (0d 0h 0m 1s)

---------------  T H R E A D  ---------------

Current thread (0x00000068a910a000):  WatcherThread [stack: 0x00000068aa480000,0x00000068aa580000] [id=3032]

Stack: [0x00000068aa480000,0x00000068aa580000],  sp=0x00000068aa57f580,  free space=1021k
Native frames: (J=compiled Java code, j=interpreted, Vv=VM code, C=native code)
V  [jvm.dll+0x60b2e9]
V  [jvm.dll+0x64833d]
V  [jvm.dll+0x66a936]
V  [jvm.dll+0x586490]
C  [msvcr120.dll+0x24f7f]
C  [msvcr120.dll+0x25126]
C  [KERNEL32.DLL+0x13f2]
C  [ntdll.dll+0x154f4]


siginfo: EXCEPTION_ACCESS_VIOLATION (0xc0000005), reading address 0x0000000c0000000b


Register to memory mapping:

RIP=0x00000000524db2e9 jvm.dll
RAX=0x00000068a90fae30 is an unknown value
RBX=0x0000000000000000 is an unknown value
RCX=0x0000000c0000000b is an unknown value
RDX=0x0000000000000032 is an unknown value
RSP=0x00000068aa57f580 is an unknown value
RBP=0x0000000000000003 is an unknown value
RSI=0x00000068a90fade0 is an unknown value
RDI=0x0000000000000000 is an unknown value
R8 =0x0000000000000031 is an unknown value
R9 =0x00000068a9107e00 is an unknown value
R10=0x0000000000000000 is an unknown value
R11=0x0000000000000287 is an unknown value
R12=0x0000000000000000 is an unknown value
R13=0x0000000000000000 is an unknown value
R14=0x0000000000000001 is an unknown value
R15=0x0000000000000000 is an unknown value


Registers:
RAX=0x00000068a90fae30, RBX=0x0000000000000000, RCX=0x0000000c0000000b, RDX=0x0000000000000032
RSP=0x00000068aa57f580, RBP=0x0000000000000003, RSI=0x00000068a90fade0, RDI=0x0000000000000000
R8 =0x0000000000000031, R9 =0x00000068a9107e00, R10=0x0000000000000000, R11=0x0000000000000287
R12=0x0000000000000000, R13=0x0000000000000000, R14=0x0000000000000001, R15=0x0000000000000000
RIP=0x00000000524db2e9, EFLAGS=0x0000000000010202

Top of Stack: (sp=0x00000068aa57f580)
0x00000068aa57f580:   0000000000000000 00000068a910a000
0x00000068aa57f590:   00000068a6dd9310 00000068aa57f700
0x00000068aa57f5a0:   0000000052847b28 000000005251833d
0x00000068aa57f5b0:   0000000000000001 0000006886abe7b0
0x00000068aa57f5c0:   0000000000000000 0000000000000000
0x00000068aa57f5d0:   0000000000000000 0000000000000000
0x00000068aa57f5e0:   0000000000000001 000000005253a936
0x00000068aa57f5f0:   00000068aa57f700 00000068a6dd9310
0x00000068aa57f600:   00000068a910a000 0000000000000000
0x00000068aa57f610:   0000000000000000 0000000000000000
0x00000068aa57f620:   0000000000000000 0000000000000000
0x00000068aa57f630:   0000000000000000 0000000000000000
0x00000068aa57f640:   0000000000000000 0000000000000000
0x00000068aa57f650:   00000068a6dd9310 0000000052456490
0x00000068aa57f660:   00000000000075a3 00000068a910a000
0x00000068aa57f670:   0000000000000000 0000000000000000 

Instructions: (pc=0x00000000524db2e9)
0x00000000524db2c9:   20 48 8b 35 e7 79 36 00 33 db 48 8b 06 39 18 7e
0x00000000524db2d9:   26 48 89 7c 24 30 8b fb 48 8b 40 18 48 8b 0c 07
0x00000000524db2e9:   48 8b 01 ff 10 48 8b 06 ff c3 48 8d 7f 08 3b 18
0x00000000524db2f9:   7c e6 48 8b 7c 24 30 48 8b 5c 24 38 48 83 c4 20 



---------------  P R O C E S S  ---------------

Java Threads: ( => current thread )
  0x00000068a9108800 JavaThread "RMI TCP Accept-0" daemon [_thread_in_native, id=7884, stack(0x00000068aa380000,0x00000068aa480000)]
  0x00000068a9114800 JavaThread "RMI TCP Accept-64684" daemon [_thread_in_native, id=10556, stack(0x00000068aa280000,0x00000068aa380000)]
  0x00000068a90ed000 JavaThread "RMI TCP Accept-0" daemon [_thread_in_native, id=10760, stack(0x00000068aa180000,0x00000068aa280000)]
  0x00000068a805d000 JavaThread "Service Thread" daemon [_thread_blocked, id=9188, stack(0x00000068a82c0000,0x00000068a83c0000)]
  0x00000068a6ec4000 JavaThread "Common-Cleaner" daemon [_thread_blocked, id=9524, stack(0x00000068a78e0000,0x00000068a79e0000)]
  0x00000068a6df9000 JavaThread "Sweeper thread" daemon [_thread_blocked, id=4700, stack(0x00000068a77e0000,0x00000068a78e0000)]
  0x00000068a6df5000 JavaThread "C1 CompilerThread2" daemon [_thread_in_native, id=10392, stack(0x00000068a76e0000,0x00000068a77e0000)]
  0x00000068a6df4800 JavaThread "C1 CompilerThread1" daemon [_thread_blocked, id=9180, stack(0x00000068a75e0000,0x00000068a76e0000)]
  0x00000068a6de7800 JavaThread "C1 CompilerThread0" daemon [_thread_blocked, id=5308, stack(0x00000068a74e0000,0x00000068a75e0000)]
  0x00000068a6de6800 JavaThread "Attach Listener" daemon [_thread_blocked, id=10028, stack(0x00000068a73e0000,0x00000068a74e0000)]
  0x00000068a6de5800 JavaThread "Signal Dispatcher" daemon [_thread_blocked, id=9532, stack(0x00000068a72e0000,0x00000068a73e0000)]
  0x00000068a6dd6000 JavaThread "Finalizer" daemon [_thread_blocked, id=5028, stack(0x00000068a70f0000,0x00000068a71f0000)]
  0x00000068a6da7000 JavaThread "Reference Handler" daemon [_thread_blocked, id=10224, stack(0x00000068a6ff0000,0x00000068a70f0000)]
  0x0000006886ac0800 JavaThread "main" [_thread_in_Java, id=11136, stack(0x0000006888290000,0x0000006888390000)]

Other Threads:
  0x00000068a6da2800 VMThread "VM Thread" [stack: 0x00000068a6ef0000,0x00000068a6ff0000] [id=2168]
=>0x00000068a910a000 WatcherThread [stack: 0x00000068aa480000,0x00000068aa580000] [id=3032]
  0x0000006886ad9000 GCTaskThread "GC Thread#0" [stack: 0x000000689e0c0000,0x000000689e1c0000] [id=11216]
  0x0000006886ada800 GCTaskThread "GC Thread#1" [stack: 0x000000689e1c0000,0x000000689e2c0000] [id=8428]
  0x0000006886adc000 GCTaskThread "GC Thread#2" [stack: 0x000000689e2c0000,0x000000689e3c0000] [id=10836]
  0x0000006886aeb000 GCTaskThread "GC Thread#3" [stack: 0x000000689e3c0000,0x000000689e4c0000] [id=10300]
  0x0000006886b5c000 ConcurrentGCThread "G1 Main Marker" [stack: 0x00000068a3db0000,0x00000068a3eb0000] [id=2276]
  0x0000006886b5c800 ConcurrentGCThread "G1 Marker#0" [stack: 0x00000068a3eb0000,0x00000068a3fb0000] [id=3432]
  0x0000006886af3000 ConcurrentGCThread "G1 Refine#0" [stack: 0x000000689ec00000,0x000000689ed00000] [id=4120]
  0x0000006886af0000 ConcurrentGCThread "G1 Refine#1" [stack: 0x000000689eb00000,0x000000689ec00000] [id=8508]
  0x0000006886aed000 ConcurrentGCThread "G1 Refine#2" [stack: 0x000000689ea00000,0x000000689eb00000] [id=10568]
  0x0000006886aec000 ConcurrentGCThread "G1 Refine#3" [stack: 0x000000689e900000,0x000000689ea00000] [id=6688]
  0x0000006886af5000 ConcurrentGCThread "G1 Young RemSet Sampling" [stack: 0x000000689ed00000,0x000000689ee00000] [id=9204]

Threads with active compile tasks:

VM state:not at safepoint (normal execution)

VM Mutex/Monitor currently owned by a thread:  ([mutex/lock_event])
[0x0000006886abe7b0] PeriodicTask_lock - owner thread: 0x00000068a910a000

Heap address: 0x0000000081c00000, size: 2020 MB, Compressed Oops mode: 32-bit
Narrow klass base: 0x0000000000000000, Narrow klass shift: 3
Compressed class space size: 1073741824 Address: 0x0000000100000000

Heap:
 garbage-first heap   total 131072K, used 22376K [0x0000000081c00000, 0x0000000081d00400, 0x0000000100000000)
  region size 1024K, 5 young (5120K), 3 survivors (3072K)
 Metaspace       used 11621K, capacity 12176K, committed 12416K, reserved 1060864K
  class space    used 1402K, capacity 1553K, committed 1664K, reserved 1048576K
Heap Regions: E=young(eden), S=young(survivor), O=old, HS=humongous(starts), HC=humongous(continues), CS=collection set, F=free, A=archive, TS=gc time stamp, AC=allocation context, TAMS=top-at-mark-start (previous, next)
|   0|0x0000000081c00000, 0x0000000081d00000, 0x0000000081d00000|100%|HS|  |TS  0|AC  0|TAMS 0x0000000081c00000, 0x0000000081c00000|
|   1|0x0000000081d00000, 0x0000000081e00000, 0x0000000081e00000|100%| O|  |TS  1|AC  0|TAMS 0x0000000081d00000, 0x0000000081d00000|
|   2|0x0000000081e00000, 0x0000000081f00000, 0x0000000081f00000|100%| O|  |TS  1|AC  0|TAMS 0x0000000081e00000, 0x0000000081e00000|
|   3|0x0000000081f00000, 0x0000000082000000, 0x0000000082000000|100%| O|  |TS  1|AC  0|TAMS 0x0000000081f00000, 0x0000000081f00000|
|   4|0x0000000082000000, 0x0000000082100000, 0x0000000082100000|100%| O|  |TS  1|AC  0|TAMS 0x0000000082000000, 0x0000000082000000|
|   5|0x0000000082100000, 0x0000000082200000, 0x0000000082200000|100%| O|  |TS  1|AC  0|TAMS 0x0000000082100000, 0x0000000082100000|
|   6|0x0000000082200000, 0x0000000082300000, 0x0000000082300000|100%| O|  |TS  1|AC  0|TAMS 0x0000000082200000, 0x0000000082200000|
|   7|0x0000000082300000, 0x0000000082400000, 0x0000000082400000|100%| O|  |TS  1|AC  0|TAMS 0x0000000082300000, 0x0000000082300000|
|   8|0x0000000082400000, 0x0000000082500000, 0x0000000082500000|100%| O|  |TS  3|AC  0|TAMS 0x0000000082400000, 0x0000000082400000|
|   9|0x0000000082500000, 0x0000000082600000, 0x0000000082600000|100%|HS|  |TS  0|AC  0|TAMS 0x0000000082500000, 0x0000000082500000|
|  10|0x0000000082600000, 0x0000000082700000, 0x0000000082700000|100%| O|  |TS  3|AC  0|TAMS 0x0000000082600000, 0x0000000082600000|
|  11|0x0000000082700000, 0x0000000082800000, 0x0000000082800000|100%| O|  |TS  3|AC  0|TAMS 0x0000000082700000, 0x0000000082700000|
|  12|0x0000000082800000, 0x0000000082900000, 0x0000000082900000|100%| O|  |TS  3|AC  0|TAMS 0x0000000082800000, 0x0000000082800000|
|  13|0x0000000082900000, 0x0000000082a00000, 0x0000000082a00000|100%| O|  |TS  3|AC  0|TAMS 0x0000000082900000, 0x0000000082900000|
|  14|0x0000000082a00000, 0x0000000082b00000, 0x0000000082b00000|100%| O|  |TS  3|AC  0|TAMS 0x0000000082a00000, 0x0000000082a00000|
|  15|0x0000000082b00000, 0x0000000082c00000, 0x0000000082c00000|100%| O|  |TS  3|AC  0|TAMS 0x0000000082b00000, 0x0000000082b00000|
|  16|0x0000000082c00000, 0x0000000082d00000, 0x0000000082d00000|100%| O|  |TS  5|AC  0|TAMS 0x0000000082c00000, 0x0000000082c00000|
|  17|0x0000000082d00000, 0x0000000082e00000, 0x0000000082e00000|100%| O|  |TS  5|AC  0|TAMS 0x0000000082d00000, 0x0000000082d00000|
|  18|0x0000000082e00000, 0x0000000082e2ce00, 0x0000000082f00000| 17%| O|  |TS  5|AC  0|TAMS 0x0000000082e00000, 0x0000000082e00000|
|  19|0x0000000082f00000, 0x0000000082f00000, 0x0000000083000000|  0%| F|  |TS  0|AC  0|TAMS 0x0000000082f00000, 0x0000000082f00000|
|  20|0x0000000083000000, 0x0000000083000000, 0x0000000083100000|  0%| F|  |TS  0|AC  0|TAMS 0x0000000083000000, 0x0000000083000000|
|  21|0x0000000083100000, 0x0000000083100000, 0x0000000083200000|  0%| F|  |TS  0|AC  0|TAMS 0x0000000083100000, 0x0000000083100000|
|  22|0x0000000083200000, 0x0000000083200000, 0x0000000083300000|  0%| F|  |TS  0|AC  0|TAMS 0x0000000083200000, 0x0000000083200000|
|  23|0x0000000083300000, 0x0000000083300000, 0x0000000083400000|  0%| F|  |TS  0|AC  0|TAMS 0x0000000083300000, 0x0000000083300000|
|  24|0x0000000083400000, 0x0000000083400000, 0x0000000083500000|  0%| F|  |TS  0|AC  0|TAMS 0x0000000083400000, 0x0000000083400000|
|  25|0x0000000083500000, 0x0000000083500000, 0x0000000083600000|  0%| F|  |TS  0|AC  0|TAMS 0x0000000083500000, 0x0000000083500000|
|  26|0x0000000083600000, 0x0000000083600000, 0x0000000083700000|  0%| F|  |TS  0|AC  0|TAMS 0x0000000083600000, 0x0000000083600000|
|  27|0x0000000083700000, 0x0000000083700000, 0x0000000083800000|  0%| F|  |TS  0|AC  0|TAMS 0x0000000083700000, 0x0000000083700000|
|  28|0x0000000083800000, 0x0000000083800000, 0x0000000083900000|  0%| F|  |TS  0|AC  0|TAMS 0x0000000083800000, 0x0000000083800000|
|  29|0x0000000083900000, 0x0000000083900000, 0x0000000083a00000|  0%| F|  |TS  0|AC  0|TAMS 0x0000000083900000, 0x0000000083900000|
|  30|0x0000000083a00000, 0x0000000083a00000, 0x0000000083b00000|  0%| F|  |TS  0|AC  0|TAMS 0x0000000083a00000, 0x0000000083a00000|
|  31|0x0000000083b00000, 0x0000000083b00000, 0x0000000083c00000|  0%| F|  |TS  0|AC  0|TAMS 0x0000000083b00000, 0x0000000083b00000|
|  32|0x0000000083c00000, 0x0000000083c00000, 0x0000000083d00000|  0%| F|  |TS  0|AC  0|TAMS 0x0000000083c00000, 0x0000000083c00000|
|  33|0x0000000083d00000, 0x0000000083d00000, 0x0000000083e00000|  0%| F|  |TS  0|AC  0|TAMS 0x0000000083d00000, 0x0000000083d00000|
|  34|0x0000000083e00000, 0x0000000083e00000, 0x0000000083f00000|  0%| F|  |TS  0|AC  0|TAMS 0x0000000083e00000, 0x0000000083e00000|
|  35|0x0000000083f00000, 0x0000000083f00000, 0x0000000084000000|  0%| F|  |TS  0|AC  0|TAMS 0x0000000083f00000, 0x0000000083f00000|
|  36|0x0000000084000000, 0x0000000084000000, 0x0000000084100000|  0%| F|  |TS  0|AC  0|TAMS 0x0000000084000000, 0x0000000084000000|
|  37|0x0000000084100000, 0x0000000084100000, 0x0000000084200000|  0%| F|  |TS  0|AC  0|TAMS 0x0000000084100000, 0x0000000084100000|
|  38|0x0000000084200000, 0x0000000084200000, 0x0000000084300000|  0%| F|  |TS  0|AC  0|TAMS 0x0000000084200000, 0x0000000084200000|
|  39|0x0000000084300000, 0x0000000084300000, 0x0000000084400000|  0%| F|  |TS  0|AC  0|TAMS 0x0000000084300000, 0x0000000084300000|
|  40|0x0000000084400000, 0x0000000084400000, 0x0000000084500000|  0%| F|  |TS  0|AC  0|TAMS 0x0000000084400000, 0x0000000084400000|
|  41|0x0000000084500000, 0x0000000084500000, 0x0000000084600000|  0%| F|  |TS  0|AC  0|TAMS 0x0000000084500000, 0x0000000084500000|
|  42|0x0000000084600000, 0x0000000084600000, 0x0000000084700000|  0%| F|  |TS  0|AC  0|TAMS 0x0000000084600000, 0x0000000084600000|
|  43|0x0000000084700000, 0x0000000084700000, 0x0000000084800000|  0%| F|  |TS  0|AC  0|TAMS 0x0000000084700000, 0x0000000084700000|
|  44|0x0000000084800000, 0x0000000084800000, 0x0000000084900000|  0%| F|  |TS  0|AC  0|TAMS 0x0000000084800000, 0x0000000084800000|
|  45|0x0000000084900000, 0x0000000084900000, 0x0000000084a00000|  0%| F|  |TS  0|AC  0|TAMS 0x0000000084900000, 0x0000000084900000|
|  46|0x0000000084a00000, 0x0000000084a00000, 0x0000000084b00000|  0%| F|  |TS  0|AC  0|TAMS 0x0000000084a00000, 0x0000000084a00000|
|  47|0x0000000084b00000, 0x0000000084b00000, 0x0000000084c00000|  0%| F|  |TS  0|AC  0|TAMS 0x0000000084b00000, 0x0000000084b00000|
|  48|0x0000000084c00000, 0x0000000084c00000, 0x0000000084d00000|  0%| F|  |TS  0|AC  0|TAMS 0x0000000084c00000, 0x0000000084c00000|
|  49|0x0000000084d00000, 0x0000000084d00000, 0x0000000084e00000|  0%| F|  |TS  0|AC  0|TAMS 0x0000000084d00000, 0x0000000084d00000|
|  50|0x0000000084e00000, 0x0000000084e00000, 0x0000000084f00000|  0%| F|  |TS  0|AC  0|TAMS 0x0000000084e00000, 0x0000000084e00000|
|  51|0x0000000084f00000, 0x0000000084f00000, 0x0000000085000000|  0%| F|  |TS  0|AC  0|TAMS 0x0000000084f00000, 0x0000000084f00000|
|  52|0x0000000085000000, 0x0000000085000000, 0x0000000085100000|  0%| F|  |TS  0|AC  0|TAMS 0x0000000085000000, 0x0000000085000000|
|  53|0x0000000085100000, 0x0000000085100000, 0x0000000085200000|  0%| F|  |TS  0|AC  0|TAMS 0x0000000085100000, 0x0000000085100000|
|  54|0x0000000085200000, 0x0000000085200000, 0x0000000085300000|  0%| F|  |TS  0|AC  0|TAMS 0x0000000085200000, 0x0000000085200000|
|  55|0x0000000085300000, 0x0000000085300000, 0x0000000085400000|  0%| F|  |TS  0|AC  0|TAMS 0x0000000085300000, 0x0000000085300000|
|  56|0x0000000085400000, 0x0000000085400000, 0x0000000085500000|  0%| F|  |TS  0|AC  0|TAMS 0x0000000085400000, 0x0000000085400000|
|  57|0x0000000085500000, 0x0000000085500000, 0x0000000085600000|  0%| F|  |TS  0|AC  0|TAMS 0x0000000085500000, 0x0000000085500000|
|  58|0x0000000085600000, 0x0000000085600000, 0x0000000085700000|  0%| F|  |TS  0|AC  0|TAMS 0x0000000085600000, 0x0000000085600000|
|  59|0x0000000085700000, 0x0000000085700000, 0x0000000085800000|  0%| F|  |TS  0|AC  0|TAMS 0x0000000085700000, 0x0000000085700000|
|  60|0x0000000085800000, 0x0000000085800000, 0x0000000085900000|  0%| F|  |TS  0|AC  0|TAMS 0x0000000085800000, 0x0000000085800000|
|  61|0x0000000085900000, 0x0000000085900000, 0x0000000085a00000|  0%| F|  |TS  0|AC  0|TAMS 0x0000000085900000, 0x0000000085900000|
|  62|0x0000000085a00000, 0x0000000085a00000, 0x0000000085b00000|  0%| F|  |TS  0|AC  0|TAMS 0x0000000085a00000, 0x0000000085a00000|
|  63|0x0000000085b00000, 0x0000000085b00000, 0x0000000085c00000|  0%| F|  |TS  0|AC  0|TAMS 0x0000000085b00000, 0x0000000085b00000|
|  64|0x0000000085c00000, 0x0000000085c00000, 0x0000000085d00000|  0%| F|  |TS  0|AC  0|TAMS 0x0000000085c00000, 0x0000000085c00000|
|  65|0x0000000085d00000, 0x0000000085d00000, 0x0000000085e00000|  0%| F|  |TS  0|AC  0|TAMS 0x0000000085d00000, 0x0000000085d00000|
|  66|0x0000000085e00000, 0x0000000085e00000, 0x0000000085f00000|  0%| F|  |TS  0|AC  0|TAMS 0x0000000085e00000, 0x0000000085e00000|
|  67|0x0000000085f00000, 0x0000000085f00000, 0x0000000086000000|  0%| F|  |TS  0|AC  0|TAMS 0x0000000085f00000, 0x0000000085f00000|
|  68|0x0000000086000000, 0x0000000086000000, 0x0000000086100000|  0%| F|  |TS  0|AC  0|TAMS 0x0000000086000000, 0x0000000086000000|
|  69|0x0000000086100000, 0x0000000086100000, 0x0000000086200000|  0%| F|  |TS  0|AC  0|TAMS 0x0000000086100000, 0x0000000086100000|
|  70|0x0000000086200000, 0x0000000086200000, 0x0000000086300000|  0%| F|  |TS  0|AC  0|TAMS 0x0000000086200000, 0x0000000086200000|
|  71|0x0000000086300000, 0x0000000086300000, 0x0000000086400000|  0%| F|  |TS  0|AC  0|TAMS 0x0000000086300000, 0x0000000086300000|
|  72|0x0000000086400000, 0x0000000086400000, 0x0000000086500000|  0%| F|  |TS  0|AC  0|TAMS 0x0000000086400000, 0x0000000086400000|
|  73|0x0000000086500000, 0x0000000086500000, 0x0000000086600000|  0%| F|  |TS  0|AC  0|TAMS 0x0000000086500000, 0x0000000086500000|
|  74|0x0000000086600000, 0x0000000086600000, 0x0000000086700000|  0%| F|  |TS  0|AC  0|TAMS 0x0000000086600000, 0x0000000086600000|
|  75|0x0000000086700000, 0x0000000086700000, 0x0000000086800000|  0%| F|  |TS  0|AC  0|TAMS 0x0000000086700000, 0x0000000086700000|
|  76|0x0000000086800000, 0x0000000086800000, 0x0000000086900000|  0%| F|  |TS  0|AC  0|TAMS 0x0000000086800000, 0x0000000086800000|
|  77|0x0000000086900000, 0x0000000086900000, 0x0000000086a00000|  0%| F|  |TS  0|AC  0|TAMS 0x0000000086900000, 0x0000000086900000|
|  78|0x0000000086a00000, 0x0000000086a00000, 0x0000000086b00000|  0%| F|  |TS  0|AC  0|TAMS 0x0000000086a00000, 0x0000000086a00000|
|  79|0x0000000086b00000, 0x0000000086b00000, 0x0000000086c00000|  0%| F|  |TS  0|AC  0|TAMS 0x0000000086b00000, 0x0000000086b00000|
|  80|0x0000000086c00000, 0x0000000086c00000, 0x0000000086d00000|  0%| F|  |TS  0|AC  0|TAMS 0x0000000086c00000, 0x0000000086c00000|
|  81|0x0000000086d00000, 0x0000000086d00000, 0x0000000086e00000|  0%| F|  |TS  0|AC  0|TAMS 0x0000000086d00000, 0x0000000086d00000|
|  82|0x0000000086e00000, 0x0000000086e00000, 0x0000000086f00000|  0%| F|  |TS  0|AC  0|TAMS 0x0000000086e00000, 0x0000000086e00000|
|  83|0x0000000086f00000, 0x0000000086f00000, 0x0000000087000000|  0%| F|  |TS  0|AC  0|TAMS 0x0000000086f00000, 0x0000000086f00000|
|  84|0x0000000087000000, 0x0000000087000000, 0x0000000087100000|  0%| F|  |TS  0|AC  0|TAMS 0x0000000087000000, 0x0000000087000000|
|  85|0x0000000087100000, 0x0000000087100000, 0x0000000087200000|  0%| F|  |TS  0|AC  0|TAMS 0x0000000087100000, 0x0000000087100000|
|  86|0x0000000087200000, 0x0000000087200000, 0x0000000087300000|  0%| F|  |TS  0|AC  0|TAMS 0x0000000087200000, 0x0000000087200000|
|  87|0x0000000087300000, 0x0000000087300000, 0x0000000087400000|  0%| F|  |TS  0|AC  0|TAMS 0x0000000087300000, 0x0000000087300000|
|  88|0x0000000087400000, 0x0000000087400000, 0x0000000087500000|  0%| F|  |TS  0|AC  0|TAMS 0x0000000087400000, 0x0000000087400000|
|  89|0x0000000087500000, 0x0000000087500000, 0x0000000087600000|  0%| F|  |TS  0|AC  0|TAMS 0x0000000087500000, 0x0000000087500000|
|  90|0x0000000087600000, 0x0000000087600000, 0x0000000087700000|  0%| F|  |TS  0|AC  0|TAMS 0x0000000087600000, 0x0000000087600000|
|  91|0x0000000087700000, 0x0000000087700000, 0x0000000087800000|  0%| F|  |TS  0|AC  0|TAMS 0x0000000087700000, 0x0000000087700000|
|  92|0x0000000087800000, 0x0000000087800000, 0x0000000087900000|  0%| F|  |TS  0|AC  0|TAMS 0x0000000087800000, 0x0000000087800000|
|  93|0x0000000087900000, 0x0000000087900000, 0x0000000087a00000|  0%| F|  |TS  0|AC  0|TAMS 0x0000000087900000, 0x0000000087900000|
|  94|0x0000000087a00000, 0x0000000087a00000, 0x0000000087b00000|  0%| F|  |TS  0|AC  0|TAMS 0x0000000087a00000, 0x0000000087a00000|
|  95|0x0000000087b00000, 0x0000000087b00000, 0x0000000087c00000|  0%| F|  |TS  0|AC  0|TAMS 0x0000000087b00000, 0x0000000087b00000|
|  96|0x0000000087c00000, 0x0000000087c00000, 0x0000000087d00000|  0%| F|  |TS  0|AC  0|TAMS 0x0000000087c00000, 0x0000000087c00000|
|  97|0x0000000087d00000, 0x0000000087d00000, 0x0000000087e00000|  0%| F|  |TS  0|AC  0|TAMS 0x0000000087d00000, 0x0000000087d00000|
|  98|0x0000000087e00000, 0x0000000087e00000, 0x0000000087f00000|  0%| F|  |TS  0|AC  0|TAMS 0x0000000087e00000, 0x0000000087e00000|
|  99|0x0000000087f00000, 0x0000000087f00000, 0x0000000088000000|  0%| F|  |TS  0|AC  0|TAMS 0x0000000087f00000, 0x0000000087f00000|
| 100|0x0000000088000000, 0x0000000088000000, 0x0000000088100000|  0%| F|  |TS  0|AC  0|TAMS 0x0000000088000000, 0x0000000088000000|
| 101|0x0000000088100000, 0x0000000088100000, 0x0000000088200000|  0%| F|  |TS  0|AC  0|TAMS 0x0000000088100000, 0x0000000088100000|
| 102|0x0000000088200000, 0x0000000088200000, 0x0000000088300000|  0%| F|  |TS  0|AC  0|TAMS 0x0000000088200000, 0x0000000088200000|
| 103|0x0000000088300000, 0x0000000088300000, 0x0000000088400000|  0%| F|  |TS  0|AC  0|TAMS 0x0000000088300000, 0x0000000088300000|
| 104|0x0000000088400000, 0x0000000088400000, 0x0000000088500000|  0%| F|  |TS  0|AC  0|TAMS 0x0000000088400000, 0x0000000088400000|
| 105|0x0000000088500000, 0x0000000088500000, 0x0000000088600000|  0%| F|  |TS  0|AC  0|TAMS 0x0000000088500000, 0x0000000088500000|
| 106|0x0000000088600000, 0x0000000088600000, 0x0000000088700000|  0%| F|  |TS  0|AC  0|TAMS 0x0000000088600000, 0x0000000088600000|
| 107|0x0000000088700000, 0x00000000887ad2e0, 0x0000000088800000| 67%| S|CS|TS  5|AC  0|TAMS 0x0000000088700000, 0x0000000088700000|
| 108|0x0000000088800000, 0x0000000088900000, 0x0000000088900000|100%| S|CS|TS  5|AC  0|TAMS 0x0000000088800000, 0x0000000088800000|
| 109|0x0000000088900000, 0x0000000088a00000, 0x0000000088a00000|100%| S|CS|TS  5|AC  0|TAMS 0x0000000088900000, 0x0000000088900000|
| 110|0x0000000088a00000, 0x0000000088a00000, 0x0000000088b00000|  0%| F|  |TS  5|AC  0|TAMS 0x0000000088a00000, 0x0000000088a00000|
| 111|0x0000000088b00000, 0x0000000088b00000, 0x0000000088c00000|  0%| F|  |TS  5|AC  0|TAMS 0x0000000088b00000, 0x0000000088b00000|
| 112|0x0000000088c00000, 0x0000000088c00000, 0x0000000088d00000|  0%| F|  |TS  5|AC  0|TAMS 0x0000000088c00000, 0x0000000088c00000|
| 113|0x0000000088d00000, 0x0000000088d00000, 0x0000000088e00000|  0%| F|  |TS  5|AC  0|TAMS 0x0000000088d00000, 0x0000000088d00000|
| 114|0x0000000088e00000, 0x0000000088e00000, 0x0000000088f00000|  0%| F|  |TS  5|AC  0|TAMS 0x0000000088e00000, 0x0000000088e00000|
| 115|0x0000000088f00000, 0x0000000088f00000, 0x0000000089000000|  0%| F|  |TS  5|AC  0|TAMS 0x0000000088f00000, 0x0000000088f00000|
| 116|0x0000000089000000, 0x0000000089000000, 0x0000000089100000|  0%| F|  |TS  5|AC  0|TAMS 0x0000000089000000, 0x0000000089000000|
| 117|0x0000000089100000, 0x0000000089100000, 0x0000000089200000|  0%| F|  |TS  5|AC  0|TAMS 0x0000000089100000, 0x0000000089100000|
| 118|0x0000000089200000, 0x0000000089200000, 0x0000000089300000|  0%| F|  |TS  5|AC  0|TAMS 0x0000000089200000, 0x0000000089200000|
| 119|0x0000000089300000, 0x0000000089300000, 0x0000000089400000|  0%| F|  |TS  5|AC  0|TAMS 0x0000000089300000, 0x0000000089300000|
| 120|0x0000000089400000, 0x0000000089400000, 0x0000000089500000|  0%| F|  |TS  5|AC  0|TAMS 0x0000000089400000, 0x0000000089400000|
| 121|0x0000000089500000, 0x0000000089500000, 0x0000000089600000|  0%| F|  |TS  5|AC  0|TAMS 0x0000000089500000, 0x0000000089500000|
| 122|0x0000000089600000, 0x0000000089600000, 0x0000000089700000|  0%| F|  |TS  5|AC  0|TAMS 0x0000000089600000, 0x0000000089600000|
| 123|0x0000000089700000, 0x0000000089700000, 0x0000000089800000|  0%| F|  |TS  5|AC  0|TAMS 0x0000000089700000, 0x0000000089700000|
| 124|0x0000000089800000, 0x0000000089800000, 0x0000000089900000|  0%| F|  |TS  5|AC  0|TAMS 0x0000000089800000, 0x0000000089800000|
| 125|0x0000000089900000, 0x0000000089900000, 0x0000000089a00000|  0%| F|  |TS  5|AC  0|TAMS 0x0000000089900000, 0x0000000089900000|
| 126|0x0000000089a00000, 0x0000000089a8d9f0, 0x0000000089b00000| 55%| E|  |TS  5|AC  0|TAMS 0x0000000089a00000, 0x0000000089a00000|
| 127|0x0000000089b00000, 0x0000000089c00000, 0x0000000089c00000|100%| E|CS|TS  5|AC  0|TAMS 0x0000000089b00000, 0x0000000089b00000|

Card table byte_map: [0x000000689f600000,0x000000689fa00000] byte_map_base: 0x000000689f1f2000

Marking Bits (Prev, Next): (CMBitMap*) 0x0000006886b5b040, (CMBitMap*) 0x0000006886b5b078
 Prev Bits: [0x000000689fe00000, 0x00000068a1d90000)
 Next Bits: [0x00000068a1d90000, 0x00000068a3d20000)

Polling page: 0x0000006886a00000

CodeHeap 'non-profiled nmethods': size=238912Kb used=2148Kb max_used=2148Kb free=236763Kb
 bounds [0x000000688f580000, 0x000000688f7f0000, 0x000000689ded0000]
CodeHeap 'non-nmethods': size=6848Kb used=2373Kb max_used=2373Kb free=4474Kb
 bounds [0x000000688eed0000, 0x000000688f140000, 0x000000688f580000]
 total_blobs=1868 nmethods=1441 adapters=335
 compilation: enabled

Compilation events (10 events):
Event: 1.168 Thread 0x00000068a6df4800 nmethod 1177 0x000000688f719b10 code [0x000000688f719ce0, 0x000000688f719f20]
Event: 1.170 Thread 0x00000068a6de7800 nmethod 1178 0x000000688f71a010 code [0x000000688f71a240, 0x000000688f71aae0]
Event: 1.171 Thread 0x00000068a6df4800 1179  s!   1       jdk.internal.loader.URLClassPath::getLoader (200 bytes)
Event: 1.173 Thread 0x00000068a6df5000 nmethod 1176 0x000000688f71ad90 code [0x000000688f71b020, 0x000000688f71c220]
Event: 1.173 Thread 0x00000068a6de7800 1180       1       sun.net.www.protocol.file.Handler::parseURL (18 bytes)
Event: 1.173 Thread 0x00000068a6df5000 1181       1       java.net.URLStreamHandler::parseURL (1201 bytes)
Event: 1.174 Thread 0x00000068a6de7800 nmethod 1180 0x000000688f71cb90 code [0x000000688f71cd40, 0x000000688f71cee0]
Event: 1.177 Thread 0x00000068a6df4800 nmethod 1179 0x000000688f71d010 code [0x000000688f71d320, 0x000000688f71e910]
Event: 1.181 Thread 0x00000068a6de7800 1182       1       java.io.File::exists (43 bytes)
Event: 1.182 Thread 0x00000068a6de7800 nmethod 1182 0x000000688f71f410 code [0x000000688f71f5e0, 0x000000688f71f7d0]

GC Heap History (4 events):
Event: 0.570 GC heap before
{Heap before GC invocations=0 (full 0):
 garbage-first heap   total 131072K, used 15360K [0x0000000081c00000, 0x0000000081d00400, 0x0000000100000000)
  region size 1024K, 14 young (14336K), 0 survivors (0K)
 Metaspace       used 4929K, capacity 5002K, committed 5120K, reserved 1056768K
  class space    used 491K, capacity 495K, committed 512K, reserved 1048576K
}
Event: 0.576 GC heap after
{Heap after GC invocations=1 (full 0):
 garbage-first heap   total 131072K, used 10267K [0x0000000081c00000, 0x0000000081d00400, 0x0000000100000000)
  region size 1024K, 2 young (2048K), 2 survivors (2048K)
 Metaspace       used 4929K, capacity 5002K, committed 5120K, reserved 1056768K
  class space    used 491K, capacity 495K, committed 512K, reserved 1048576K
}
Event: 0.641 GC heap before
{Heap before GC invocations=1 (full 0):
 garbage-first heap   total 131072K, used 19483K [0x0000000081c00000, 0x0000000081d00400, 0x0000000100000000)
  region size 1024K, 10 young (10240K), 2 survivors (2048K)
 Metaspace       used 4935K, capacity 5002K, committed 5120K, reserved 1056768K
  class space    used 491K, capacity 495K, committed 512K, reserved 1048576K
}
Event: 0.646 GC heap after
{Heap after GC invocations=2 (full 0):
 garbage-first heap   total 131072K, used 18470K [0x0000000081c00000, 0x0000000081d00400, 0x0000000100000000)
  region size 1024K, 2 young (2048K), 2 survivors (2048K)
 Metaspace       used 4935K, capacity 5002K, committed 5120K, reserved 1056768K
  class space    used 491K, capacity 495K, committed 512K, reserved 1048576K
}

Deoptimization events (0 events):
No events

Classes redefined (0 events):
No events

Internal exceptions (10 events):
Event: 0.855 Thread 0x0000006886ac0800 Exception <a 'java/lang/NoSuchMethodError'{0x0000000089658fe0}: java.lang.invoke.DirectMethodHandle$Holder.invokeStaticInit(Ljava/lang/Object;IIII)Ljava/lang/Object;> (0x0000000089658fe0) thrown at [t:/workspace/hotspot/src/share/vm/interpreter/linkResolv
Event: 1.027 Thread 0x0000006886ac0800 Exception <a 'java/lang/NoSuchMethodError'{0x0000000089694658}: java.lang.invoke.DirectMethodHandle$Holder.invokeStatic(Ljava/lang/Object;Ljava/lang/Object;IIII)Ljava/lang/Object;> (0x0000000089694658) thrown at [t:/workspace/hotspot/src/share/vm/interpre
Event: 1.027 Thread 0x0000006886ac0800 Exception <a 'java/lang/NoSuchMethodError'{0x0000000089697b10}: java.lang.invoke.DirectMethodHandle$Holder.invokeStaticInit(Ljava/lang/Object;Ljava/lang/Object;IIII)Ljava/lang/Object;> (0x0000000089697b10) thrown at [t:/workspace/hotspot/src/share/vm/inte
Event: 1.036 Thread 0x0000006886ac0800 Exception <a 'java/lang/ClassNotFoundException'{0x00000000896b7d20}: javax/management/remote/rmi/RMIServerImpl_Skel> (0x00000000896b7d20) thrown at [t:/workspace/hotspot/src/share/vm/classfile/systemDictionary.cpp, line 218]
Event: 1.057 Thread 0x0000006886ac0800 Exception <a 'java/lang/NoSuchMethodError'{0x00000000895123f8}: java.lang.Object.lambda$union$2(Ljava/util/regex/Pattern$CharPredicate;I)Z> (0x00000000895123f8) thrown at [t:/workspace/hotspot/src/share/vm/interpreter/linkResolver.cpp, line 731]
Event: 1.060 Thread 0x0000006886ac0800 Exception <a 'java/lang/ClassNotFoundException'{0x000000008951a6e8}: jdk/internal/agent/resources/spi/agentProvider> (0x000000008951a6e8) thrown at [t:/workspace/hotspot/src/share/vm/classfile/systemDictionary.cpp, line 218]
Event: 1.068 Thread 0x0000006886ac0800 Exception <a 'java/lang/NoSuchMethodError'{0x000000008957e730}: java.lang.invoke.DirectMethodHandle$Holder.invokeStatic(Ljava/lang/Object;Ljava/lang/Object;Ljava/lang/Object;Ljava/lang/Object;Ljava/lang/Object;Ljava/lang/Object;Ljava/lang/Object;Ljava/lan
Event: 1.069 Thread 0x0000006886ac0800 Exception <a 'java/lang/NoSuchMethodError'{0x000000008958d1b8}: java.lang.invoke.DirectMethodHandle$Holder.invokeStatic(Ljava/lang/Object;Ljava/lang/Object;Ljava/lang/Object;Ljava/lang/Object;Ljava/lang/Object;Ljava/lang/Object;Ljava/lang/Object;Ljava/lan
Event: 1.070 Thread 0x0000006886ac0800 Exception <a 'java/lang/NoSuchMethodError'{0x000000008959c128}: method resolution failed> (0x000000008959c128) thrown at [t:/workspace/hotspot/src/share/vm/prims/methodHandles.cpp, line 1256]
Event: 1.071 Thread 0x0000006886ac0800 Exception <a 'java/lang/NoSuchMethodError'{0x00000000895ab1d0}: method resolution failed> (0x00000000895ab1d0) thrown at [t:/workspace/hotspot/src/share/vm/prims/methodHandles.cpp, line 1256]

Events (10 events):
Event: 1.174 loading class org/apache/commons/logging/Log
Event: 1.174 loading class org/apache/commons/logging/Log done
Event: 1.177 loading class org/apache/logging/log4j/LogManager
Event: 1.177 loading class org/apache/logging/log4j/LogManager done
Event: 1.179 loading class org/apache/logging/log4j/status/StatusLogger
Event: 1.179 loading class org/apache/logging/log4j/status/StatusLogger done
Event: 1.181 loading class org/apache/logging/log4j/spi/AbstractLogger
Event: 1.181 loading class org/apache/logging/log4j/spi/AbstractLogger done
Event: 1.191 loading class org/apache/logging/log4j/MarkerManager
Event: 1.191 loading class org/apache/logging/log4j/MarkerManager done


Dynamic libraries:
0x00007ff609970000 - 0x00007ff6099ae000 	C:\Program Files\Java\jre-9.0.4\bin\javaw.exe
0x00007fff75c30000 - 0x00007fff75ddd000 	C:\WINDOWS\SYSTEM32\ntdll.dll
0x00007fff757b0000 - 0x00007fff758ef000 	C:\WINDOWS\system32\KERNEL32.DLL
0x00007fff731a0000 - 0x00007fff732b5000 	C:\WINDOWS\system32\KERNELBASE.dll
0x00007fff73390000 - 0x00007fff7343a000 	C:\WINDOWS\system32\ADVAPI32.dll
0x00007fff758f0000 - 0x00007fff75a67000 	C:\WINDOWS\system32\USER32.dll
0x00007fff70730000 - 0x00007fff709ab000 	C:\WINDOWS\WinSxS\amd64_microsoft.windows.common-controls_6595b64144ccf1df_6.0.9600.19394_none_62486577ecb635cf\COMCTL32.dll
0x00007fff6cd70000 - 0x00007fff6cd7a000 	C:\WINDOWS\SYSTEM32\VERSION.dll
0x00007fff735e0000 - 0x00007fff7368a000 	C:\WINDOWS\system32\msvcrt.dll
0x00007fff75bd0000 - 0x00007fff75c29000 	C:\WINDOWS\SYSTEM32\sechost.dll
0x00007fff73e30000 - 0x00007fff73f70000 	C:\WINDOWS\system32\RPCRT4.dll
0x00007fff740a0000 - 0x00007fff741ec000 	C:\WINDOWS\system32\GDI32.dll
0x00007fff73170000 - 0x00007fff7319e000 	C:\WINDOWS\system32\SspiCli.dll
0x00007fff73870000 - 0x00007fff738a6000 	C:\WINDOWS\system32\IMM32.DLL
0x00007fff75a70000 - 0x00007fff75bc1000 	C:\WINDOWS\system32\MSCTF.dll
0x00007fff5e250000 - 0x00007fff5e33f000 	C:\Program Files\Java\jre-9.0.4\bin\msvcr120.dll
0x00007fff5e010000 - 0x00007fff5e0b6000 	C:\Program Files\Java\jre-9.0.4\bin\msvcp120.dll
0x0000000051ed0000 - 0x00000000528f5000 	C:\Program Files\Java\jre-9.0.4\bin\server\jvm.dll
0x00007fff64cb0000 - 0x00007fff64cb9000 	C:\WINDOWS\SYSTEM32\WSOCK32.dll
0x00007fff6e840000 - 0x00007fff6e862000 	C:\WINDOWS\SYSTEM32\WINMM.dll
0x00007fff732c0000 - 0x00007fff732c7000 	C:\WINDOWS\system32\PSAPI.DLL
0x00007fff741f0000 - 0x00007fff7424a000 	C:\WINDOWS\system32\WS2_32.dll
0x00007fff6e810000 - 0x00007fff6e83a000 	C:\WINDOWS\SYSTEM32\WINMMBASE.dll
0x00007fff757a0000 - 0x00007fff757a9000 	C:\WINDOWS\system32\NSI.dll
0x00007fff72e30000 - 0x00007fff72e7f000 	C:\WINDOWS\SYSTEM32\cfgmgr32.dll
0x00007fff71b50000 - 0x00007fff71b78000 	C:\WINDOWS\SYSTEM32\DEVOBJ.dll
0x00007fff6c1a0000 - 0x00007fff6c1af000 	C:\Program Files\Java\jre-9.0.4\bin\verify.dll
0x00007fff6a4d0000 - 0x00007fff6a4f7000 	C:\Program Files\Java\jre-9.0.4\bin\java.dll
0x00007fff6a4b0000 - 0x00007fff6a4c6000 	C:\Program Files\Java\jre-9.0.4\bin\zip.dll
0x00007fff6a720000 - 0x00007fff6a72a000 	C:\Program Files\Java\jre-9.0.4\bin\jimage.dll
0x00007fff74250000 - 0x00007fff7577b000 	C:\WINDOWS\system32\SHELL32.dll
0x00007fff73c20000 - 0x00007fff73e30000 	C:\WINDOWS\SYSTEM32\combase.dll
0x00007fff74040000 - 0x00007fff74094000 	C:\WINDOWS\system32\SHLWAPI.dll
0x00007fff70c10000 - 0x00007fff70cc2000 	C:\WINDOWS\SYSTEM32\SHCORE.dll
0x00007fff72d60000 - 0x00007fff72d75000 	C:\WINDOWS\SYSTEM32\profapi.dll
0x00007fff6a490000 - 0x00007fff6a4aa000 	C:\Program Files\Java\jre-9.0.4\bin\net.dll
0x00007fff69150000 - 0x00007fff69219000 	C:\WINDOWS\SYSTEM32\WINHTTP.dll
0x00007fff71de0000 - 0x00007fff71e00000 	C:\WINDOWS\system32\PrxerDrv.dll
0x00007fff72590000 - 0x00007fff725e9000 	C:\WINDOWS\system32\mswsock.dll
0x00007fff5e230000 - 0x00007fff5e241000 	C:\Program Files\Java\jre-9.0.4\bin\nio.dll
0x00007fff6a6d0000 - 0x00007fff6a6d9000 	C:\Program Files\Java\jre-9.0.4\bin\management.dll
0x00007fff6a480000 - 0x00007fff6a48a000 	C:\Program Files\Java\jre-9.0.4\bin\management_ext.dll
0x00007fff62de0000 - 0x00007fff62dfc000 	C:\WINDOWS\system32\PrxerNsp.dll
0x00007fff72390000 - 0x00007fff72434000 	C:\WINDOWS\SYSTEM32\DNSAPI.dll
0x00007fff62d80000 - 0x00007fff62d95000 	C:\WINDOWS\system32\napinsp.dll
0x00007fff62d60000 - 0x00007fff62d7a000 	C:\WINDOWS\system32\pnrpnsp.dll
0x00007fff70d10000 - 0x00007fff70d2b000 	C:\WINDOWS\system32\NLAapi.dll
0x00007fff62d50000 - 0x00007fff62d5d000 	C:\WINDOWS\System32\winrnr.dll
0x00007fff62d30000 - 0x00007fff62d44000 	C:\WINDOWS\system32\wshbth.dll
0x00007fff62dd0000 - 0x00007fff62dda000 	C:\Windows\System32\rasadhlp.dll
0x00007fff6f770000 - 0x00007fff6f79a000 	C:\WINDOWS\SYSTEM32\IPHLPAPI.DLL
0x00007fff6fa40000 - 0x00007fff6fa4a000 	C:\WINDOWS\SYSTEM32\WINNSI.DLL
0x00007fff6d0b0000 - 0x00007fff6d11b000 	C:\WINDOWS\System32\fwpuclnt.dll
0x00007fff725f0000 - 0x00007fff72610000 	C:\WINDOWS\SYSTEM32\CRYPTSP.dll
0x00007fff72210000 - 0x00007fff72246000 	C:\WINDOWS\system32\rsaenh.dll
0x00007fff728a0000 - 0x00007fff728c6000 	C:\WINDOWS\SYSTEM32\bcrypt.dll
0x00007fff72320000 - 0x00007fff72341000 	C:\WINDOWS\SYSTEM32\USERENV.dll
0x00007fff72bc0000 - 0x00007fff72c23000 	C:\WINDOWS\system32\bcryptprimitives.dll
0x00007fff72c30000 - 0x00007fff72c3b000 	C:\WINDOWS\SYSTEM32\CRYPTBASE.dll
0x00007fff6cd80000 - 0x00007fff6cd96000 	C:\WINDOWS\SYSTEM32\dhcpcsvc6.DLL
0x00007fff6d3a0000 - 0x00007fff6d3ba000 	C:\WINDOWS\SYSTEM32\dhcpcsvc.DLL
0x00007fff62a20000 - 0x00007fff62ba9000 	C:\WINDOWS\SYSTEM32\dbghelp.dll

VM Arguments:
jvm_args: -Dcom.sun.management.jmxremote -Dcom.sun.management.jmxremote.port=64684 -Dcom.sun.management.jmxremote.authenticate=false -Dcom.sun.management.jmxremote.ssl=false -Djava.rmi.server.hostname=localhost -Dspring.jmx.enabled=true -Dspring.application.admin.enabled=true -Xverify:none -XX:TieredStopAtLevel=1 -Dfile.encoding=UTF-8 
java_command: com.javainuse.SpringBootHelloWorldApplication --spring.output.ansi.enabled=always
java_class_path (initial): C:\Users\DELL\Desktop\spring-boot-jwt-JPA\spring-boot-jwt-JPA\target\classes;C:\Users\DELL\.m2\repository\javax\annotation\javax.annotation-api\1.3.2\javax.annotation-api-1.3.2.jar;C:\Users\DELL\.m2\repository\javax\validation\validation-api\2.0.1.Final\validation-api-2.0.1.Final.jar;C:\Users\DELL\.m2\repository\javax\transaction\javax.transaction-api\1.3\javax.transaction-api-1.3.jar;C:\Users\DELL\.m2\repository\javax\xml\bind\jaxb-api\2.3.1\jaxb-api-2.3.1.jar;C:\Users\DELL\.m2\repository\javax\activation\javax.activation-api\1.2.0\javax.activation-api-1.2.0.jar;C:\Users\DELL\.m2\repository\javax\persistence\javax.persistence-api\2.2\javax.persistence-api-2.2.jar;C:\Users\DELL\.m2\repository\org\springframework\boot\spring-boot-starter-web\2.1.1.RELEASE\spring-boot-starter-web-2.1.1.RELEASE.jar;C:\Users\DELL\.m2\repository\org\springframework\boot\spring-boot-starter\2.1.1.RELEASE\spring-boot-starter-2.1.1.RELEASE.jar;C:\Users\DELL\.m2\repository\org\springframework\boot\spring-boot\2.1.1.RELEASE\spring-boot-2.1.1.RELEASE.jar;C:\Users\DELL\.m2\repository\org\springframework\spring-core\5.1.3.RELEASE\spring-core-5.1.3.RELEASE.jar;C:\Users\DELL\.m2\repository\org\springframework\spring-jcl\5.1.3.RELEASE\spring-jcl-5.1.3.RELEASE.jar;C:\Users\DELL\.m2\repository\org\springframework\spring-context\5.1.3.RELEASE\spring-context-5.1.3.RELEASE.jar;C:\Users\DELL\.m2\repository\org\springframework\spring-aop\5.1.3.RELEASE\spring-aop-5.1.3.RELEASE.jar;C:\Users\DELL\.m2\repository\org\springframework\spring-beans\5.1.3.RELEASE\spring-beans-5.1.3.RELEASE.jar;C:\Users\DELL\.m2\repository\org\springframework\spring-expression\5.1.3.RELEASE\spring-expression-5.1.3.RELEASE.jar;C:\Users\DELL\.m2\repository\org\springframework\boot\spring-boot-autoconfigure\2.1.1.RELEASE\spring-boot-autoconfigure-2.1.1.RELEASE.jar;C:\Users\DELL\.m2\repository\org\springframework\boot\spring-boot-starter-logging\2.1.1.RELEASE\spring-boot-starter-logging-2.1.1.RELEASE.jar;C:
Launcher Type: SUN_STANDARD

Logging:
Log output configuration:
#0: stdout all=warning uptime,level,tags
#1: stderr all=off uptime,level,tags

Environment Variables:
JAVA_HOME=C:\Program Files\Java\jdk1.8.0_51
CLASSPATH=C:\Program Files\Java\jdk1.8.0_161\bin
PATH=C:/Program Files/Java/jre1.8.0_161/bin/server;C:/Program Files/Java/jre1.8.0_161/bin;C:/Program Files/Java/jre1.8.0_161/lib/amd64;C:\MinGW\bin;C:\MinGW\libexec\gcc\x86_64-w64-mingw32\7.3.0;C:\MinGW\libexec\gcc\x86_64-pc-mingw32\6.1.0;C:\app\Avinash\product\12.1.0\dbhome_2\bin;C:\ProgramData\Oracle\Java\javapath;c:\Program Files (x86)\Intel\iCLS Client\;c:\Program Files\Intel\iCLS Client\;C:\WINDOWS\system32;C:\WINDOWS;C:\WINDOWS\System32\Wbem;C:\WINDOWS\System32\WindowsPowerShell\v1.0\;C:\Program Files\Intel\Intel(R) Management Engine Components\DAL;C:\Program Files\Intel\Intel(R) Management Engine Components\IPT;C:\Program Files (x86)\Intel\Intel(R) Management Engine Components\DAL;C:\Program Files (x86)\Intel\Intel(R) Management Engine Components\IPT;c:\Program Files (x86)\ATI Technologies\ATI.ACE\Core-Static;C:\Program Files\Intel\WiFi\bin\;C:\Program Files\Common Files\Intel\WirelessCommon\;C:\Program Files\Java\jdk1.8.0_51\bin;C:\Program Files\Java\jdk1.8.0_101\bin;C:\Program Files\Java\jre1.8.0_101\bin;C:\Program Files\MySQL\MySQL Server 5.5\bin;%OPENCV_DIR%\bin;C:\Program Files\Git\cmd;C:\Program Files (x86)\Yarn\bin\;C:\PostgreSQL\pg11\bin;C:\Program Files\nodejs\;C:\Program Files\Microsoft VS Code\bin;C:\Users\DELL\AppData\Local\Programs\Python\Python37-32\Scripts\;C:\Users\DELL\AppData\Local\Programs\Python\Python37-32\;C:\Program Files\Java\jdk1.8.0_161\bin;C:\Users\DELL\AppData\Local\Yarn\bin;C:\Users\DELL\AppData\Roaming\npm;C:\Program Files\heroku\bin;C:\Users\DELL\Desktop\spring-tool-suite-4-4.2.1.RELEASE-e4.11.0-win32.win32.x86_64\sts-4.2.1.RELEASE;
USERNAME=Avinash
OS=Windows_NT
PROCESSOR_IDENTIFIER=Intel64 Family 6 Model 69 Stepping 1, GenuineIntel



---------------  S Y S T E M  ---------------

OS: Windows 8.1 , 64 bit Build 9600 (6.3.9600.19358)

CPU:total 4 (initial active 4) (2 cores per cpu, 2 threads per core) family 6 model 69 stepping 1, cmov, cx8, fxsr, mmx, sse, sse2, sse3, ssse3, sse4.1, sse4.2, popcnt, avx, avx2, aes, clmul, erms, lzcnt, ht, tsc, tscinvbit, bmi1, bmi2, fma

Memory: 4k page, physical 8266712k(1552196k free), swap 19869712k(3515844k free)

vm_info: Java HotSpot(TM) 64-Bit Server VM (9.0.4+11) for windows-amd64 JRE (9.0.4+11), built on Dec 20 2017 02:18:54 by "mach5one" with MS VC++ 12.0 (VS2013)

END.
