#
# A fatal error has been detected by the Java Runtime Environment:
#
#  EXCEPTION_ACCESS_VIOLATION (0xc0000005) at pc=0x000000005222b2d6, pid=3732, tid=7160
#
# JRE version: Java(TM) SE Runtime Environment (9.0+11) (build 9.0.4+11)
# Java VM: Java HotSpot(TM) 64-Bit Server VM (9.0.4+11, mixed mode, tiered, compressed oops, g1 gc, windows-amd64)
# Problematic frame:
# V  [jvm.dll+0x60b2d6]
#
# No core dump will be written. Minidumps are not enabled by default on client versions of Windows
#
# If you would like to submit a bug report, please visit:
#   http://bugreport.java.com/bugreport/crash.jsp
#

---------------  S U M M A R Y ------------

Command Line: -Dcom.sun.management.jmxremote -Dcom.sun.management.jmxremote.port=65431 -Dcom.sun.management.jmxremote.authenticate=false -Dcom.sun.management.jmxremote.ssl=false -Djava.rmi.server.hostname=localhost -Dspring.jmx.enabled=true -Dspring.application.admin.enabled=true -Xverify:none -XX:TieredStopAtLevel=1 -Dfile.encoding=UTF-8 com.fyle.assignment.SpringBootHelloWorldApplication --spring.output.ansi.enabled=always

Host: Intel(R) Core(TM) i5-4210U CPU @ 1.70GHz, 4 cores, 7G,  Windows 8.1 , 64 bit Build 9600 (6.3.9600.19358)
Time: Fri Jul 12 15:45:20 2019 India Standard Time elapsed time: 1 seconds (0d 0h 0m 1s)

---------------  T H R E A D  ---------------

Current thread (0x000000e083207800):  WatcherThread [stack: 0x000000e084560000,0x000000e084660000] [id=7160]

Stack: [0x000000e084560000,0x000000e084660000],  sp=0x000000e08465f3e0,  free space=1020k
Native frames: (J=compiled Java code, j=interpreted, Vv=VM code, C=native code)
V  [jvm.dll+0x60b2d6]
V  [jvm.dll+0x64833d]
V  [jvm.dll+0x66a936]
V  [jvm.dll+0x586490]
C  [msvcr120.dll+0x24f7f]
C  [msvcr120.dll+0x25126]
C  [KERNEL32.DLL+0x13f2]
C  [ntdll.dll+0x154f4]


siginfo: EXCEPTION_ACCESS_VIOLATION (0xc0000005), reading address 0x0000000800000007


Register to memory mapping:

RIP=0x000000005222b2d6 jvm.dll
RAX=0x0000000800000007 is an unknown value
RBX=0x0000000000000000 is an unknown value
RCX=0x000000e0831fc9c0 is an unknown value
RDX=0x0000000000000033 is an unknown value
RSP=0x000000e08465f3e0 is an unknown value
RBP=0x0000000000000003 is an unknown value
RSI=0x000000e083204940 is an unknown value
RDI=0x0000000000000001 is an unknown value
R8 =0x0000000000000031 is an unknown value
R9 =0x000000e0ffdc4500 is an unknown value
R10=0x0000000000000000 is an unknown value
R11=0x0000000000000287 is an unknown value
R12=0x0000000000000000 is an unknown value
R13=0x0000000000000000 is an unknown value
R14=0x0000000000000002 is an unknown value
R15=0x0000000000000000 is an unknown value


Registers:
RAX=0x0000000800000007, RBX=0x0000000000000000, RCX=0x000000e0831fc9c0, RDX=0x0000000000000033
RSP=0x000000e08465f3e0, RBP=0x0000000000000003, RSI=0x000000e083204940, RDI=0x0000000000000001
R8 =0x0000000000000031, R9 =0x000000e0ffdc4500, R10=0x0000000000000000, R11=0x0000000000000287
R12=0x0000000000000000, R13=0x0000000000000000, R14=0x0000000000000002, R15=0x0000000000000000
RIP=0x000000005222b2d6, EFLAGS=0x0000000000010246

Top of Stack: (sp=0x000000e08465f3e0)
0x000000e08465f3e0:   0000000000000000 000000e083207800
0x000000e08465f3f0:   000000e0fefa8de0 000000e08465f760
0x000000e08465f400:   0000000052597b28 000000005226833d
0x000000e08465f410:   000000e0e0d0e7b0 000000e0e0d0e7b0
0x000000e08465f420:   0000000000000000 0000000000000000
0x000000e08465f430:   0000000000000000 0000000000000000
0x000000e08465f440:   0000000000000002 000000005228a936
0x000000e08465f450:   000000e08465f760 000000e0fefa8de0
0x000000e08465f460:   000000e083207800 0000000000000000
0x000000e08465f470:   0000000000000000 00007fff75c454c0
0x000000e08465f480:   000000000000027f 0000000000000000
0x000000e08465f490:   0000000000000000 0000ffff00001f80
0x000000e08465f4a0:   0000000000000000 0000000000000000
0x000000e08465f4b0:   000000e0fefa8de0 00000000521a6490
0x000000e08465f4c0:   00000000000075a3 000000e083207800
0x000000e08465f4d0:   0000000000000000 0000000000000000 

Instructions: (pc=0x000000005222b2d6)
0x000000005222b2b6:   cc cc cc cc cc cc cc cc cc cc 48 89 5c 24 10 56
0x000000005222b2c6:   48 83 ec 20 48 8b 35 e7 79 36 00 33 db 48 8b 06
0x000000005222b2d6:   39 18 7e 26 48 89 7c 24 30 8b fb 48 8b 40 18 48
0x000000005222b2e6:   8b 0c 07 48 8b 01 ff 10 48 8b 06 ff c3 48 8d 7f 



---------------  P R O C E S S  ---------------

Java Threads: ( => current thread )
  0x000000e083212000 JavaThread "RMI TCP Accept-0" daemon [_thread_in_native, id=10248, stack(0x000000e084460000,0x000000e084560000)]
  0x000000e083204000 JavaThread "RMI TCP Accept-65431" daemon [_thread_in_native, id=9860, stack(0x000000e084360000,0x000000e084460000)]
  0x000000e0831df000 JavaThread "RMI TCP Accept-0" daemon [_thread_in_native, id=10756, stack(0x000000e084260000,0x000000e084360000)]
  0x000000e0ffdc6000 JavaThread "Service Thread" daemon [_thread_blocked, id=5448, stack(0x000000e0823f0000,0x000000e0824f0000)]
  0x000000e0ff099000 JavaThread "Common-Cleaner" daemon [_thread_blocked, id=12080, stack(0x000000e0ffa90000,0x000000e0ffb90000)]
  0x000000e0fefc4000 JavaThread "Sweeper thread" daemon [_thread_blocked, id=12168, stack(0x000000e0ff990000,0x000000e0ffa90000)]
  0x000000e0fefc3800 JavaThread "C1 CompilerThread2" daemon [_thread_blocked, id=3920, stack(0x000000e0ff890000,0x000000e0ff990000)]
  0x000000e0fefb7000 JavaThread "C1 CompilerThread1" daemon [_thread_blocked, id=10188, stack(0x000000e0ff790000,0x000000e0ff890000)]
  0x000000e0fefb2000 JavaThread "C1 CompilerThread0" daemon [_thread_blocked, id=3112, stack(0x000000e0ff690000,0x000000e0ff790000)]
  0x000000e0fefb1000 JavaThread "Attach Listener" daemon [_thread_blocked, id=9752, stack(0x000000e0ff590000,0x000000e0ff690000)]
  0x000000e0fefb0000 JavaThread "Signal Dispatcher" daemon [_thread_blocked, id=10004, stack(0x000000e0ff490000,0x000000e0ff590000)]
  0x000000e0fefa1000 JavaThread "Finalizer" daemon [_thread_blocked, id=9628, stack(0x000000e0ff2b0000,0x000000e0ff3b0000)]
  0x000000e0fef6f800 JavaThread "Reference Handler" daemon [_thread_blocked, id=10364, stack(0x000000e0ff1b0000,0x000000e0ff2b0000)]
  0x000000e0e0d10800 JavaThread "main" [_thread_in_vm, id=9176, stack(0x000000e0e24e0000,0x000000e0e25e0000)]

Other Threads:
  0x000000e0fef97800 VMThread "VM Thread" [stack: 0x000000e0ff0b0000,0x000000e0ff1b0000] [id=876]
=>0x000000e083207800 WatcherThread [stack: 0x000000e084560000,0x000000e084660000] [id=7160]
  0x000000e0e0d29000 GCTaskThread "GC Thread#0" [stack: 0x000000e0f8300000,0x000000e0f8400000] [id=11740]
  0x000000e0e0d2a800 GCTaskThread "GC Thread#1" [stack: 0x000000e0f8400000,0x000000e0f8500000] [id=9640]
  0x000000e0e0d2c800 GCTaskThread "GC Thread#2" [stack: 0x000000e0f8500000,0x000000e0f8600000] [id=11808]
  0x000000e0e0d35800 GCTaskThread "GC Thread#3" [stack: 0x000000e0f8600000,0x000000e0f8700000] [id=6708]
  0x000000e0e0dae800 ConcurrentGCThread "G1 Main Marker" [stack: 0x000000e0fdf60000,0x000000e0fe060000] [id=6336]
  0x000000e0e0d36000 ConcurrentGCThread "G1 Marker#0" [stack: 0x000000e0fe060000,0x000000e0fe160000] [id=6988]
  0x000000e0e0d46800 ConcurrentGCThread "G1 Refine#0" [stack: 0x000000e0f8e40000,0x000000e0f8f40000] [id=12020]
  0x000000e0e0d44800 ConcurrentGCThread "G1 Refine#1" [stack: 0x000000e0f8d40000,0x000000e0f8e40000] [id=10520]
  0x000000e0e0d40800 ConcurrentGCThread "G1 Refine#2" [stack: 0x000000e0f8c40000,0x000000e0f8d40000] [id=952]
  0x000000e0e0d3f800 ConcurrentGCThread "G1 Refine#3" [stack: 0x000000e0f8b40000,0x000000e0f8c40000] [id=10820]
  0x000000e0e0d48000 ConcurrentGCThread "G1 Young RemSet Sampling" [stack: 0x000000e0f8f40000,0x000000e0f9040000] [id=11704]

Threads with active compile tasks:

VM state:not at safepoint (normal execution)

VM Mutex/Monitor currently owned by a thread:  ([mutex/lock_event])
[0x000000e0e0d0e7b0] PeriodicTask_lock - owner thread: 0x000000e083207800

Heap address: 0x0000000081c00000, size: 2020 MB, Compressed Oops mode: 32-bit
Narrow klass base: 0x0000000000000000, Narrow klass shift: 3
Compressed class space size: 1073741824 Address: 0x0000000100000000

Heap:
 garbage-first heap   total 131072K, used 33063K [0x0000000081c00000, 0x0000000081d00400, 0x0000000100000000)
  region size 1024K, 17 young (17408K), 2 survivors (2048K)
 Metaspace       used 10928K, capacity 11484K, committed 11776K, reserved 1058816K
  class space    used 1317K, capacity 1452K, committed 1536K, reserved 1048576K
Heap Regions: E=young(eden), S=young(survivor), O=old, HS=humongous(starts), HC=humongous(continues), CS=collection set, F=free, A=archive, TS=gc time stamp, AC=allocation context, TAMS=top-at-mark-start (previous, next)
|   0|0x0000000081c00000, 0x0000000081d00000, 0x0000000081d00000|100%|HS|  |TS  0|AC  0|TAMS 0x0000000081c00000, 0x0000000081c00000|
|   1|0x0000000081d00000, 0x0000000081e00000, 0x0000000081e00000|100%| O|  |TS  1|AC  0|TAMS 0x0000000081d00000, 0x0000000081d00000|
|   2|0x0000000081e00000, 0x0000000081f00000, 0x0000000081f00000|100%| O|  |TS  1|AC  0|TAMS 0x0000000081e00000, 0x0000000081e00000|
|   3|0x0000000081f00000, 0x0000000082000000, 0x0000000082000000|100%| O|  |TS  1|AC  0|TAMS 0x0000000081f00000, 0x0000000081f00000|
|   4|0x0000000082000000, 0x0000000082100000, 0x0000000082100000|100%| O|  |TS  1|AC  0|TAMS 0x0000000082000000, 0x0000000082000000|
|   5|0x0000000082100000, 0x0000000082200000, 0x0000000082200000|100%| O|  |TS  1|AC  0|TAMS 0x0000000082100000, 0x0000000082100000|
|   6|0x0000000082200000, 0x0000000082300000, 0x0000000082300000|100%| O|  |TS  1|AC  0|TAMS 0x0000000082200000, 0x0000000082200000|
|   7|0x0000000082300000, 0x0000000082400000, 0x0000000082400000|100%| O|  |TS  3|AC  0|TAMS 0x0000000082300000, 0x0000000082300000|
|   8|0x0000000082400000, 0x0000000082500000, 0x0000000082500000|100%|HS|  |TS  0|AC  0|TAMS 0x0000000082400000, 0x0000000082400000|
|   9|0x0000000082500000, 0x0000000082600000, 0x0000000082600000|100%| O|  |TS  3|AC  0|TAMS 0x0000000082500000, 0x0000000082500000|
|  10|0x0000000082600000, 0x0000000082700000, 0x0000000082700000|100%| O|  |TS  3|AC  0|TAMS 0x0000000082600000, 0x0000000082600000|
|  11|0x0000000082700000, 0x0000000082800000, 0x0000000082800000|100%| O|  |TS  3|AC  0|TAMS 0x0000000082700000, 0x0000000082700000|
|  12|0x0000000082800000, 0x0000000082900000, 0x0000000082900000|100%| O|  |TS  3|AC  0|TAMS 0x0000000082800000, 0x0000000082800000|
|  13|0x0000000082900000, 0x0000000082a00000, 0x0000000082a00000|100%| O|  |TS  3|AC  0|TAMS 0x0000000082900000, 0x0000000082900000|
|  14|0x0000000082a00000, 0x0000000082b00000, 0x0000000082b00000|100%| O|  |TS  3|AC  0|TAMS 0x0000000082a00000, 0x0000000082a00000|
|  15|0x0000000082b00000, 0x0000000082c00000, 0x0000000082c00000|100%| O|  |TS  3|AC  0|TAMS 0x0000000082b00000, 0x0000000082b00000|
|  16|0x0000000082c00000, 0x0000000082c49e00, 0x0000000082d00000| 28%| O|  |TS  3|AC  0|TAMS 0x0000000082c00000, 0x0000000082c00000|
|  17|0x0000000082d00000, 0x0000000082d00000, 0x0000000082e00000|  0%| F|  |TS  0|AC  0|TAMS 0x0000000082d00000, 0x0000000082d00000|
|  18|0x0000000082e00000, 0x0000000082e00000, 0x0000000082f00000|  0%| F|  |TS  0|AC  0|TAMS 0x0000000082e00000, 0x0000000082e00000|
|  19|0x0000000082f00000, 0x0000000082f00000, 0x0000000083000000|  0%| F|  |TS  0|AC  0|TAMS 0x0000000082f00000, 0x0000000082f00000|
|  20|0x0000000083000000, 0x0000000083000000, 0x0000000083100000|  0%| F|  |TS  0|AC  0|TAMS 0x0000000083000000, 0x0000000083000000|
|  21|0x0000000083100000, 0x0000000083100000, 0x0000000083200000|  0%| F|  |TS  0|AC  0|TAMS 0x0000000083100000, 0x0000000083100000|
|  22|0x0000000083200000, 0x0000000083200000, 0x0000000083300000|  0%| F|  |TS  0|AC  0|TAMS 0x0000000083200000, 0x0000000083200000|
|  23|0x0000000083300000, 0x0000000083300000, 0x0000000083400000|  0%| F|  |TS  0|AC  0|TAMS 0x0000000083300000, 0x0000000083300000|
|  24|0x0000000083400000, 0x0000000083400000, 0x0000000083500000|  0%| F|  |TS  0|AC  0|TAMS 0x0000000083400000, 0x0000000083400000|
|  25|0x0000000083500000, 0x0000000083500000, 0x0000000083600000|  0%| F|  |TS  0|AC  0|TAMS 0x0000000083500000, 0x0000000083500000|
|  26|0x0000000083600000, 0x0000000083600000, 0x0000000083700000|  0%| F|  |TS  0|AC  0|TAMS 0x0000000083600000, 0x0000000083600000|
|  27|0x0000000083700000, 0x0000000083700000, 0x0000000083800000|  0%| F|  |TS  0|AC  0|TAMS 0x0000000083700000, 0x0000000083700000|
|  28|0x0000000083800000, 0x0000000083800000, 0x0000000083900000|  0%| F|  |TS  0|AC  0|TAMS 0x0000000083800000, 0x0000000083800000|
|  29|0x0000000083900000, 0x0000000083900000, 0x0000000083a00000|  0%| F|  |TS  0|AC  0|TAMS 0x0000000083900000, 0x0000000083900000|
|  30|0x0000000083a00000, 0x0000000083a00000, 0x0000000083b00000|  0%| F|  |TS  0|AC  0|TAMS 0x0000000083a00000, 0x0000000083a00000|
|  31|0x0000000083b00000, 0x0000000083b00000, 0x0000000083c00000|  0%| F|  |TS  0|AC  0|TAMS 0x0000000083b00000, 0x0000000083b00000|
|  32|0x0000000083c00000, 0x0000000083c00000, 0x0000000083d00000|  0%| F|  |TS  0|AC  0|TAMS 0x0000000083c00000, 0x0000000083c00000|
|  33|0x0000000083d00000, 0x0000000083d00000, 0x0000000083e00000|  0%| F|  |TS  0|AC  0|TAMS 0x0000000083d00000, 0x0000000083d00000|
|  34|0x0000000083e00000, 0x0000000083e00000, 0x0000000083f00000|  0%| F|  |TS  0|AC  0|TAMS 0x0000000083e00000, 0x0000000083e00000|
|  35|0x0000000083f00000, 0x0000000083f00000, 0x0000000084000000|  0%| F|  |TS  0|AC  0|TAMS 0x0000000083f00000, 0x0000000083f00000|
|  36|0x0000000084000000, 0x0000000084000000, 0x0000000084100000|  0%| F|  |TS  0|AC  0|TAMS 0x0000000084000000, 0x0000000084000000|
|  37|0x0000000084100000, 0x0000000084100000, 0x0000000084200000|  0%| F|  |TS  0|AC  0|TAMS 0x0000000084100000, 0x0000000084100000|
|  38|0x0000000084200000, 0x0000000084200000, 0x0000000084300000|  0%| F|  |TS  0|AC  0|TAMS 0x0000000084200000, 0x0000000084200000|
|  39|0x0000000084300000, 0x0000000084300000, 0x0000000084400000|  0%| F|  |TS  0|AC  0|TAMS 0x0000000084300000, 0x0000000084300000|
|  40|0x0000000084400000, 0x0000000084400000, 0x0000000084500000|  0%| F|  |TS  0|AC  0|TAMS 0x0000000084400000, 0x0000000084400000|
|  41|0x0000000084500000, 0x0000000084500000, 0x0000000084600000|  0%| F|  |TS  0|AC  0|TAMS 0x0000000084500000, 0x0000000084500000|
|  42|0x0000000084600000, 0x0000000084600000, 0x0000000084700000|  0%| F|  |TS  0|AC  0|TAMS 0x0000000084600000, 0x0000000084600000|
|  43|0x0000000084700000, 0x0000000084700000, 0x0000000084800000|  0%| F|  |TS  0|AC  0|TAMS 0x0000000084700000, 0x0000000084700000|
|  44|0x0000000084800000, 0x0000000084800000, 0x0000000084900000|  0%| F|  |TS  0|AC  0|TAMS 0x0000000084800000, 0x0000000084800000|
|  45|0x0000000084900000, 0x0000000084900000, 0x0000000084a00000|  0%| F|  |TS  0|AC  0|TAMS 0x0000000084900000, 0x0000000084900000|
|  46|0x0000000084a00000, 0x0000000084a00000, 0x0000000084b00000|  0%| F|  |TS  0|AC  0|TAMS 0x0000000084a00000, 0x0000000084a00000|
|  47|0x0000000084b00000, 0x0000000084b00000, 0x0000000084c00000|  0%| F|  |TS  0|AC  0|TAMS 0x0000000084b00000, 0x0000000084b00000|
|  48|0x0000000084c00000, 0x0000000084c00000, 0x0000000084d00000|  0%| F|  |TS  0|AC  0|TAMS 0x0000000084c00000, 0x0000000084c00000|
|  49|0x0000000084d00000, 0x0000000084d00000, 0x0000000084e00000|  0%| F|  |TS  0|AC  0|TAMS 0x0000000084d00000, 0x0000000084d00000|
|  50|0x0000000084e00000, 0x0000000084e00000, 0x0000000084f00000|  0%| F|  |TS  0|AC  0|TAMS 0x0000000084e00000, 0x0000000084e00000|
|  51|0x0000000084f00000, 0x0000000084f00000, 0x0000000085000000|  0%| F|  |TS  0|AC  0|TAMS 0x0000000084f00000, 0x0000000084f00000|
|  52|0x0000000085000000, 0x0000000085000000, 0x0000000085100000|  0%| F|  |TS  0|AC  0|TAMS 0x0000000085000000, 0x0000000085000000|
|  53|0x0000000085100000, 0x0000000085100000, 0x0000000085200000|  0%| F|  |TS  0|AC  0|TAMS 0x0000000085100000, 0x0000000085100000|
|  54|0x0000000085200000, 0x0000000085200000, 0x0000000085300000|  0%| F|  |TS  0|AC  0|TAMS 0x0000000085200000, 0x0000000085200000|
|  55|0x0000000085300000, 0x0000000085300000, 0x0000000085400000|  0%| F|  |TS  0|AC  0|TAMS 0x0000000085300000, 0x0000000085300000|
|  56|0x0000000085400000, 0x0000000085400000, 0x0000000085500000|  0%| F|  |TS  0|AC  0|TAMS 0x0000000085400000, 0x0000000085400000|
|  57|0x0000000085500000, 0x0000000085500000, 0x0000000085600000|  0%| F|  |TS  0|AC  0|TAMS 0x0000000085500000, 0x0000000085500000|
|  58|0x0000000085600000, 0x0000000085600000, 0x0000000085700000|  0%| F|  |TS  0|AC  0|TAMS 0x0000000085600000, 0x0000000085600000|
|  59|0x0000000085700000, 0x0000000085700000, 0x0000000085800000|  0%| F|  |TS  0|AC  0|TAMS 0x0000000085700000, 0x0000000085700000|
|  60|0x0000000085800000, 0x0000000085800000, 0x0000000085900000|  0%| F|  |TS  0|AC  0|TAMS 0x0000000085800000, 0x0000000085800000|
|  61|0x0000000085900000, 0x0000000085900000, 0x0000000085a00000|  0%| F|  |TS  0|AC  0|TAMS 0x0000000085900000, 0x0000000085900000|
|  62|0x0000000085a00000, 0x0000000085a00000, 0x0000000085b00000|  0%| F|  |TS  0|AC  0|TAMS 0x0000000085a00000, 0x0000000085a00000|
|  63|0x0000000085b00000, 0x0000000085b00000, 0x0000000085c00000|  0%| F|  |TS  0|AC  0|TAMS 0x0000000085b00000, 0x0000000085b00000|
|  64|0x0000000085c00000, 0x0000000085c00000, 0x0000000085d00000|  0%| F|  |TS  0|AC  0|TAMS 0x0000000085c00000, 0x0000000085c00000|
|  65|0x0000000085d00000, 0x0000000085d00000, 0x0000000085e00000|  0%| F|  |TS  0|AC  0|TAMS 0x0000000085d00000, 0x0000000085d00000|
|  66|0x0000000085e00000, 0x0000000085e00000, 0x0000000085f00000|  0%| F|  |TS  0|AC  0|TAMS 0x0000000085e00000, 0x0000000085e00000|
|  67|0x0000000085f00000, 0x0000000085f00000, 0x0000000086000000|  0%| F|  |TS  0|AC  0|TAMS 0x0000000085f00000, 0x0000000085f00000|
|  68|0x0000000086000000, 0x0000000086000000, 0x0000000086100000|  0%| F|  |TS  0|AC  0|TAMS 0x0000000086000000, 0x0000000086000000|
|  69|0x0000000086100000, 0x0000000086100000, 0x0000000086200000|  0%| F|  |TS  0|AC  0|TAMS 0x0000000086100000, 0x0000000086100000|
|  70|0x0000000086200000, 0x0000000086200000, 0x0000000086300000|  0%| F|  |TS  0|AC  0|TAMS 0x0000000086200000, 0x0000000086200000|
|  71|0x0000000086300000, 0x0000000086300000, 0x0000000086400000|  0%| F|  |TS  0|AC  0|TAMS 0x0000000086300000, 0x0000000086300000|
|  72|0x0000000086400000, 0x0000000086400000, 0x0000000086500000|  0%| F|  |TS  0|AC  0|TAMS 0x0000000086400000, 0x0000000086400000|
|  73|0x0000000086500000, 0x0000000086500000, 0x0000000086600000|  0%| F|  |TS  0|AC  0|TAMS 0x0000000086500000, 0x0000000086500000|
|  74|0x0000000086600000, 0x0000000086600000, 0x0000000086700000|  0%| F|  |TS  0|AC  0|TAMS 0x0000000086600000, 0x0000000086600000|
|  75|0x0000000086700000, 0x0000000086700000, 0x0000000086800000|  0%| F|  |TS  0|AC  0|TAMS 0x0000000086700000, 0x0000000086700000|
|  76|0x0000000086800000, 0x0000000086800000, 0x0000000086900000|  0%| F|  |TS  0|AC  0|TAMS 0x0000000086800000, 0x0000000086800000|
|  77|0x0000000086900000, 0x0000000086900000, 0x0000000086a00000|  0%| F|  |TS  0|AC  0|TAMS 0x0000000086900000, 0x0000000086900000|
|  78|0x0000000086a00000, 0x0000000086a00000, 0x0000000086b00000|  0%| F|  |TS  0|AC  0|TAMS 0x0000000086a00000, 0x0000000086a00000|
|  79|0x0000000086b00000, 0x0000000086b00000, 0x0000000086c00000|  0%| F|  |TS  0|AC  0|TAMS 0x0000000086b00000, 0x0000000086b00000|
|  80|0x0000000086c00000, 0x0000000086c00000, 0x0000000086d00000|  0%| F|  |TS  0|AC  0|TAMS 0x0000000086c00000, 0x0000000086c00000|
|  81|0x0000000086d00000, 0x0000000086d00000, 0x0000000086e00000|  0%| F|  |TS  0|AC  0|TAMS 0x0000000086d00000, 0x0000000086d00000|
|  82|0x0000000086e00000, 0x0000000086e00000, 0x0000000086f00000|  0%| F|  |TS  0|AC  0|TAMS 0x0000000086e00000, 0x0000000086e00000|
|  83|0x0000000086f00000, 0x0000000086f00000, 0x0000000087000000|  0%| F|  |TS  0|AC  0|TAMS 0x0000000086f00000, 0x0000000086f00000|
|  84|0x0000000087000000, 0x0000000087000000, 0x0000000087100000|  0%| F|  |TS  0|AC  0|TAMS 0x0000000087000000, 0x0000000087000000|
|  85|0x0000000087100000, 0x0000000087100000, 0x0000000087200000|  0%| F|  |TS  0|AC  0|TAMS 0x0000000087100000, 0x0000000087100000|
|  86|0x0000000087200000, 0x0000000087200000, 0x0000000087300000|  0%| F|  |TS  0|AC  0|TAMS 0x0000000087200000, 0x0000000087200000|
|  87|0x0000000087300000, 0x0000000087300000, 0x0000000087400000|  0%| F|  |TS  0|AC  0|TAMS 0x0000000087300000, 0x0000000087300000|
|  88|0x0000000087400000, 0x0000000087400000, 0x0000000087500000|  0%| F|  |TS  0|AC  0|TAMS 0x0000000087400000, 0x0000000087400000|
|  89|0x0000000087500000, 0x0000000087500000, 0x0000000087600000|  0%| F|  |TS  0|AC  0|TAMS 0x0000000087500000, 0x0000000087500000|
|  90|0x0000000087600000, 0x0000000087600000, 0x0000000087700000|  0%| F|  |TS  0|AC  0|TAMS 0x0000000087600000, 0x0000000087600000|
|  91|0x0000000087700000, 0x0000000087700000, 0x0000000087800000|  0%| F|  |TS  0|AC  0|TAMS 0x0000000087700000, 0x0000000087700000|
|  92|0x0000000087800000, 0x0000000087800000, 0x0000000087900000|  0%| F|  |TS  0|AC  0|TAMS 0x0000000087800000, 0x0000000087800000|
|  93|0x0000000087900000, 0x0000000087900000, 0x0000000087a00000|  0%| F|  |TS  0|AC  0|TAMS 0x0000000087900000, 0x0000000087900000|
|  94|0x0000000087a00000, 0x0000000087a00000, 0x0000000087b00000|  0%| F|  |TS  0|AC  0|TAMS 0x0000000087a00000, 0x0000000087a00000|
|  95|0x0000000087b00000, 0x0000000087b00000, 0x0000000087c00000|  0%| F|  |TS  0|AC  0|TAMS 0x0000000087b00000, 0x0000000087b00000|
|  96|0x0000000087c00000, 0x0000000087c00000, 0x0000000087d00000|  0%| F|  |TS  0|AC  0|TAMS 0x0000000087c00000, 0x0000000087c00000|
|  97|0x0000000087d00000, 0x0000000087d00000, 0x0000000087e00000|  0%| F|  |TS  0|AC  0|TAMS 0x0000000087d00000, 0x0000000087d00000|
|  98|0x0000000087e00000, 0x0000000087e00000, 0x0000000087f00000|  0%| F|  |TS  0|AC  0|TAMS 0x0000000087e00000, 0x0000000087e00000|
|  99|0x0000000087f00000, 0x0000000087f00000, 0x0000000088000000|  0%| F|  |TS  0|AC  0|TAMS 0x0000000087f00000, 0x0000000087f00000|
| 100|0x0000000088000000, 0x0000000088000000, 0x0000000088100000|  0%| F|  |TS  0|AC  0|TAMS 0x0000000088000000, 0x0000000088000000|
| 101|0x0000000088100000, 0x0000000088100000, 0x0000000088200000|  0%| F|  |TS  0|AC  0|TAMS 0x0000000088100000, 0x0000000088100000|
| 102|0x0000000088200000, 0x0000000088200000, 0x0000000088300000|  0%| F|  |TS  0|AC  0|TAMS 0x0000000088200000, 0x0000000088200000|
| 103|0x0000000088300000, 0x0000000088300000, 0x0000000088400000|  0%| F|  |TS  0|AC  0|TAMS 0x0000000088300000, 0x0000000088300000|
| 104|0x0000000088400000, 0x0000000088400000, 0x0000000088500000|  0%| F|  |TS  0|AC  0|TAMS 0x0000000088400000, 0x0000000088400000|
| 105|0x0000000088500000, 0x0000000088500000, 0x0000000088600000|  0%| F|  |TS  0|AC  0|TAMS 0x0000000088500000, 0x0000000088500000|
| 106|0x0000000088600000, 0x0000000088600000, 0x0000000088700000|  0%| F|  |TS  0|AC  0|TAMS 0x0000000088600000, 0x0000000088600000|
| 107|0x0000000088700000, 0x0000000088700000, 0x0000000088800000|  0%| F|  |TS  0|AC  0|TAMS 0x0000000088700000, 0x0000000088700000|
| 108|0x0000000088800000, 0x0000000088800000, 0x0000000088900000|  0%| F|  |TS  0|AC  0|TAMS 0x0000000088800000, 0x0000000088800000|
| 109|0x0000000088900000, 0x0000000088900000, 0x0000000088a00000|  0%| F|  |TS  0|AC  0|TAMS 0x0000000088900000, 0x0000000088900000|
| 110|0x0000000088a00000, 0x0000000088a00000, 0x0000000088b00000|  0%| F|  |TS  0|AC  0|TAMS 0x0000000088a00000, 0x0000000088a00000|
| 111|0x0000000088b00000, 0x0000000088c00000, 0x0000000088c00000|100%| E|  |TS  0|AC  0|TAMS 0x0000000088b00000, 0x0000000088b00000|
| 112|0x0000000088c00000, 0x0000000088d00000, 0x0000000088d00000|100%| E|CS|TS  3|AC  0|TAMS 0x0000000088c00000, 0x0000000088c00000|
| 113|0x0000000088d00000, 0x0000000088e00000, 0x0000000088e00000|100%| E|CS|TS  3|AC  0|TAMS 0x0000000088d00000, 0x0000000088d00000|
| 114|0x0000000088e00000, 0x0000000088f00000, 0x0000000088f00000|100%| E|CS|TS  1|AC  0|TAMS 0x0000000088e00000, 0x0000000088e00000|
| 115|0x0000000088f00000, 0x0000000089000000, 0x0000000089000000|100%| E|CS|TS  1|AC  0|TAMS 0x0000000088f00000, 0x0000000088f00000|
| 116|0x0000000089000000, 0x0000000089100000, 0x0000000089100000|100%| E|CS|TS  1|AC  0|TAMS 0x0000000089000000, 0x0000000089000000|
| 117|0x0000000089100000, 0x0000000089200000, 0x0000000089200000|100%| E|CS|TS  1|AC  0|TAMS 0x0000000089100000, 0x0000000089100000|
| 118|0x0000000089200000, 0x0000000089300000, 0x0000000089300000|100%| S|CS|TS  3|AC  0|TAMS 0x0000000089200000, 0x0000000089200000|
| 119|0x0000000089300000, 0x0000000089400000, 0x0000000089400000|100%| S|CS|TS  3|AC  0|TAMS 0x0000000089300000, 0x0000000089300000|
| 120|0x0000000089400000, 0x0000000089500000, 0x0000000089500000|100%| E|CS|TS  3|AC  0|TAMS 0x0000000089400000, 0x0000000089400000|
| 121|0x0000000089500000, 0x0000000089600000, 0x0000000089600000|100%| E|CS|TS  3|AC  0|TAMS 0x0000000089500000, 0x0000000089500000|
| 122|0x0000000089600000, 0x0000000089700000, 0x0000000089700000|100%| E|CS|TS  3|AC  0|TAMS 0x0000000089600000, 0x0000000089600000|
| 123|0x0000000089700000, 0x0000000089800000, 0x0000000089800000|100%| E|CS|TS  3|AC  0|TAMS 0x0000000089700000, 0x0000000089700000|
| 124|0x0000000089800000, 0x0000000089900000, 0x0000000089900000|100%| E|CS|TS  3|AC  0|TAMS 0x0000000089800000, 0x0000000089800000|
| 125|0x0000000089900000, 0x0000000089a00000, 0x0000000089a00000|100%| E|CS|TS  3|AC  0|TAMS 0x0000000089900000, 0x0000000089900000|
| 126|0x0000000089a00000, 0x0000000089b00000, 0x0000000089b00000|100%| E|CS|TS  3|AC  0|TAMS 0x0000000089a00000, 0x0000000089a00000|
| 127|0x0000000089b00000, 0x0000000089c00000, 0x0000000089c00000|100%| E|CS|TS  3|AC  0|TAMS 0x0000000089b00000, 0x0000000089b00000|

Card table byte_map: [0x000000e0f9840000,0x000000e0f9c40000] byte_map_base: 0x000000e0f9432000

Marking Bits (Prev, Next): (CMBitMap*) 0x000000e0e0dadf10, (CMBitMap*) 0x000000e0e0dadf48
 Prev Bits: [0x000000e0fa040000, 0x000000e0fbfd0000)
 Next Bits: [0x000000e0fbfd0000, 0x000000e0fdf60000)

Polling page: 0x000000e0e0bb0000

CodeHeap 'non-profiled nmethods': size=238912Kb used=1826Kb max_used=1826Kb free=237086Kb
 bounds [0x000000e0e97d0000, 0x000000e0e9a40000, 0x000000e0f8120000]
CodeHeap 'non-nmethods': size=6848Kb used=2370Kb max_used=2370Kb free=4477Kb
 bounds [0x000000e0e9120000, 0x000000e0e9390000, 0x000000e0e97d0000]
 total_blobs=1698 nmethods=1283 adapters=323
 compilation: enabled

Compilation events (10 events):
Event: 1.166 Thread 0x000000e0fefb2000 nmethod 1218 0x000000e0e9980b90 code [0x000000e0e9980dc0, 0x000000e0e99813b0]
Event: 1.166 Thread 0x000000e0fefb7000 1220       1       java.util.jar.Manifest$FastInputStream::readLine (167 bytes)
Event: 1.166 Thread 0x000000e0fefc3800 nmethod 1219 0x000000e0e9981610 code [0x000000e0e9981800, 0x000000e0e9981d60]
Event: 1.167 Thread 0x000000e0fefb7000 nmethod 1220 0x000000e0e9982010 code [0x000000e0e99821e0, 0x000000e0e9982520]
Event: 1.167 Thread 0x000000e0fefb2000 1221       1       java.util.regex.Pattern$Start::match (90 bytes)
Event: 1.167 Thread 0x000000e0fefc3800 1222       1       java.util.regex.Matcher::find (69 bytes)
Event: 1.167 Thread 0x000000e0fefb7000 1223       1       java.util.regex.Pattern$BmpCharProperty::match (55 bytes)
Event: 1.167 Thread 0x000000e0fefb2000 nmethod 1221 0x000000e0e9982710 code [0x000000e0e99828c0, 0x000000e0e9982b10]
Event: 1.168 Thread 0x000000e0fefc3800 nmethod 1222 0x000000e0e9982c90 code [0x000000e0e9982e40, 0x000000e0e9982ff0]
Event: 1.168 Thread 0x000000e0fefb7000 nmethod 1223 0x000000e0e9983110 code [0x000000e0e99832e0, 0x000000e0e99834f0]

GC Heap History (4 events):
Event: 0.586 GC heap before
{Heap before GC invocations=0 (full 0):
 garbage-first heap   total 131072K, used 15360K [0x0000000081c00000, 0x0000000081d00400, 0x0000000100000000)
  region size 1024K, 14 young (14336K), 0 survivors (0K)
 Metaspace       used 4927K, capacity 4938K, committed 5120K, reserved 1056768K
  class space    used 491K, capacity 495K, committed 512K, reserved 1048576K
}
Event: 0.594 GC heap after
{Heap after GC invocations=1 (full 0):
 garbage-first heap   total 131072K, used 9826K [0x0000000081c00000, 0x0000000081d00400, 0x0000000100000000)
  region size 1024K, 2 young (2048K), 2 survivors (2048K)
 Metaspace       used 4927K, capacity 4938K, committed 5120K, reserved 1056768K
  class space    used 491K, capacity 495K, committed 512K, reserved 1048576K
}
Event: 0.657 GC heap before
{Heap before GC invocations=1 (full 0):
 garbage-first heap   total 131072K, used 19042K [0x0000000081c00000, 0x0000000081d00400, 0x0000000100000000)
  region size 1024K, 10 young (10240K), 2 survivors (2048K)
 Metaspace       used 4933K, capacity 5002K, committed 5120K, reserved 1056768K
  class space    used 491K, capacity 495K, committed 512K, reserved 1048576K
}
Event: 0.662 GC heap after
{Heap after GC invocations=2 (full 0):
 garbage-first heap   total 131072K, used 18727K [0x0000000081c00000, 0x0000000081d00400, 0x0000000100000000)
  region size 1024K, 2 young (2048K), 2 survivors (2048K)
 Metaspace       used 4933K, capacity 5002K, committed 5120K, reserved 1056768K
  class space    used 491K, capacity 495K, committed 512K, reserved 1048576K
}

Deoptimization events (0 events):
No events

Classes redefined (0 events):
No events

Internal exceptions (10 events):
Event: 0.867 Thread 0x000000e0e0d10800 Exception <a 'java/lang/NoSuchMethodError'{0x0000000089650e58}: java.lang.invoke.DirectMethodHandle$Holder.invokeStaticInit(Ljava/lang/Object;IIII)Ljava/lang/Object;> (0x0000000089650e58) thrown at [t:/workspace/hotspot/src/share/vm/interpreter/linkResolv
Event: 1.058 Thread 0x000000e0e0d10800 Exception <a 'java/lang/NoSuchMethodError'{0x0000000089693338}: java.lang.invoke.DirectMethodHandle$Holder.invokeStatic(Ljava/lang/Object;Ljava/lang/Object;IIII)Ljava/lang/Object;> (0x0000000089693338) thrown at [t:/workspace/hotspot/src/share/vm/interpre
Event: 1.058 Thread 0x000000e0e0d10800 Exception <a 'java/lang/NoSuchMethodError'{0x00000000896967f0}: java.lang.invoke.DirectMethodHandle$Holder.invokeStaticInit(Ljava/lang/Object;Ljava/lang/Object;IIII)Ljava/lang/Object;> (0x00000000896967f0) thrown at [t:/workspace/hotspot/src/share/vm/inte
Event: 1.068 Thread 0x000000e0e0d10800 Exception <a 'java/lang/ClassNotFoundException'{0x00000000896b6a00}: javax/management/remote/rmi/RMIServerImpl_Skel> (0x00000000896b6a00) thrown at [t:/workspace/hotspot/src/share/vm/classfile/systemDictionary.cpp, line 218]
Event: 1.090 Thread 0x000000e0e0d10800 Exception <a 'java/lang/NoSuchMethodError'{0x0000000089520800}: java.lang.Object.lambda$union$2(Ljava/util/regex/Pattern$CharPredicate;I)Z> (0x0000000089520800) thrown at [t:/workspace/hotspot/src/share/vm/interpreter/linkResolver.cpp, line 731]
Event: 1.094 Thread 0x000000e0e0d10800 Exception <a 'java/lang/ClassNotFoundException'{0x0000000089528af0}: jdk/internal/agent/resources/spi/agentProvider> (0x0000000089528af0) thrown at [t:/workspace/hotspot/src/share/vm/classfile/systemDictionary.cpp, line 218]
Event: 1.102 Thread 0x000000e0e0d10800 Exception <a 'java/lang/NoSuchMethodError'{0x000000008958cb30}: java.lang.invoke.DirectMethodHandle$Holder.invokeStatic(Ljava/lang/Object;Ljava/lang/Object;Ljava/lang/Object;Ljava/lang/Object;Ljava/lang/Object;Ljava/lang/Object;Ljava/lang/Object;Ljava/lan
Event: 1.103 Thread 0x000000e0e0d10800 Exception <a 'java/lang/NoSuchMethodError'{0x000000008959b5b8}: java.lang.invoke.DirectMethodHandle$Holder.invokeStatic(Ljava/lang/Object;Ljava/lang/Object;Ljava/lang/Object;Ljava/lang/Object;Ljava/lang/Object;Ljava/lang/Object;Ljava/lang/Object;Ljava/lan
Event: 1.104 Thread 0x000000e0e0d10800 Exception <a 'java/lang/NoSuchMethodError'{0x00000000895aa528}: method resolution failed> (0x00000000895aa528) thrown at [t:/workspace/hotspot/src/share/vm/prims/methodHandles.cpp, line 1256]
Event: 1.105 Thread 0x000000e0e0d10800 Exception <a 'java/lang/NoSuchMethodError'{0x00000000895b9390}: method resolution failed> (0x00000000895b9390) thrown at [t:/workspace/hotspot/src/share/vm/prims/methodHandles.cpp, line 1256]

Events (10 events):
Event: 1.160 loading class org/apache/logging/log4j/util/PropertySource$Util
Event: 1.160 loading class org/apache/logging/log4j/util/PropertySource$Util done
Event: 1.162 loading class java/util/regex/Pattern$2
Event: 1.162 loading class java/util/regex/Pattern$2 done
Event: 1.165 loading class javax/servlet/Servlet
Event: 1.165 loading class javax/servlet/Servlet done
Event: 1.168 loading class org/apache/logging/log4j/message/DefaultFlowMessageFactory
Event: 1.168 loading class org/apache/logging/log4j/message/DefaultFlowMessageFactory done
Event: 1.168 loading class org/apache/logging/log4j/message/FlowMessageFactory
Event: 1.168 loading class org/apache/logging/log4j/message/FlowMessageFactory done


Dynamic libraries:
0x00007ff609970000 - 0x00007ff6099ae000 	C:\Program Files\Java\jre-9.0.4\bin\javaw.exe
0x00007fff75c30000 - 0x00007fff75ddd000 	C:\WINDOWS\SYSTEM32\ntdll.dll
0x00007fff757b0000 - 0x00007fff758ef000 	C:\WINDOWS\system32\KERNEL32.DLL
0x00007fff731a0000 - 0x00007fff732b5000 	C:\WINDOWS\system32\KERNELBASE.dll
0x00007fff73390000 - 0x00007fff7343a000 	C:\WINDOWS\system32\ADVAPI32.dll
0x00007fff758f0000 - 0x00007fff75a67000 	C:\WINDOWS\system32\USER32.dll
0x00007fff70730000 - 0x00007fff709ab000 	C:\WINDOWS\WinSxS\amd64_microsoft.windows.common-controls_6595b64144ccf1df_6.0.9600.19394_none_62486577ecb635cf\COMCTL32.dll
0x00007fff6cd70000 - 0x00007fff6cd7a000 	C:\WINDOWS\SYSTEM32\VERSION.dll
0x00007fff735e0000 - 0x00007fff7368a000 	C:\WINDOWS\system32\msvcrt.dll
0x00007fff75bd0000 - 0x00007fff75c29000 	C:\WINDOWS\SYSTEM32\sechost.dll
0x00007fff73e30000 - 0x00007fff73f70000 	C:\WINDOWS\system32\RPCRT4.dll
0x00007fff740a0000 - 0x00007fff741ec000 	C:\WINDOWS\system32\GDI32.dll
0x00007fff73170000 - 0x00007fff7319e000 	C:\WINDOWS\system32\SspiCli.dll
0x00007fff73870000 - 0x00007fff738a6000 	C:\WINDOWS\system32\IMM32.DLL
0x00007fff75a70000 - 0x00007fff75bc1000 	C:\WINDOWS\system32\MSCTF.dll
0x00007fff5ac00000 - 0x00007fff5acef000 	C:\Program Files\Java\jre-9.0.4\bin\msvcr120.dll
0x00007fff5d540000 - 0x00007fff5d5e6000 	C:\Program Files\Java\jre-9.0.4\bin\msvcp120.dll
0x0000000051c20000 - 0x0000000052645000 	C:\Program Files\Java\jre-9.0.4\bin\server\jvm.dll
0x00007fff64cb0000 - 0x00007fff64cb9000 	C:\WINDOWS\SYSTEM32\WSOCK32.dll
0x00007fff6e840000 - 0x00007fff6e862000 	C:\WINDOWS\SYSTEM32\WINMM.dll
0x00007fff732c0000 - 0x00007fff732c7000 	C:\WINDOWS\system32\PSAPI.DLL
0x00007fff741f0000 - 0x00007fff7424a000 	C:\WINDOWS\system32\WS2_32.dll
0x00007fff6e810000 - 0x00007fff6e83a000 	C:\WINDOWS\SYSTEM32\WINMMBASE.dll
0x00007fff757a0000 - 0x00007fff757a9000 	C:\WINDOWS\system32\NSI.dll
0x00007fff72e30000 - 0x00007fff72e7f000 	C:\WINDOWS\SYSTEM32\cfgmgr32.dll
0x00007fff71b50000 - 0x00007fff71b78000 	C:\WINDOWS\SYSTEM32\DEVOBJ.dll
0x00007fff6a6a0000 - 0x00007fff6a6af000 	C:\Program Files\Java\jre-9.0.4\bin\verify.dll
0x00007fff5e290000 - 0x00007fff5e2b7000 	C:\Program Files\Java\jre-9.0.4\bin\java.dll
0x00007fff6a5c0000 - 0x00007fff6a5d6000 	C:\Program Files\Java\jre-9.0.4\bin\zip.dll
0x00007fff6a4e0000 - 0x00007fff6a4ea000 	C:\Program Files\Java\jre-9.0.4\bin\jimage.dll
0x00007fff74250000 - 0x00007fff7577b000 	C:\WINDOWS\system32\SHELL32.dll
0x00007fff73c20000 - 0x00007fff73e30000 	C:\WINDOWS\SYSTEM32\combase.dll
0x00007fff74040000 - 0x00007fff74094000 	C:\WINDOWS\system32\SHLWAPI.dll
0x00007fff70c10000 - 0x00007fff70cc2000 	C:\WINDOWS\SYSTEM32\SHCORE.dll
0x00007fff72d60000 - 0x00007fff72d75000 	C:\WINDOWS\SYSTEM32\profapi.dll
0x00007fff5e270000 - 0x00007fff5e28a000 	C:\Program Files\Java\jre-9.0.4\bin\net.dll
0x00007fff69150000 - 0x00007fff69219000 	C:\WINDOWS\SYSTEM32\WINHTTP.dll
0x00007fff71de0000 - 0x00007fff71e00000 	C:\WINDOWS\system32\PrxerDrv.dll
0x00007fff72590000 - 0x00007fff725e9000 	C:\WINDOWS\system32\mswsock.dll
0x00007fff5e250000 - 0x00007fff5e261000 	C:\Program Files\Java\jre-9.0.4\bin\nio.dll
0x00007fff62830000 - 0x00007fff62839000 	C:\Program Files\Java\jre-9.0.4\bin\management.dll
0x00007fff5e240000 - 0x00007fff5e24a000 	C:\Program Files\Java\jre-9.0.4\bin\management_ext.dll
0x00007fff62de0000 - 0x00007fff62dfc000 	C:\WINDOWS\system32\PrxerNsp.dll
0x00007fff72390000 - 0x00007fff72434000 	C:\WINDOWS\SYSTEM32\DNSAPI.dll
0x00007fff62d80000 - 0x00007fff62d95000 	C:\WINDOWS\system32\napinsp.dll
0x00007fff62d60000 - 0x00007fff62d7a000 	C:\WINDOWS\system32\pnrpnsp.dll
0x00007fff70d10000 - 0x00007fff70d2b000 	C:\WINDOWS\system32\NLAapi.dll
0x00007fff62d50000 - 0x00007fff62d5d000 	C:\WINDOWS\System32\winrnr.dll
0x00007fff62d30000 - 0x00007fff62d44000 	C:\WINDOWS\system32\wshbth.dll
0x00007fff62dd0000 - 0x00007fff62dda000 	C:\Windows\System32\rasadhlp.dll
0x00007fff6f770000 - 0x00007fff6f79a000 	C:\WINDOWS\SYSTEM32\IPHLPAPI.DLL
0x00007fff6fa40000 - 0x00007fff6fa4a000 	C:\WINDOWS\SYSTEM32\WINNSI.DLL
0x00007fff6d0b0000 - 0x00007fff6d11b000 	C:\WINDOWS\System32\fwpuclnt.dll
0x00007fff725f0000 - 0x00007fff72610000 	C:\WINDOWS\SYSTEM32\CRYPTSP.dll
0x00007fff72210000 - 0x00007fff72246000 	C:\WINDOWS\system32\rsaenh.dll
0x00007fff728a0000 - 0x00007fff728c6000 	C:\WINDOWS\SYSTEM32\bcrypt.dll
0x00007fff72320000 - 0x00007fff72341000 	C:\WINDOWS\SYSTEM32\USERENV.dll
0x00007fff72bc0000 - 0x00007fff72c23000 	C:\WINDOWS\system32\bcryptprimitives.dll
0x00007fff72c30000 - 0x00007fff72c3b000 	C:\WINDOWS\SYSTEM32\CRYPTBASE.dll
0x00007fff6cd80000 - 0x00007fff6cd96000 	C:\WINDOWS\SYSTEM32\dhcpcsvc6.DLL
0x00007fff6d3a0000 - 0x00007fff6d3ba000 	C:\WINDOWS\SYSTEM32\dhcpcsvc.DLL
0x00007fff62a20000 - 0x00007fff62ba9000 	C:\WINDOWS\SYSTEM32\dbghelp.dll

VM Arguments:
jvm_args: -Dcom.sun.management.jmxremote -Dcom.sun.management.jmxremote.port=65431 -Dcom.sun.management.jmxremote.authenticate=false -Dcom.sun.management.jmxremote.ssl=false -Djava.rmi.server.hostname=localhost -Dspring.jmx.enabled=true -Dspring.application.admin.enabled=true -Xverify:none -XX:TieredStopAtLevel=1 -Dfile.encoding=UTF-8 
java_command: com.fyle.assignment.SpringBootHelloWorldApplication --spring.output.ansi.enabled=always
java_class_path (initial): C:\Users\DELL\Desktop\spring-boot-jwt-JPA\spring-boot-jwt-JPA\target\classes;C:\Users\DELL\.m2\repository\javax\annotation\javax.annotation-api\1.3.2\javax.annotation-api-1.3.2.jar;C:\Users\DELL\.m2\repository\javax\validation\validation-api\2.0.1.Final\validation-api-2.0.1.Final.jar;C:\Users\DELL\.m2\repository\javax\transaction\javax.transaction-api\1.3\javax.transaction-api-1.3.jar;C:\Users\DELL\.m2\repository\javax\xml\bind\jaxb-api\2.3.1\jaxb-api-2.3.1.jar;C:\Users\DELL\.m2\repository\javax\activation\javax.activation-api\1.2.0\javax.activation-api-1.2.0.jar;C:\Users\DELL\.m2\repository\javax\persistence\javax.persistence-api\2.2\javax.persistence-api-2.2.jar;C:\Users\DELL\.m2\repository\org\springframework\boot\spring-boot-starter-web\2.1.1.RELEASE\spring-boot-starter-web-2.1.1.RELEASE.jar;C:\Users\DELL\.m2\repository\org\springframework\boot\spring-boot-starter\2.1.1.RELEASE\spring-boot-starter-2.1.1.RELEASE.jar;C:\Users\DELL\.m2\repository\org\springframework\boot\spring-boot\2.1.1.RELEASE\spring-boot-2.1.1.RELEASE.jar;C:\Users\DELL\.m2\repository\org\springframework\spring-core\5.1.3.RELEASE\spring-core-5.1.3.RELEASE.jar;C:\Users\DELL\.m2\repository\org\springframework\spring-jcl\5.1.3.RELEASE\spring-jcl-5.1.3.RELEASE.jar;C:\Users\DELL\.m2\repository\org\springframework\spring-context\5.1.3.RELEASE\spring-context-5.1.3.RELEASE.jar;C:\Users\DELL\.m2\repository\org\springframework\spring-aop\5.1.3.RELEASE\spring-aop-5.1.3.RELEASE.jar;C:\Users\DELL\.m2\repository\org\springframework\spring-beans\5.1.3.RELEASE\spring-beans-5.1.3.RELEASE.jar;C:\Users\DELL\.m2\repository\org\springframework\spring-expression\5.1.3.RELEASE\spring-expression-5.1.3.RELEASE.jar;C:\Users\DELL\.m2\repository\org\springframework\boot\spring-boot-autoconfigure\2.1.1.RELEASE\spring-boot-autoconfigure-2.1.1.RELEASE.jar;C:\Users\DELL\.m2\repository\org\springframework\boot\spring-boot-starter-logging\2.1.1.RELEASE\spring-boot-starter-logging-2.1.1.RELEASE.jar;C:
Launcher Type: SUN_STANDARD

Logging:
Log output configuration:
#0: stdout all=warning uptime,level,tags
#1: stderr all=off uptime,level,tags

Environment Variables:
JAVA_HOME=C:\Program Files\Java\jdk1.8.0_51
CLASSPATH=C:\Program Files\Java\jdk1.8.0_161\bin
PATH=C:/Program Files/Java/jre1.8.0_161/bin/server;C:/Program Files/Java/jre1.8.0_161/bin;C:/Program Files/Java/jre1.8.0_161/lib/amd64;C:\MinGW\bin;C:\MinGW\libexec\gcc\x86_64-w64-mingw32\7.3.0;C:\MinGW\libexec\gcc\x86_64-pc-mingw32\6.1.0;C:\app\Avinash\product\12.1.0\dbhome_2\bin;C:\ProgramData\Oracle\Java\javapath;c:\Program Files (x86)\Intel\iCLS Client\;c:\Program Files\Intel\iCLS Client\;C:\WINDOWS\system32;C:\WINDOWS;C:\WINDOWS\System32\Wbem;C:\WINDOWS\System32\WindowsPowerShell\v1.0\;C:\Program Files\Intel\Intel(R) Management Engine Components\DAL;C:\Program Files\Intel\Intel(R) Management Engine Components\IPT;C:\Program Files (x86)\Intel\Intel(R) Management Engine Components\DAL;C:\Program Files (x86)\Intel\Intel(R) Management Engine Components\IPT;c:\Program Files (x86)\ATI Technologies\ATI.ACE\Core-Static;C:\Program Files\Intel\WiFi\bin\;C:\Program Files\Common Files\Intel\WirelessCommon\;C:\Program Files\Java\jdk1.8.0_51\bin;C:\Program Files\Java\jdk1.8.0_101\bin;C:\Program Files\Java\jre1.8.0_101\bin;C:\Program Files\MySQL\MySQL Server 5.5\bin;%OPENCV_DIR%\bin;C:\Program Files\Git\cmd;C:\Program Files (x86)\Yarn\bin\;C:\PostgreSQL\pg11\bin;C:\Program Files\nodejs\;C:\Program Files\Microsoft VS Code\bin;C:\Users\DELL\AppData\Local\Programs\Python\Python37-32\Scripts\;C:\Users\DELL\AppData\Local\Programs\Python\Python37-32\;C:\Program Files\Java\jdk1.8.0_161\bin;C:\Users\DELL\AppData\Local\Yarn\bin;C:\Users\DELL\AppData\Roaming\npm;C:\Program Files\heroku\bin;C:\Users\DELL\Desktop\spring-tool-suite-4-4.2.1.RELEASE-e4.11.0-win32.win32.x86_64\sts-4.2.1.RELEASE;
USERNAME=Avinash
OS=Windows_NT
PROCESSOR_IDENTIFIER=Intel64 Family 6 Model 69 Stepping 1, GenuineIntel



---------------  S Y S T E M  ---------------

OS: Windows 8.1 , 64 bit Build 9600 (6.3.9600.19358)

CPU:total 4 (initial active 4) (2 cores per cpu, 2 threads per core) family 6 model 69 stepping 1, cmov, cx8, fxsr, mmx, sse, sse2, sse3, ssse3, sse4.1, sse4.2, popcnt, avx, avx2, aes, clmul, erms, lzcnt, ht, tsc, tscinvbit, bmi1, bmi2, fma

Memory: 4k page, physical 8266712k(1451228k free), swap 20937964k(3547404k free)

vm_info: Java HotSpot(TM) 64-Bit Server VM (9.0.4+11) for windows-amd64 JRE (9.0.4+11), built on Dec 20 2017 02:18:54 by "mach5one" with MS VC++ 12.0 (VS2013)

END.
