#
# A fatal error has been detected by the Java Runtime Environment:
#
#  EXCEPTION_ACCESS_VIOLATION (0xc0000005) at pc=0x000000005222b2e9, pid=7104, tid=6720
#
# JRE version: Java(TM) SE Runtime Environment (9.0+11) (build 9.0.4+11)
# Java VM: Java HotSpot(TM) 64-Bit Server VM (9.0.4+11, mixed mode, tiered, compressed oops, g1 gc, windows-amd64)
# Problematic frame:
# V  [jvm.dll+0x60b2e9]
#
# No core dump will be written. Minidumps are not enabled by default on client versions of Windows
#
# If you would like to submit a bug report, please visit:
#   http://bugreport.java.com/bugreport/crash.jsp
#

---------------  S U M M A R Y ------------

Command Line: -Dcom.sun.management.jmxremote -Dcom.sun.management.jmxremote.port=61696 -Dcom.sun.management.jmxremote.authenticate=false -Dcom.sun.management.jmxremote.ssl=false -Djava.rmi.server.hostname=localhost -Dspring.jmx.enabled=true -Dspring.application.admin.enabled=true -Xverify:none -XX:TieredStopAtLevel=1 -Dfile.encoding=UTF-8 com.fyle.assignment.SpringBootHelloWorldApplication --spring.output.ansi.enabled=always

Host: Intel(R) Core(TM) i5-4210U CPU @ 1.70GHz, 4 cores, 7G,  Windows 8.1 , 64 bit Build 9600 (6.3.9600.19358)
Time: Fri Jul 12 14:47:46 2019 India Standard Time elapsed time: 1 seconds (0d 0h 0m 1s)

---------------  T H R E A D  ---------------

Current thread (0x0000000a68ae9000):  WatcherThread [stack: 0x0000000a69e80000,0x0000000a69f80000] [id=6720]

Stack: [0x0000000a69e80000,0x0000000a69f80000],  sp=0x0000000a69f7fc70,  free space=1023k
Native frames: (J=compiled Java code, j=interpreted, Vv=VM code, C=native code)
V  [jvm.dll+0x60b2e9]
V  [jvm.dll+0x64833d]
V  [jvm.dll+0x66a936]
V  [jvm.dll+0x586490]
C  [msvcr120.dll+0x24f7f]
C  [msvcr120.dll+0x25126]
C  [KERNEL32.DLL+0x13f2]
C  [ntdll.dll+0x154f4]


siginfo: EXCEPTION_ACCESS_VIOLATION (0xc0000005), reading address 0x0000000c0000000b


Register to memory mapping:

RIP=0x000000005222b2e9 jvm.dll
RAX=0x0000000a68ab0430 is an unknown value
RBX=0x0000000000000000 is an unknown value
RCX=0x0000000c0000000b is an unknown value
RDX=0x0000000000000032 is an unknown value
RSP=0x0000000a69f7fc70 is an unknown value
RBP=0x0000000000000003 is an unknown value
RSI=0x0000000a68ab0540 is an unknown value
RDI=0x0000000000000000 is an unknown value
R8 =0x0000000000000000 is an unknown value
R9 =0x0000000a67a46b00 is an unknown value
R10=0x0000000000000000 is an unknown value
R11=0x0000000000000283 is an unknown value
R12=0x0000000000000000 is an unknown value
R13=0x0000000000000000 is an unknown value
R14=0x0000000000000032 is an unknown value
R15=0x0000000000000000 is an unknown value


Registers:
RAX=0x0000000a68ab0430, RBX=0x0000000000000000, RCX=0x0000000c0000000b, RDX=0x0000000000000032
RSP=0x0000000a69f7fc70, RBP=0x0000000000000003, RSI=0x0000000a68ab0540, RDI=0x0000000000000000
R8 =0x0000000000000000, R9 =0x0000000a67a46b00, R10=0x0000000000000000, R11=0x0000000000000283
R12=0x0000000000000000, R13=0x0000000000000000, R14=0x0000000000000032, R15=0x0000000000000000
RIP=0x000000005222b2e9, EFLAGS=0x0000000000010202

Top of Stack: (sp=0x0000000a69f7fc70)
0x0000000a69f7fc70:   0000000000000000 0000000a68ae9000
0x0000000a69f7fc80:   0000000a68acb940 0000000a69f7fdf0
0x0000000a69f7fc90:   0000000052597b28 000000005226833d
0x0000000a69f7fca0:   0000000000000001 0000000a464af020
0x0000000a69f7fcb0:   0000000000000000 0000000000000000
0x0000000a69f7fcc0:   0000000000000000 0000000000000000
0x0000000a69f7fcd0:   0000000000000032 000000005228a936
0x0000000a69f7fce0:   0000000a69f7fdf0 0000000a68acb940
0x0000000a69f7fcf0:   0000000a68ae9000 0000000000000000
0x0000000a69f7fd00:   0000000000000000 0000000000000000
0x0000000a69f7fd10:   0000000000000000 0000000000000000
0x0000000a69f7fd20:   0000000000000000 0000000000000000
0x0000000a69f7fd30:   0000000000000000 0000000000000000
0x0000000a69f7fd40:   0000000a68acb940 00000000521a6490
0x0000000a69f7fd50:   00000000000075a3 0000000a68ae9000
0x0000000a69f7fd60:   0000000000000000 0000000000000000 

Instructions: (pc=0x000000005222b2e9)
0x000000005222b2c9:   20 48 8b 35 e7 79 36 00 33 db 48 8b 06 39 18 7e
0x000000005222b2d9:   26 48 89 7c 24 30 8b fb 48 8b 40 18 48 8b 0c 07
0x000000005222b2e9:   48 8b 01 ff 10 48 8b 06 ff c3 48 8d 7f 08 3b 18
0x000000005222b2f9:   7c e6 48 8b 7c 24 30 48 8b 5c 24 38 48 83 c4 20 



---------------  P R O C E S S  ---------------

Java Threads: ( => current thread )
  0x0000000a68ac1000 JavaThread "RMI TCP Accept-0" daemon [_thread_in_native, id=4840, stack(0x0000000a69d80000,0x0000000a69e80000)]
  0x0000000a68ad6800 JavaThread "RMI TCP Accept-61696" daemon [_thread_in_native, id=11220, stack(0x0000000a69c80000,0x0000000a69d80000)]
  0x0000000a68aaf000 JavaThread "RMI TCP Accept-0" daemon [_thread_in_native, id=8316, stack(0x0000000a69b80000,0x0000000a69c80000)]
  0x0000000a67a47800 JavaThread "Service Thread" daemon [_thread_blocked, id=8856, stack(0x0000000a67cb0000,0x0000000a67db0000)]
  0x0000000a668ef000 JavaThread "Common-Cleaner" daemon [_thread_blocked, id=3892, stack(0x0000000a672f0000,0x0000000a673f0000)]
  0x0000000a66831800 JavaThread "Sweeper thread" daemon [_thread_blocked, id=5448, stack(0x0000000a671f0000,0x0000000a672f0000)]
  0x0000000a66821000 JavaThread "C1 CompilerThread2" daemon [_thread_blocked, id=8712, stack(0x0000000a670f0000,0x0000000a671f0000)]
  0x0000000a6680d000 JavaThread "C1 CompilerThread1" daemon [_thread_blocked, id=6528, stack(0x0000000a66ff0000,0x0000000a670f0000)]
  0x0000000a66808000 JavaThread "C1 CompilerThread0" daemon [_thread_blocked, id=11596, stack(0x0000000a66ef0000,0x0000000a66ff0000)]
  0x0000000a66807000 JavaThread "Attach Listener" daemon [_thread_blocked, id=9484, stack(0x0000000a66df0000,0x0000000a66ef0000)]
  0x0000000a66806000 JavaThread "Signal Dispatcher" daemon [_thread_blocked, id=9924, stack(0x0000000a66cf0000,0x0000000a66df0000)]
  0x0000000a667d0800 JavaThread "Finalizer" daemon [_thread_blocked, id=6480, stack(0x0000000a66b10000,0x0000000a66c10000)]
  0x0000000a667cd800 JavaThread "Reference Handler" daemon [_thread_blocked, id=9064, stack(0x0000000a66a10000,0x0000000a66b10000)]
  0x0000000a464b0800 JavaThread "main" [_thread_in_vm, id=4232, stack(0x0000000a47d50000,0x0000000a47e50000)]

Other Threads:
  0x0000000a667c9000 VMThread "VM Thread" [stack: 0x0000000a66910000,0x0000000a66a10000] [id=8708]
=>0x0000000a68ae9000 WatcherThread [stack: 0x0000000a69e80000,0x0000000a69f80000] [id=6720]
  0x0000000a464c9000 GCTaskThread "GC Thread#0" [stack: 0x0000000a5db70000,0x0000000a5dc70000] [id=10676]
  0x0000000a464ca800 GCTaskThread "GC Thread#1" [stack: 0x0000000a5dc70000,0x0000000a5dd70000] [id=4780]
  0x0000000a464cc800 GCTaskThread "GC Thread#2" [stack: 0x0000000a5dd70000,0x0000000a5de70000] [id=7092]
  0x0000000a464cf000 GCTaskThread "GC Thread#3" [stack: 0x0000000a5de70000,0x0000000a5df70000] [id=12056]
  0x0000000a4654c800 ConcurrentGCThread "G1 Main Marker" [stack: 0x0000000a637d0000,0x0000000a638d0000] [id=9584]
  0x0000000a4654d800 ConcurrentGCThread "G1 Marker#0" [stack: 0x0000000a638d0000,0x0000000a639d0000] [id=6424]
  0x0000000a464e4800 ConcurrentGCThread "G1 Refine#0" [stack: 0x0000000a5e6b0000,0x0000000a5e7b0000] [id=4020]
  0x0000000a464de800 ConcurrentGCThread "G1 Refine#1" [stack: 0x0000000a5e5b0000,0x0000000a5e6b0000] [id=8760]
  0x0000000a464da000 ConcurrentGCThread "G1 Refine#2" [stack: 0x0000000a5e4b0000,0x0000000a5e5b0000] [id=7880]
  0x0000000a464d9000 ConcurrentGCThread "G1 Refine#3" [stack: 0x0000000a5e3b0000,0x0000000a5e4b0000] [id=7748]
  0x0000000a464e5800 ConcurrentGCThread "G1 Young RemSet Sampling" [stack: 0x0000000a5e7b0000,0x0000000a5e8b0000] [id=7772]

Threads with active compile tasks:

VM state:not at safepoint (normal execution)

VM Mutex/Monitor currently owned by a thread:  ([mutex/lock_event])
[0x0000000a464af020] PeriodicTask_lock - owner thread: 0x0000000a68ae9000

Heap address: 0x0000000081c00000, size: 2020 MB, Compressed Oops mode: 32-bit
Narrow klass base: 0x0000000000000000, Narrow klass shift: 3
Compressed class space size: 1073741824 Address: 0x0000000100000000

Heap:
 garbage-first heap   total 131072K, used 32359K [0x0000000081c00000, 0x0000000081d00400, 0x0000000100000000)
  region size 1024K, 17 young (17408K), 2 survivors (2048K)
 Metaspace       used 11011K, capacity 11548K, committed 11776K, reserved 1058816K
  class space    used 1324K, capacity 1452K, committed 1536K, reserved 1048576K
Heap Regions: E=young(eden), S=young(survivor), O=old, HS=humongous(starts), HC=humongous(continues), CS=collection set, F=free, A=archive, TS=gc time stamp, AC=allocation context, TAMS=top-at-mark-start (previous, next)
|   0|0x0000000081c00000, 0x0000000081d00000, 0x0000000081d00000|100%|HS|  |TS  0|AC  0|TAMS 0x0000000081c00000, 0x0000000081c00000|
|   1|0x0000000081d00000, 0x0000000081e00000, 0x0000000081e00000|100%| O|  |TS  1|AC  0|TAMS 0x0000000081d00000, 0x0000000081d00000|
|   2|0x0000000081e00000, 0x0000000081f00000, 0x0000000081f00000|100%| O|  |TS  1|AC  0|TAMS 0x0000000081e00000, 0x0000000081e00000|
|   3|0x0000000081f00000, 0x0000000082000000, 0x0000000082000000|100%| O|  |TS  1|AC  0|TAMS 0x0000000081f00000, 0x0000000081f00000|
|   4|0x0000000082000000, 0x0000000082100000, 0x0000000082100000|100%| O|  |TS  1|AC  0|TAMS 0x0000000082000000, 0x0000000082000000|
|   5|0x0000000082100000, 0x0000000082200000, 0x0000000082200000|100%| O|  |TS  1|AC  0|TAMS 0x0000000082100000, 0x0000000082100000|
|   6|0x0000000082200000, 0x0000000082300000, 0x0000000082300000|100%| O|  |TS  1|AC  0|TAMS 0x0000000082200000, 0x0000000082200000|
|   7|0x0000000082300000, 0x0000000082400000, 0x0000000082400000|100%| O|  |TS  3|AC  0|TAMS 0x0000000082300000, 0x0000000082300000|
|   8|0x0000000082400000, 0x0000000082500000, 0x0000000082500000|100%|HS|  |TS  0|AC  0|TAMS 0x0000000082400000, 0x0000000082400000|
|   9|0x0000000082500000, 0x0000000082600000, 0x0000000082600000|100%| O|  |TS  3|AC  0|TAMS 0x0000000082500000, 0x0000000082500000|
|  10|0x0000000082600000, 0x0000000082700000, 0x0000000082700000|100%| O|  |TS  3|AC  0|TAMS 0x0000000082600000, 0x0000000082600000|
|  11|0x0000000082700000, 0x0000000082800000, 0x0000000082800000|100%| O|  |TS  3|AC  0|TAMS 0x0000000082700000, 0x0000000082700000|
|  12|0x0000000082800000, 0x0000000082900000, 0x0000000082900000|100%| O|  |TS  3|AC  0|TAMS 0x0000000082800000, 0x0000000082800000|
|  13|0x0000000082900000, 0x0000000082a00000, 0x0000000082a00000|100%| O|  |TS  3|AC  0|TAMS 0x0000000082900000, 0x0000000082900000|
|  14|0x0000000082a00000, 0x0000000082b00000, 0x0000000082b00000|100%| O|  |TS  3|AC  0|TAMS 0x0000000082a00000, 0x0000000082a00000|
|  15|0x0000000082b00000, 0x0000000082b99c00, 0x0000000082c00000| 60%| O|  |TS  3|AC  0|TAMS 0x0000000082b00000, 0x0000000082b00000|
|  16|0x0000000082c00000, 0x0000000082c00000, 0x0000000082d00000|  0%| F|  |TS  0|AC  0|TAMS 0x0000000082c00000, 0x0000000082c00000|
|  17|0x0000000082d00000, 0x0000000082d00000, 0x0000000082e00000|  0%| F|  |TS  0|AC  0|TAMS 0x0000000082d00000, 0x0000000082d00000|
|  18|0x0000000082e00000, 0x0000000082e00000, 0x0000000082f00000|  0%| F|  |TS  0|AC  0|TAMS 0x0000000082e00000, 0x0000000082e00000|
|  19|0x0000000082f00000, 0x0000000082f00000, 0x0000000083000000|  0%| F|  |TS  0|AC  0|TAMS 0x0000000082f00000, 0x0000000082f00000|
|  20|0x0000000083000000, 0x0000000083000000, 0x0000000083100000|  0%| F|  |TS  0|AC  0|TAMS 0x0000000083000000, 0x0000000083000000|
|  21|0x0000000083100000, 0x0000000083100000, 0x0000000083200000|  0%| F|  |TS  0|AC  0|TAMS 0x0000000083100000, 0x0000000083100000|
|  22|0x0000000083200000, 0x0000000083200000, 0x0000000083300000|  0%| F|  |TS  0|AC  0|TAMS 0x0000000083200000, 0x0000000083200000|
|  23|0x0000000083300000, 0x0000000083300000, 0x0000000083400000|  0%| F|  |TS  0|AC  0|TAMS 0x0000000083300000, 0x0000000083300000|
|  24|0x0000000083400000, 0x0000000083400000, 0x0000000083500000|  0%| F|  |TS  0|AC  0|TAMS 0x0000000083400000, 0x0000000083400000|
|  25|0x0000000083500000, 0x0000000083500000, 0x0000000083600000|  0%| F|  |TS  0|AC  0|TAMS 0x0000000083500000, 0x0000000083500000|
|  26|0x0000000083600000, 0x0000000083600000, 0x0000000083700000|  0%| F|  |TS  0|AC  0|TAMS 0x0000000083600000, 0x0000000083600000|
|  27|0x0000000083700000, 0x0000000083700000, 0x0000000083800000|  0%| F|  |TS  0|AC  0|TAMS 0x0000000083700000, 0x0000000083700000|
|  28|0x0000000083800000, 0x0000000083800000, 0x0000000083900000|  0%| F|  |TS  0|AC  0|TAMS 0x0000000083800000, 0x0000000083800000|
|  29|0x0000000083900000, 0x0000000083900000, 0x0000000083a00000|  0%| F|  |TS  0|AC  0|TAMS 0x0000000083900000, 0x0000000083900000|
|  30|0x0000000083a00000, 0x0000000083a00000, 0x0000000083b00000|  0%| F|  |TS  0|AC  0|TAMS 0x0000000083a00000, 0x0000000083a00000|
|  31|0x0000000083b00000, 0x0000000083b00000, 0x0000000083c00000|  0%| F|  |TS  0|AC  0|TAMS 0x0000000083b00000, 0x0000000083b00000|
|  32|0x0000000083c00000, 0x0000000083c00000, 0x0000000083d00000|  0%| F|  |TS  0|AC  0|TAMS 0x0000000083c00000, 0x0000000083c00000|
|  33|0x0000000083d00000, 0x0000000083d00000, 0x0000000083e00000|  0%| F|  |TS  0|AC  0|TAMS 0x0000000083d00000, 0x0000000083d00000|
|  34|0x0000000083e00000, 0x0000000083e00000, 0x0000000083f00000|  0%| F|  |TS  0|AC  0|TAMS 0x0000000083e00000, 0x0000000083e00000|
|  35|0x0000000083f00000, 0x0000000083f00000, 0x0000000084000000|  0%| F|  |TS  0|AC  0|TAMS 0x0000000083f00000, 0x0000000083f00000|
|  36|0x0000000084000000, 0x0000000084000000, 0x0000000084100000|  0%| F|  |TS  0|AC  0|TAMS 0x0000000084000000, 0x0000000084000000|
|  37|0x0000000084100000, 0x0000000084100000, 0x0000000084200000|  0%| F|  |TS  0|AC  0|TAMS 0x0000000084100000, 0x0000000084100000|
|  38|0x0000000084200000, 0x0000000084200000, 0x0000000084300000|  0%| F|  |TS  0|AC  0|TAMS 0x0000000084200000, 0x0000000084200000|
|  39|0x0000000084300000, 0x0000000084300000, 0x0000000084400000|  0%| F|  |TS  0|AC  0|TAMS 0x0000000084300000, 0x0000000084300000|
|  40|0x0000000084400000, 0x0000000084400000, 0x0000000084500000|  0%| F|  |TS  0|AC  0|TAMS 0x0000000084400000, 0x0000000084400000|
|  41|0x0000000084500000, 0x0000000084500000, 0x0000000084600000|  0%| F|  |TS  0|AC  0|TAMS 0x0000000084500000, 0x0000000084500000|
|  42|0x0000000084600000, 0x0000000084600000, 0x0000000084700000|  0%| F|  |TS  0|AC  0|TAMS 0x0000000084600000, 0x0000000084600000|
|  43|0x0000000084700000, 0x0000000084700000, 0x0000000084800000|  0%| F|  |TS  0|AC  0|TAMS 0x0000000084700000, 0x0000000084700000|
|  44|0x0000000084800000, 0x0000000084800000, 0x0000000084900000|  0%| F|  |TS  0|AC  0|TAMS 0x0000000084800000, 0x0000000084800000|
|  45|0x0000000084900000, 0x0000000084900000, 0x0000000084a00000|  0%| F|  |TS  0|AC  0|TAMS 0x0000000084900000, 0x0000000084900000|
|  46|0x0000000084a00000, 0x0000000084a00000, 0x0000000084b00000|  0%| F|  |TS  0|AC  0|TAMS 0x0000000084a00000, 0x0000000084a00000|
|  47|0x0000000084b00000, 0x0000000084b00000, 0x0000000084c00000|  0%| F|  |TS  0|AC  0|TAMS 0x0000000084b00000, 0x0000000084b00000|
|  48|0x0000000084c00000, 0x0000000084c00000, 0x0000000084d00000|  0%| F|  |TS  0|AC  0|TAMS 0x0000000084c00000, 0x0000000084c00000|
|  49|0x0000000084d00000, 0x0000000084d00000, 0x0000000084e00000|  0%| F|  |TS  0|AC  0|TAMS 0x0000000084d00000, 0x0000000084d00000|
|  50|0x0000000084e00000, 0x0000000084e00000, 0x0000000084f00000|  0%| F|  |TS  0|AC  0|TAMS 0x0000000084e00000, 0x0000000084e00000|
|  51|0x0000000084f00000, 0x0000000084f00000, 0x0000000085000000|  0%| F|  |TS  0|AC  0|TAMS 0x0000000084f00000, 0x0000000084f00000|
|  52|0x0000000085000000, 0x0000000085000000, 0x0000000085100000|  0%| F|  |TS  0|AC  0|TAMS 0x0000000085000000, 0x0000000085000000|
|  53|0x0000000085100000, 0x0000000085100000, 0x0000000085200000|  0%| F|  |TS  0|AC  0|TAMS 0x0000000085100000, 0x0000000085100000|
|  54|0x0000000085200000, 0x0000000085200000, 0x0000000085300000|  0%| F|  |TS  0|AC  0|TAMS 0x0000000085200000, 0x0000000085200000|
|  55|0x0000000085300000, 0x0000000085300000, 0x0000000085400000|  0%| F|  |TS  0|AC  0|TAMS 0x0000000085300000, 0x0000000085300000|
|  56|0x0000000085400000, 0x0000000085400000, 0x0000000085500000|  0%| F|  |TS  0|AC  0|TAMS 0x0000000085400000, 0x0000000085400000|
|  57|0x0000000085500000, 0x0000000085500000, 0x0000000085600000|  0%| F|  |TS  0|AC  0|TAMS 0x0000000085500000, 0x0000000085500000|
|  58|0x0000000085600000, 0x0000000085600000, 0x0000000085700000|  0%| F|  |TS  0|AC  0|TAMS 0x0000000085600000, 0x0000000085600000|
|  59|0x0000000085700000, 0x0000000085700000, 0x0000000085800000|  0%| F|  |TS  0|AC  0|TAMS 0x0000000085700000, 0x0000000085700000|
|  60|0x0000000085800000, 0x0000000085800000, 0x0000000085900000|  0%| F|  |TS  0|AC  0|TAMS 0x0000000085800000, 0x0000000085800000|
|  61|0x0000000085900000, 0x0000000085900000, 0x0000000085a00000|  0%| F|  |TS  0|AC  0|TAMS 0x0000000085900000, 0x0000000085900000|
|  62|0x0000000085a00000, 0x0000000085a00000, 0x0000000085b00000|  0%| F|  |TS  0|AC  0|TAMS 0x0000000085a00000, 0x0000000085a00000|
|  63|0x0000000085b00000, 0x0000000085b00000, 0x0000000085c00000|  0%| F|  |TS  0|AC  0|TAMS 0x0000000085b00000, 0x0000000085b00000|
|  64|0x0000000085c00000, 0x0000000085c00000, 0x0000000085d00000|  0%| F|  |TS  0|AC  0|TAMS 0x0000000085c00000, 0x0000000085c00000|
|  65|0x0000000085d00000, 0x0000000085d00000, 0x0000000085e00000|  0%| F|  |TS  0|AC  0|TAMS 0x0000000085d00000, 0x0000000085d00000|
|  66|0x0000000085e00000, 0x0000000085e00000, 0x0000000085f00000|  0%| F|  |TS  0|AC  0|TAMS 0x0000000085e00000, 0x0000000085e00000|
|  67|0x0000000085f00000, 0x0000000085f00000, 0x0000000086000000|  0%| F|  |TS  0|AC  0|TAMS 0x0000000085f00000, 0x0000000085f00000|
|  68|0x0000000086000000, 0x0000000086000000, 0x0000000086100000|  0%| F|  |TS  0|AC  0|TAMS 0x0000000086000000, 0x0000000086000000|
|  69|0x0000000086100000, 0x0000000086100000, 0x0000000086200000|  0%| F|  |TS  0|AC  0|TAMS 0x0000000086100000, 0x0000000086100000|
|  70|0x0000000086200000, 0x0000000086200000, 0x0000000086300000|  0%| F|  |TS  0|AC  0|TAMS 0x0000000086200000, 0x0000000086200000|
|  71|0x0000000086300000, 0x0000000086300000, 0x0000000086400000|  0%| F|  |TS  0|AC  0|TAMS 0x0000000086300000, 0x0000000086300000|
|  72|0x0000000086400000, 0x0000000086400000, 0x0000000086500000|  0%| F|  |TS  0|AC  0|TAMS 0x0000000086400000, 0x0000000086400000|
|  73|0x0000000086500000, 0x0000000086500000, 0x0000000086600000|  0%| F|  |TS  0|AC  0|TAMS 0x0000000086500000, 0x0000000086500000|
|  74|0x0000000086600000, 0x0000000086600000, 0x0000000086700000|  0%| F|  |TS  0|AC  0|TAMS 0x0000000086600000, 0x0000000086600000|
|  75|0x0000000086700000, 0x0000000086700000, 0x0000000086800000|  0%| F|  |TS  0|AC  0|TAMS 0x0000000086700000, 0x0000000086700000|
|  76|0x0000000086800000, 0x0000000086800000, 0x0000000086900000|  0%| F|  |TS  0|AC  0|TAMS 0x0000000086800000, 0x0000000086800000|
|  77|0x0000000086900000, 0x0000000086900000, 0x0000000086a00000|  0%| F|  |TS  0|AC  0|TAMS 0x0000000086900000, 0x0000000086900000|
|  78|0x0000000086a00000, 0x0000000086a00000, 0x0000000086b00000|  0%| F|  |TS  0|AC  0|TAMS 0x0000000086a00000, 0x0000000086a00000|
|  79|0x0000000086b00000, 0x0000000086b00000, 0x0000000086c00000|  0%| F|  |TS  0|AC  0|TAMS 0x0000000086b00000, 0x0000000086b00000|
|  80|0x0000000086c00000, 0x0000000086c00000, 0x0000000086d00000|  0%| F|  |TS  0|AC  0|TAMS 0x0000000086c00000, 0x0000000086c00000|
|  81|0x0000000086d00000, 0x0000000086d00000, 0x0000000086e00000|  0%| F|  |TS  0|AC  0|TAMS 0x0000000086d00000, 0x0000000086d00000|
|  82|0x0000000086e00000, 0x0000000086e00000, 0x0000000086f00000|  0%| F|  |TS  0|AC  0|TAMS 0x0000000086e00000, 0x0000000086e00000|
|  83|0x0000000086f00000, 0x0000000086f00000, 0x0000000087000000|  0%| F|  |TS  0|AC  0|TAMS 0x0000000086f00000, 0x0000000086f00000|
|  84|0x0000000087000000, 0x0000000087000000, 0x0000000087100000|  0%| F|  |TS  0|AC  0|TAMS 0x0000000087000000, 0x0000000087000000|
|  85|0x0000000087100000, 0x0000000087100000, 0x0000000087200000|  0%| F|  |TS  0|AC  0|TAMS 0x0000000087100000, 0x0000000087100000|
|  86|0x0000000087200000, 0x0000000087200000, 0x0000000087300000|  0%| F|  |TS  0|AC  0|TAMS 0x0000000087200000, 0x0000000087200000|
|  87|0x0000000087300000, 0x0000000087300000, 0x0000000087400000|  0%| F|  |TS  0|AC  0|TAMS 0x0000000087300000, 0x0000000087300000|
|  88|0x0000000087400000, 0x0000000087400000, 0x0000000087500000|  0%| F|  |TS  0|AC  0|TAMS 0x0000000087400000, 0x0000000087400000|
|  89|0x0000000087500000, 0x0000000087500000, 0x0000000087600000|  0%| F|  |TS  0|AC  0|TAMS 0x0000000087500000, 0x0000000087500000|
|  90|0x0000000087600000, 0x0000000087600000, 0x0000000087700000|  0%| F|  |TS  0|AC  0|TAMS 0x0000000087600000, 0x0000000087600000|
|  91|0x0000000087700000, 0x0000000087700000, 0x0000000087800000|  0%| F|  |TS  0|AC  0|TAMS 0x0000000087700000, 0x0000000087700000|
|  92|0x0000000087800000, 0x0000000087800000, 0x0000000087900000|  0%| F|  |TS  0|AC  0|TAMS 0x0000000087800000, 0x0000000087800000|
|  93|0x0000000087900000, 0x0000000087900000, 0x0000000087a00000|  0%| F|  |TS  0|AC  0|TAMS 0x0000000087900000, 0x0000000087900000|
|  94|0x0000000087a00000, 0x0000000087a00000, 0x0000000087b00000|  0%| F|  |TS  0|AC  0|TAMS 0x0000000087a00000, 0x0000000087a00000|
|  95|0x0000000087b00000, 0x0000000087b00000, 0x0000000087c00000|  0%| F|  |TS  0|AC  0|TAMS 0x0000000087b00000, 0x0000000087b00000|
|  96|0x0000000087c00000, 0x0000000087c00000, 0x0000000087d00000|  0%| F|  |TS  0|AC  0|TAMS 0x0000000087c00000, 0x0000000087c00000|
|  97|0x0000000087d00000, 0x0000000087d00000, 0x0000000087e00000|  0%| F|  |TS  0|AC  0|TAMS 0x0000000087d00000, 0x0000000087d00000|
|  98|0x0000000087e00000, 0x0000000087e00000, 0x0000000087f00000|  0%| F|  |TS  0|AC  0|TAMS 0x0000000087e00000, 0x0000000087e00000|
|  99|0x0000000087f00000, 0x0000000087f00000, 0x0000000088000000|  0%| F|  |TS  0|AC  0|TAMS 0x0000000087f00000, 0x0000000087f00000|
| 100|0x0000000088000000, 0x0000000088000000, 0x0000000088100000|  0%| F|  |TS  0|AC  0|TAMS 0x0000000088000000, 0x0000000088000000|
| 101|0x0000000088100000, 0x0000000088100000, 0x0000000088200000|  0%| F|  |TS  0|AC  0|TAMS 0x0000000088100000, 0x0000000088100000|
| 102|0x0000000088200000, 0x0000000088200000, 0x0000000088300000|  0%| F|  |TS  0|AC  0|TAMS 0x0000000088200000, 0x0000000088200000|
| 103|0x0000000088300000, 0x0000000088300000, 0x0000000088400000|  0%| F|  |TS  0|AC  0|TAMS 0x0000000088300000, 0x0000000088300000|
| 104|0x0000000088400000, 0x0000000088400000, 0x0000000088500000|  0%| F|  |TS  0|AC  0|TAMS 0x0000000088400000, 0x0000000088400000|
| 105|0x0000000088500000, 0x0000000088500000, 0x0000000088600000|  0%| F|  |TS  0|AC  0|TAMS 0x0000000088500000, 0x0000000088500000|
| 106|0x0000000088600000, 0x0000000088600000, 0x0000000088700000|  0%| F|  |TS  0|AC  0|TAMS 0x0000000088600000, 0x0000000088600000|
| 107|0x0000000088700000, 0x0000000088700000, 0x0000000088800000|  0%| F|  |TS  0|AC  0|TAMS 0x0000000088700000, 0x0000000088700000|
| 108|0x0000000088800000, 0x0000000088800000, 0x0000000088900000|  0%| F|  |TS  0|AC  0|TAMS 0x0000000088800000, 0x0000000088800000|
| 109|0x0000000088900000, 0x0000000088900000, 0x0000000088a00000|  0%| F|  |TS  0|AC  0|TAMS 0x0000000088900000, 0x0000000088900000|
| 110|0x0000000088a00000, 0x0000000088a562e0, 0x0000000088b00000| 33%| E|  |TS  0|AC  0|TAMS 0x0000000088a00000, 0x0000000088a00000|
| 111|0x0000000088b00000, 0x0000000088c00000, 0x0000000088c00000|100%| E|CS|TS  0|AC  0|TAMS 0x0000000088b00000, 0x0000000088b00000|
| 112|0x0000000088c00000, 0x0000000088d00000, 0x0000000088d00000|100%| E|CS|TS  3|AC  0|TAMS 0x0000000088c00000, 0x0000000088c00000|
| 113|0x0000000088d00000, 0x0000000088e00000, 0x0000000088e00000|100%| E|CS|TS  3|AC  0|TAMS 0x0000000088d00000, 0x0000000088d00000|
| 114|0x0000000088e00000, 0x0000000088f00000, 0x0000000088f00000|100%| E|CS|TS  1|AC  0|TAMS 0x0000000088e00000, 0x0000000088e00000|
| 115|0x0000000088f00000, 0x0000000089000000, 0x0000000089000000|100%| E|CS|TS  1|AC  0|TAMS 0x0000000088f00000, 0x0000000088f00000|
| 116|0x0000000089000000, 0x0000000089100000, 0x0000000089100000|100%| E|CS|TS  1|AC  0|TAMS 0x0000000089000000, 0x0000000089000000|
| 117|0x0000000089100000, 0x0000000089200000, 0x0000000089200000|100%| E|CS|TS  1|AC  0|TAMS 0x0000000089100000, 0x0000000089100000|
| 118|0x0000000089200000, 0x0000000089300000, 0x0000000089300000|100%| S|CS|TS  3|AC  0|TAMS 0x0000000089200000, 0x0000000089200000|
| 119|0x0000000089300000, 0x0000000089400000, 0x0000000089400000|100%| S|CS|TS  3|AC  0|TAMS 0x0000000089300000, 0x0000000089300000|
| 120|0x0000000089400000, 0x0000000089500000, 0x0000000089500000|100%| E|CS|TS  3|AC  0|TAMS 0x0000000089400000, 0x0000000089400000|
| 121|0x0000000089500000, 0x0000000089600000, 0x0000000089600000|100%| E|CS|TS  3|AC  0|TAMS 0x0000000089500000, 0x0000000089500000|
| 122|0x0000000089600000, 0x0000000089700000, 0x0000000089700000|100%| E|CS|TS  3|AC  0|TAMS 0x0000000089600000, 0x0000000089600000|
| 123|0x0000000089700000, 0x0000000089800000, 0x0000000089800000|100%| E|CS|TS  3|AC  0|TAMS 0x0000000089700000, 0x0000000089700000|
| 124|0x0000000089800000, 0x0000000089900000, 0x0000000089900000|100%| E|CS|TS  3|AC  0|TAMS 0x0000000089800000, 0x0000000089800000|
| 125|0x0000000089900000, 0x0000000089a00000, 0x0000000089a00000|100%| E|CS|TS  3|AC  0|TAMS 0x0000000089900000, 0x0000000089900000|
| 126|0x0000000089a00000, 0x0000000089b00000, 0x0000000089b00000|100%| E|CS|TS  3|AC  0|TAMS 0x0000000089a00000, 0x0000000089a00000|
| 127|0x0000000089b00000, 0x0000000089c00000, 0x0000000089c00000|100%| E|CS|TS  3|AC  0|TAMS 0x0000000089b00000, 0x0000000089b00000|

Card table byte_map: [0x0000000a5f0b0000,0x0000000a5f4b0000] byte_map_base: 0x0000000a5eca2000

Marking Bits (Prev, Next): (CMBitMap*) 0x0000000a4654b9b0, (CMBitMap*) 0x0000000a4654b9e8
 Prev Bits: [0x0000000a5f8b0000, 0x0000000a61840000)
 Next Bits: [0x0000000a61840000, 0x0000000a637d0000)

Polling page: 0x0000000a463f0000

CodeHeap 'non-profiled nmethods': size=238912Kb used=1866Kb max_used=1866Kb free=237045Kb
 bounds [0x0000000a4f040000, 0x0000000a4f2b0000, 0x0000000a5d990000]
CodeHeap 'non-nmethods': size=6848Kb used=2370Kb max_used=2370Kb free=4477Kb
 bounds [0x0000000a4e990000, 0x0000000a4ec00000, 0x0000000a4f040000]
 total_blobs=1719 nmethods=1304 adapters=323
 compilation: enabled

Compilation events (10 events):
Event: 1.360 Thread 0x0000000a66821000 1252       1       java.lang.StringBuilder::append (6 bytes)
Event: 1.360 Thread 0x0000000a6680d000 nmethod 1250 0x0000000a4f1fbc10 code [0x0000000a4f1fbdc0, 0x0000000a4f1fbf10]
Event: 1.360 Thread 0x0000000a66821000 nmethod 1252 0x0000000a4f1fbf90 code [0x0000000a4f1fc140, 0x0000000a4f1fc290]
Event: 1.360 Thread 0x0000000a66808000 nmethod 1251 0x0000000a4f1fc310 code [0x0000000a4f1fc500, 0x0000000a4f1fc810]
Event: 1.362 Thread 0x0000000a6680d000 1253       1       java.lang.invoke.MethodHandles$Lookup::resolveOrFail (43 bytes)
Event: 1.362 Thread 0x0000000a66821000 1254       1       java.lang.invoke.MemberName::<init> (25 bytes)
Event: 1.362 Thread 0x0000000a66808000 1255       1       java.lang.invoke.MethodHandles$Lookup::checkField (58 bytes)
Event: 1.362 Thread 0x0000000a66821000 nmethod 1254 0x0000000a4f1fc910 code [0x0000000a4f1fcae0, 0x0000000a4f1fcc90]
Event: 1.362 Thread 0x0000000a66808000 nmethod 1255 0x0000000a4f1fcd90 code [0x0000000a4f1fcf60, 0x0000000a4f1fd140]
Event: 1.362 Thread 0x0000000a6680d000 nmethod 1253 0x0000000a4f1fd210 code [0x0000000a4f1fd420, 0x0000000a4f1fd850]

GC Heap History (4 events):
Event: 0.682 GC heap before
{Heap before GC invocations=0 (full 0):
 garbage-first heap   total 131072K, used 15360K [0x0000000081c00000, 0x0000000081d00400, 0x0000000100000000)
  region size 1024K, 14 young (14336K), 0 survivors (0K)
 Metaspace       used 4927K, capacity 4938K, committed 5120K, reserved 1056768K
  class space    used 491K, capacity 495K, committed 512K, reserved 1048576K
}
Event: 0.688 GC heap after
{Heap after GC invocations=1 (full 0):
 garbage-first heap   total 131072K, used 9762K [0x0000000081c00000, 0x0000000081d00400, 0x0000000100000000)
  region size 1024K, 2 young (2048K), 2 survivors (2048K)
 Metaspace       used 4927K, capacity 4938K, committed 5120K, reserved 1056768K
  class space    used 491K, capacity 495K, committed 512K, reserved 1048576K
}
Event: 0.767 GC heap before
{Heap before GC invocations=1 (full 0):
 garbage-first heap   total 131072K, used 18978K [0x0000000081c00000, 0x0000000081d00400, 0x0000000100000000)
  region size 1024K, 10 young (10240K), 2 survivors (2048K)
 Metaspace       used 4933K, capacity 5002K, committed 5120K, reserved 1056768K
  class space    used 491K, capacity 495K, committed 512K, reserved 1048576K
}
Event: 0.773 GC heap after
{Heap after GC invocations=2 (full 0):
 garbage-first heap   total 131072K, used 18023K [0x0000000081c00000, 0x0000000081d00400, 0x0000000100000000)
  region size 1024K, 2 young (2048K), 2 survivors (2048K)
 Metaspace       used 4933K, capacity 5002K, committed 5120K, reserved 1056768K
  class space    used 491K, capacity 495K, committed 512K, reserved 1048576K
}

Deoptimization events (0 events):
No events

Classes redefined (0 events):
No events

Internal exceptions (10 events):
Event: 1.025 Thread 0x0000000a464b0800 Exception <a 'java/lang/NoSuchMethodError'{0x00000000896513e0}: java.lang.invoke.DirectMethodHandle$Holder.invokeStaticInit(Ljava/lang/Object;IIII)Ljava/lang/Object;> (0x00000000896513e0) thrown at [t:/workspace/hotspot/src/share/vm/interpreter/linkResolv
Event: 1.240 Thread 0x0000000a464b0800 Exception <a 'java/lang/NoSuchMethodError'{0x00000000896901f0}: java.lang.invoke.DirectMethodHandle$Holder.invokeStatic(Ljava/lang/Object;Ljava/lang/Object;IIII)Ljava/lang/Object;> (0x00000000896901f0) thrown at [t:/workspace/hotspot/src/share/vm/interpre
Event: 1.240 Thread 0x0000000a464b0800 Exception <a 'java/lang/NoSuchMethodError'{0x00000000896936a8}: java.lang.invoke.DirectMethodHandle$Holder.invokeStaticInit(Ljava/lang/Object;Ljava/lang/Object;IIII)Ljava/lang/Object;> (0x00000000896936a8) thrown at [t:/workspace/hotspot/src/share/vm/inte
Event: 1.252 Thread 0x0000000a464b0800 Exception <a 'java/lang/ClassNotFoundException'{0x00000000896b38b0}: javax/management/remote/rmi/RMIServerImpl_Skel> (0x00000000896b38b0) thrown at [t:/workspace/hotspot/src/share/vm/classfile/systemDictionary.cpp, line 218]
Event: 1.281 Thread 0x0000000a464b0800 Exception <a 'java/lang/NoSuchMethodError'{0x00000000896ffc08}: java.lang.Object.lambda$union$2(Ljava/util/regex/Pattern$CharPredicate;I)Z> (0x00000000896ffc08) thrown at [t:/workspace/hotspot/src/share/vm/interpreter/linkResolver.cpp, line 731]
Event: 1.286 Thread 0x0000000a464b0800 Exception <a 'java/lang/ClassNotFoundException'{0x0000000089525a10}: jdk/internal/agent/resources/spi/agentProvider> (0x0000000089525a10) thrown at [t:/workspace/hotspot/src/share/vm/classfile/systemDictionary.cpp, line 218]
Event: 1.298 Thread 0x0000000a464b0800 Exception <a 'java/lang/NoSuchMethodError'{0x0000000089589a48}: java.lang.invoke.DirectMethodHandle$Holder.invokeStatic(Ljava/lang/Object;Ljava/lang/Object;Ljava/lang/Object;Ljava/lang/Object;Ljava/lang/Object;Ljava/lang/Object;Ljava/lang/Object;Ljava/lan
Event: 1.299 Thread 0x0000000a464b0800 Exception <a 'java/lang/NoSuchMethodError'{0x00000000895984d0}: java.lang.invoke.DirectMethodHandle$Holder.invokeStatic(Ljava/lang/Object;Ljava/lang/Object;Ljava/lang/Object;Ljava/lang/Object;Ljava/lang/Object;Ljava/lang/Object;Ljava/lang/Object;Ljava/lan
Event: 1.300 Thread 0x0000000a464b0800 Exception <a 'java/lang/NoSuchMethodError'{0x00000000895a7440}: method resolution failed> (0x00000000895a7440) thrown at [t:/workspace/hotspot/src/share/vm/prims/methodHandles.cpp, line 1256]
Event: 1.301 Thread 0x0000000a464b0800 Exception <a 'java/lang/NoSuchMethodError'{0x00000000895b62a8}: method resolution failed> (0x00000000895b62a8) thrown at [t:/workspace/hotspot/src/share/vm/prims/methodHandles.cpp, line 1256]

Events (10 events):
Event: 1.361 loading class java/util/concurrent/ConcurrentLinkedQueue
Event: 1.361 loading class java/util/concurrent/ConcurrentLinkedQueue done
Event: 1.362 loading class java/util/concurrent/ConcurrentLinkedQueue$Node
Event: 1.362 loading class java/util/concurrent/ConcurrentLinkedQueue$Node done
Event: 1.362 loading class org/apache/logging/log4j/util/Strings
Event: 1.362 loading class org/apache/logging/log4j/util/Strings done
Event: 1.362 loading class org/apache/logging/log4j/simple/SimpleLogger
Event: 1.362 loading class org/apache/logging/log4j/simple/SimpleLogger done
Event: 1.363 loading class org/apache/logging/log4j/Level
Event: 1.363 loading class org/apache/logging/log4j/Level done


Dynamic libraries:
0x00007ff609970000 - 0x00007ff6099ae000 	C:\Program Files\Java\jre-9.0.4\bin\javaw.exe
0x00007fff75c30000 - 0x00007fff75ddd000 	C:\WINDOWS\SYSTEM32\ntdll.dll
0x00007fff757b0000 - 0x00007fff758ef000 	C:\WINDOWS\system32\KERNEL32.DLL
0x00007fff731a0000 - 0x00007fff732b5000 	C:\WINDOWS\system32\KERNELBASE.dll
0x00007fff73390000 - 0x00007fff7343a000 	C:\WINDOWS\system32\ADVAPI32.dll
0x00007fff758f0000 - 0x00007fff75a67000 	C:\WINDOWS\system32\USER32.dll
0x00007fff70730000 - 0x00007fff709ab000 	C:\WINDOWS\WinSxS\amd64_microsoft.windows.common-controls_6595b64144ccf1df_6.0.9600.19394_none_62486577ecb635cf\COMCTL32.dll
0x00007fff6cd70000 - 0x00007fff6cd7a000 	C:\WINDOWS\SYSTEM32\VERSION.dll
0x00007fff735e0000 - 0x00007fff7368a000 	C:\WINDOWS\system32\msvcrt.dll
0x00007fff75bd0000 - 0x00007fff75c29000 	C:\WINDOWS\SYSTEM32\sechost.dll
0x00007fff73e30000 - 0x00007fff73f70000 	C:\WINDOWS\system32\RPCRT4.dll
0x00007fff740a0000 - 0x00007fff741ec000 	C:\WINDOWS\system32\GDI32.dll
0x00007fff73170000 - 0x00007fff7319e000 	C:\WINDOWS\system32\SspiCli.dll
0x00007fff73870000 - 0x00007fff738a6000 	C:\WINDOWS\system32\IMM32.DLL
0x00007fff75a70000 - 0x00007fff75bc1000 	C:\WINDOWS\system32\MSCTF.dll
0x00007fff5e250000 - 0x00007fff5e33f000 	C:\Program Files\Java\jre-9.0.4\bin\msvcr120.dll
0x00007fff5e010000 - 0x00007fff5e0b6000 	C:\Program Files\Java\jre-9.0.4\bin\msvcp120.dll
0x0000000051c20000 - 0x0000000052645000 	C:\Program Files\Java\jre-9.0.4\bin\server\jvm.dll
0x00007fff64cb0000 - 0x00007fff64cb9000 	C:\WINDOWS\SYSTEM32\WSOCK32.dll
0x00007fff6e840000 - 0x00007fff6e862000 	C:\WINDOWS\SYSTEM32\WINMM.dll
0x00007fff732c0000 - 0x00007fff732c7000 	C:\WINDOWS\system32\PSAPI.DLL
0x00007fff741f0000 - 0x00007fff7424a000 	C:\WINDOWS\system32\WS2_32.dll
0x00007fff6e810000 - 0x00007fff6e83a000 	C:\WINDOWS\SYSTEM32\WINMMBASE.dll
0x00007fff757a0000 - 0x00007fff757a9000 	C:\WINDOWS\system32\NSI.dll
0x00007fff72e30000 - 0x00007fff72e7f000 	C:\WINDOWS\SYSTEM32\cfgmgr32.dll
0x00007fff71b50000 - 0x00007fff71b78000 	C:\WINDOWS\SYSTEM32\DEVOBJ.dll
0x00007fff6c1a0000 - 0x00007fff6c1af000 	C:\Program Files\Java\jre-9.0.4\bin\verify.dll
0x00007fff6aaf0000 - 0x00007fff6ab17000 	C:\Program Files\Java\jre-9.0.4\bin\java.dll
0x00007fff6be30000 - 0x00007fff6be46000 	C:\Program Files\Java\jre-9.0.4\bin\zip.dll
0x00007fff6be70000 - 0x00007fff6be7a000 	C:\Program Files\Java\jre-9.0.4\bin\jimage.dll
0x00007fff74250000 - 0x00007fff7577b000 	C:\WINDOWS\system32\SHELL32.dll
0x00007fff73c20000 - 0x00007fff73e30000 	C:\WINDOWS\SYSTEM32\combase.dll
0x00007fff74040000 - 0x00007fff74094000 	C:\WINDOWS\system32\SHLWAPI.dll
0x00007fff70c10000 - 0x00007fff70cc2000 	C:\WINDOWS\SYSTEM32\SHCORE.dll
0x00007fff72d60000 - 0x00007fff72d75000 	C:\WINDOWS\SYSTEM32\profapi.dll
0x00007fff6bc10000 - 0x00007fff6bc2a000 	C:\Program Files\Java\jre-9.0.4\bin\net.dll
0x00007fff69150000 - 0x00007fff69219000 	C:\WINDOWS\SYSTEM32\WINHTTP.dll
0x00007fff71de0000 - 0x00007fff71e00000 	C:\WINDOWS\system32\PrxerDrv.dll
0x00007fff72590000 - 0x00007fff725e9000 	C:\WINDOWS\system32\mswsock.dll
0x00007fff6ab50000 - 0x00007fff6ab61000 	C:\Program Files\Java\jre-9.0.4\bin\nio.dll
0x00007fff6bc40000 - 0x00007fff6bc49000 	C:\Program Files\Java\jre-9.0.4\bin\management.dll
0x00007fff6aae0000 - 0x00007fff6aaea000 	C:\Program Files\Java\jre-9.0.4\bin\management_ext.dll
0x00007fff62de0000 - 0x00007fff62dfc000 	C:\WINDOWS\system32\PrxerNsp.dll
0x00007fff72390000 - 0x00007fff72434000 	C:\WINDOWS\SYSTEM32\DNSAPI.dll
0x00007fff62d80000 - 0x00007fff62d95000 	C:\WINDOWS\system32\napinsp.dll
0x00007fff62d60000 - 0x00007fff62d7a000 	C:\WINDOWS\system32\pnrpnsp.dll
0x00007fff70d10000 - 0x00007fff70d2b000 	C:\WINDOWS\system32\NLAapi.dll
0x00007fff62d50000 - 0x00007fff62d5d000 	C:\WINDOWS\System32\winrnr.dll
0x00007fff62d30000 - 0x00007fff62d44000 	C:\WINDOWS\system32\wshbth.dll
0x00007fff62dd0000 - 0x00007fff62dda000 	C:\Windows\System32\rasadhlp.dll
0x00007fff6f770000 - 0x00007fff6f79a000 	C:\WINDOWS\SYSTEM32\IPHLPAPI.DLL
0x00007fff6fa40000 - 0x00007fff6fa4a000 	C:\WINDOWS\SYSTEM32\WINNSI.DLL
0x00007fff6d0b0000 - 0x00007fff6d11b000 	C:\WINDOWS\System32\fwpuclnt.dll
0x00007fff725f0000 - 0x00007fff72610000 	C:\WINDOWS\SYSTEM32\CRYPTSP.dll
0x00007fff72210000 - 0x00007fff72246000 	C:\WINDOWS\system32\rsaenh.dll
0x00007fff728a0000 - 0x00007fff728c6000 	C:\WINDOWS\SYSTEM32\bcrypt.dll
0x00007fff72320000 - 0x00007fff72341000 	C:\WINDOWS\SYSTEM32\USERENV.dll
0x00007fff72bc0000 - 0x00007fff72c23000 	C:\WINDOWS\system32\bcryptprimitives.dll
0x00007fff72c30000 - 0x00007fff72c3b000 	C:\WINDOWS\SYSTEM32\CRYPTBASE.dll
0x00007fff6cd80000 - 0x00007fff6cd96000 	C:\WINDOWS\SYSTEM32\dhcpcsvc6.DLL
0x00007fff6d3a0000 - 0x00007fff6d3ba000 	C:\WINDOWS\SYSTEM32\dhcpcsvc.DLL
0x00007fff62a20000 - 0x00007fff62ba9000 	C:\WINDOWS\SYSTEM32\dbghelp.dll

VM Arguments:
jvm_args: -Dcom.sun.management.jmxremote -Dcom.sun.management.jmxremote.port=61696 -Dcom.sun.management.jmxremote.authenticate=false -Dcom.sun.management.jmxremote.ssl=false -Djava.rmi.server.hostname=localhost -Dspring.jmx.enabled=true -Dspring.application.admin.enabled=true -Xverify:none -XX:TieredStopAtLevel=1 -Dfile.encoding=UTF-8 
java_command: com.fyle.assignment.SpringBootHelloWorldApplication --spring.output.ansi.enabled=always
java_class_path (initial): C:\Users\DELL\Desktop\spring-boot-jwt-JPA\spring-boot-jwt-JPA\target\classes;C:\Users\DELL\.m2\repository\javax\annotation\javax.annotation-api\1.3.2\javax.annotation-api-1.3.2.jar;C:\Users\DELL\.m2\repository\javax\validation\validation-api\2.0.1.Final\validation-api-2.0.1.Final.jar;C:\Users\DELL\.m2\repository\javax\transaction\javax.transaction-api\1.3\javax.transaction-api-1.3.jar;C:\Users\DELL\.m2\repository\javax\xml\bind\jaxb-api\2.3.1\jaxb-api-2.3.1.jar;C:\Users\DELL\.m2\repository\javax\activation\javax.activation-api\1.2.0\javax.activation-api-1.2.0.jar;C:\Users\DELL\.m2\repository\javax\persistence\javax.persistence-api\2.2\javax.persistence-api-2.2.jar;C:\Users\DELL\.m2\repository\org\springframework\boot\spring-boot-starter-web\2.1.1.RELEASE\spring-boot-starter-web-2.1.1.RELEASE.jar;C:\Users\DELL\.m2\repository\org\springframework\boot\spring-boot-starter\2.1.1.RELEASE\spring-boot-starter-2.1.1.RELEASE.jar;C:\Users\DELL\.m2\repository\org\springframework\boot\spring-boot\2.1.1.RELEASE\spring-boot-2.1.1.RELEASE.jar;C:\Users\DELL\.m2\repository\org\springframework\spring-core\5.1.3.RELEASE\spring-core-5.1.3.RELEASE.jar;C:\Users\DELL\.m2\repository\org\springframework\spring-jcl\5.1.3.RELEASE\spring-jcl-5.1.3.RELEASE.jar;C:\Users\DELL\.m2\repository\org\springframework\spring-context\5.1.3.RELEASE\spring-context-5.1.3.RELEASE.jar;C:\Users\DELL\.m2\repository\org\springframework\spring-aop\5.1.3.RELEASE\spring-aop-5.1.3.RELEASE.jar;C:\Users\DELL\.m2\repository\org\springframework\spring-beans\5.1.3.RELEASE\spring-beans-5.1.3.RELEASE.jar;C:\Users\DELL\.m2\repository\org\springframework\spring-expression\5.1.3.RELEASE\spring-expression-5.1.3.RELEASE.jar;C:\Users\DELL\.m2\repository\org\springframework\boot\spring-boot-autoconfigure\2.1.1.RELEASE\spring-boot-autoconfigure-2.1.1.RELEASE.jar;C:\Users\DELL\.m2\repository\org\springframework\boot\spring-boot-starter-logging\2.1.1.RELEASE\spring-boot-starter-logging-2.1.1.RELEASE.jar;C:
Launcher Type: SUN_STANDARD

Logging:
Log output configuration:
#0: stdout all=warning uptime,level,tags
#1: stderr all=off uptime,level,tags

Environment Variables:
JAVA_HOME=C:\Program Files\Java\jdk1.8.0_51
CLASSPATH=C:\Program Files\Java\jdk1.8.0_161\bin
PATH=C:/Program Files/Java/jre1.8.0_161/bin/server;C:/Program Files/Java/jre1.8.0_161/bin;C:/Program Files/Java/jre1.8.0_161/lib/amd64;C:\MinGW\bin;C:\MinGW\libexec\gcc\x86_64-w64-mingw32\7.3.0;C:\MinGW\libexec\gcc\x86_64-pc-mingw32\6.1.0;C:\app\Avinash\product\12.1.0\dbhome_2\bin;C:\ProgramData\Oracle\Java\javapath;c:\Program Files (x86)\Intel\iCLS Client\;c:\Program Files\Intel\iCLS Client\;C:\WINDOWS\system32;C:\WINDOWS;C:\WINDOWS\System32\Wbem;C:\WINDOWS\System32\WindowsPowerShell\v1.0\;C:\Program Files\Intel\Intel(R) Management Engine Components\DAL;C:\Program Files\Intel\Intel(R) Management Engine Components\IPT;C:\Program Files (x86)\Intel\Intel(R) Management Engine Components\DAL;C:\Program Files (x86)\Intel\Intel(R) Management Engine Components\IPT;c:\Program Files (x86)\ATI Technologies\ATI.ACE\Core-Static;C:\Program Files\Intel\WiFi\bin\;C:\Program Files\Common Files\Intel\WirelessCommon\;C:\Program Files\Java\jdk1.8.0_51\bin;C:\Program Files\Java\jdk1.8.0_101\bin;C:\Program Files\Java\jre1.8.0_101\bin;C:\Program Files\MySQL\MySQL Server 5.5\bin;%OPENCV_DIR%\bin;C:\Program Files\Git\cmd;C:\Program Files (x86)\Yarn\bin\;C:\PostgreSQL\pg11\bin;C:\Program Files\nodejs\;C:\Program Files\Microsoft VS Code\bin;C:\Users\DELL\AppData\Local\Programs\Python\Python37-32\Scripts\;C:\Users\DELL\AppData\Local\Programs\Python\Python37-32\;C:\Program Files\Java\jdk1.8.0_161\bin;C:\Users\DELL\AppData\Local\Yarn\bin;C:\Users\DELL\AppData\Roaming\npm;C:\Program Files\heroku\bin;C:\Users\DELL\Desktop\spring-tool-suite-4-4.2.1.RELEASE-e4.11.0-win32.win32.x86_64\sts-4.2.1.RELEASE;
USERNAME=Avinash
OS=Windows_NT
PROCESSOR_IDENTIFIER=Intel64 Family 6 Model 69 Stepping 1, GenuineIntel



---------------  S Y S T E M  ---------------

OS: Windows 8.1 , 64 bit Build 9600 (6.3.9600.19358)

CPU:total 4 (initial active 4) (2 cores per cpu, 2 threads per core) family 6 model 69 stepping 1, cmov, cx8, fxsr, mmx, sse, sse2, sse3, ssse3, sse4.1, sse4.2, popcnt, avx, avx2, aes, clmul, erms, lzcnt, ht, tsc, tscinvbit, bmi1, bmi2, fma

Memory: 4k page, physical 8266712k(1555688k free), swap 20937964k(3744680k free)

vm_info: Java HotSpot(TM) 64-Bit Server VM (9.0.4+11) for windows-amd64 JRE (9.0.4+11), built on Dec 20 2017 02:18:54 by "mach5one" with MS VC++ 12.0 (VS2013)

END.
