#
# A fatal error has been detected by the Java Runtime Environment:
#
#  EXCEPTION_ACCESS_VIOLATION (0xc0000005) at pc=0x000000005222b2d6, pid=8080, tid=11380
#
# JRE version: Java(TM) SE Runtime Environment (9.0+11) (build 9.0.4+11)
# Java VM: Java HotSpot(TM) 64-Bit Server VM (9.0.4+11, mixed mode, tiered, compressed oops, g1 gc, windows-amd64)
# Problematic frame:
# V  [jvm.dll+0x60b2d6]
#
# No core dump will be written. Minidumps are not enabled by default on client versions of Windows
#
# If you would like to submit a bug report, please visit:
#   http://bugreport.java.com/bugreport/crash.jsp
#

---------------  S U M M A R Y ------------

Command Line: -Dcom.sun.management.jmxremote -Dcom.sun.management.jmxremote.port=59416 -Dcom.sun.management.jmxremote.authenticate=false -Dcom.sun.management.jmxremote.ssl=false -Djava.rmi.server.hostname=localhost -Dspring.jmx.enabled=true -Dspring.application.admin.enabled=true -Xverify:none -XX:TieredStopAtLevel=1 -Dfile.encoding=UTF-8 com.fyle.assignment.SpringBootHelloWorldApplication --spring.output.ansi.enabled=always

Host: Intel(R) Core(TM) i5-4210U CPU @ 1.70GHz, 4 cores, 7G,  Windows 8.1 , 64 bit Build 9600 (6.3.9600.19358)
Time: Fri Jul 12 14:20:53 2019 India Standard Time elapsed time: 1 seconds (0d 0h 0m 1s)

---------------  T H R E A D  ---------------

Current thread (0x00000002f5f0a000):  WatcherThread [stack: 0x00000002f71f0000,0x00000002f72f0000] [id=11380]

Stack: [0x00000002f71f0000,0x00000002f72f0000],  sp=0x00000002f72ef880,  free space=1022k
Native frames: (J=compiled Java code, j=interpreted, Vv=VM code, C=native code)
V  [jvm.dll+0x60b2d6]
V  [jvm.dll+0x64833d]
V  [jvm.dll+0x66a936]
V  [jvm.dll+0x586490]
C  [msvcr120.dll+0x24f7f]
C  [msvcr120.dll+0x25126]
C  [KERNEL32.DLL+0x13f2]
C  [ntdll.dll+0x154f4]


siginfo: EXCEPTION_ACCESS_VIOLATION (0xc0000005), reading address 0x0000000c0000000b


Register to memory mapping:

RIP=0x000000005222b2d6 jvm.dll
RAX=0x0000000c0000000b is an unknown value
RBX=0x0000000000000000 is an unknown value
RCX=0x00000002f5ef65f0 is an unknown value
RDX=0x0000000000000032 is an unknown value
RSP=0x00000002f72ef880 is an unknown value
RBP=0x0000000000000003 is an unknown value
RSI=0x00000002f5ef8610 is an unknown value
RDI=0x0000000000000001 is an unknown value
R8 =0x0000000000000031 is an unknown value
R9 =0x00000002f4e45f00 is an unknown value
R10=0x0000000000000000 is an unknown value
R11=0x0000000000000287 is an unknown value
R12=0x0000000000000000 is an unknown value
R13=0x0000000000000000 is an unknown value
R14=0x0000000000000001 is an unknown value
R15=0x0000000000000000 is an unknown value


Registers:
RAX=0x0000000c0000000b, RBX=0x0000000000000000, RCX=0x00000002f5ef65f0, RDX=0x0000000000000032
RSP=0x00000002f72ef880, RBP=0x0000000000000003, RSI=0x00000002f5ef8610, RDI=0x0000000000000001
R8 =0x0000000000000031, R9 =0x00000002f4e45f00, R10=0x0000000000000000, R11=0x0000000000000287
R12=0x0000000000000000, R13=0x0000000000000000, R14=0x0000000000000001, R15=0x0000000000000000
RIP=0x000000005222b2d6, EFLAGS=0x0000000000010246

Top of Stack: (sp=0x00000002f72ef880)
0x00000002f72ef880:   0000000000000000 00000002f5f0a000
0x00000002f72ef890:   00000002f5ed6d40 00000002f72efa00
0x00000002f72ef8a0:   0000000052597b28 000000005226833d
0x00000002f72ef8b0:   00000002d389ffe0 00000002d389ffe0
0x00000002f72ef8c0:   0000000000000000 0000000000000000
0x00000002f72ef8d0:   0000000000000000 0000000000000000
0x00000002f72ef8e0:   0000000000000001 000000005228a936
0x00000002f72ef8f0:   00000002f72efa00 00000002f5ed6d40
0x00000002f72ef900:   00000002f5f0a000 0000000000000000
0x00000002f72ef910:   0000000000000000 0000000000000000
0x00000002f72ef920:   0000000000000000 0000000000000000
0x00000002f72ef930:   0000000000000000 0000000000000000
0x00000002f72ef940:   0000000000000000 0000000000000000
0x00000002f72ef950:   00000002f5ed6d40 00000000521a6490
0x00000002f72ef960:   00000000000075a3 00000002f5f0a000
0x00000002f72ef970:   0000000000000000 0000000000000000 

Instructions: (pc=0x000000005222b2d6)
0x000000005222b2b6:   cc cc cc cc cc cc cc cc cc cc 48 89 5c 24 10 56
0x000000005222b2c6:   48 83 ec 20 48 8b 35 e7 79 36 00 33 db 48 8b 06
0x000000005222b2d6:   39 18 7e 26 48 89 7c 24 30 8b fb 48 8b 40 18 48
0x000000005222b2e6:   8b 0c 07 48 8b 01 ff 10 48 8b 06 ff c3 48 8d 7f 



---------------  P R O C E S S  ---------------

Java Threads: ( => current thread )
  0x00000002f60d7000 JavaThread "JMX server connection timeout 18" daemon [_thread_blocked, id=9016, stack(0x00000002f76f0000,0x00000002f77f0000)]
  0x00000002f6143800 JavaThread "RMI Scheduler(0)" daemon [_thread_blocked, id=5708, stack(0x00000002f7ef0000,0x00000002f7ff0000)]
  0x00000002f6124800 JavaThread "RMI TCP Connection(1)-127.0.0.1" daemon [_thread_in_native, id=2252, stack(0x00000002f72f0000,0x00000002f73f0000)]
  0x00000002f5f09800 JavaThread "RMI TCP Accept-0" daemon [_thread_in_native, id=9400, stack(0x00000002f70f0000,0x00000002f71f0000)]
  0x00000002f5ef3000 JavaThread "RMI TCP Accept-59416" daemon [_thread_in_native, id=10784, stack(0x00000002f6ff0000,0x00000002f70f0000)]
  0x00000002f5ef8000 JavaThread "RMI TCP Accept-0" daemon [_thread_in_native, id=7172, stack(0x00000002f6ef0000,0x00000002f6ff0000)]
  0x00000002f4e4b800 JavaThread "Service Thread" daemon [_thread_blocked, id=6272, stack(0x00000002f50b0000,0x00000002f51b0000)]
  0x00000002f3d02000 JavaThread "Common-Cleaner" daemon [_thread_blocked, id=212, stack(0x00000002f4710000,0x00000002f4810000)]
  0x00000002f3c5f000 JavaThread "Sweeper thread" daemon [_thread_blocked, id=3352, stack(0x00000002f4610000,0x00000002f4710000)]
  0x00000002f3c3e000 JavaThread "C1 CompilerThread2" daemon [_thread_blocked, id=9368, stack(0x00000002f4510000,0x00000002f4610000)]
  0x00000002f3c2c800 JavaThread "C1 CompilerThread1" daemon [_thread_blocked, id=8664, stack(0x00000002f4410000,0x00000002f4510000)]
  0x00000002f3c28000 JavaThread "C1 CompilerThread0" daemon [_thread_blocked, id=12260, stack(0x00000002f4310000,0x00000002f4410000)]
  0x00000002f3c27000 JavaThread "Attach Listener" daemon [_thread_blocked, id=10816, stack(0x00000002f4210000,0x00000002f4310000)]
  0x00000002f3c26000 JavaThread "Signal Dispatcher" daemon [_thread_blocked, id=10252, stack(0x00000002f4110000,0x00000002f4210000)]
  0x00000002f3bf1000 JavaThread "Finalizer" daemon [_thread_blocked, id=10700, stack(0x00000002f3f30000,0x00000002f4030000)]
  0x00000002f3bef000 JavaThread "Reference Handler" daemon [_thread_blocked, id=7636, stack(0x00000002f3e30000,0x00000002f3f30000)]
  0x00000002d38a0800 JavaThread "main" [_thread_in_native, id=6820, stack(0x00000002d5170000,0x00000002d5270000)]

Other Threads:
  0x00000002f3beb800 VMThread "VM Thread" [stack: 0x00000002f3d30000,0x00000002f3e30000] [id=11408]
=>0x00000002f5f0a000 WatcherThread [stack: 0x00000002f71f0000,0x00000002f72f0000] [id=11380]
  0x00000002d38b9000 GCTaskThread "GC Thread#0" [stack: 0x00000002eaf90000,0x00000002eb090000] [id=10932]
  0x00000002d38ba800 GCTaskThread "GC Thread#1" [stack: 0x00000002eb090000,0x00000002eb190000] [id=4552]
  0x00000002d38bc800 GCTaskThread "GC Thread#2" [stack: 0x00000002eb190000,0x00000002eb290000] [id=9480]
  0x00000002d38c6800 GCTaskThread "GC Thread#3" [stack: 0x00000002eb290000,0x00000002eb390000] [id=11848]
  0x00000002d393c000 ConcurrentGCThread "G1 Main Marker" [stack: 0x00000002f0bf0000,0x00000002f0cf0000] [id=12276]
  0x00000002d393d000 ConcurrentGCThread "G1 Marker#0" [stack: 0x00000002f0cf0000,0x00000002f0df0000] [id=8432]
  0x00000002d38d3000 ConcurrentGCThread "G1 Refine#0" [stack: 0x00000002ebad0000,0x00000002ebbd0000] [id=12076]
  0x00000002d38d1000 ConcurrentGCThread "G1 Refine#1" [stack: 0x00000002eb9d0000,0x00000002ebad0000] [id=11908]
  0x00000002d38cf000 ConcurrentGCThread "G1 Refine#2" [stack: 0x00000002eb8d0000,0x00000002eb9d0000] [id=10584]
  0x00000002d38cc000 ConcurrentGCThread "G1 Refine#3" [stack: 0x00000002eb7d0000,0x00000002eb8d0000] [id=8508]
  0x00000002d38d5000 ConcurrentGCThread "G1 Young RemSet Sampling" [stack: 0x00000002ebbd0000,0x00000002ebcd0000] [id=10452]

Threads with active compile tasks:
C1 CompilerThread11466       1       java.util.jar.JarFile::maybeInstantiateVerifier (116 bytes)

VM state:not at safepoint (normal execution)

VM Mutex/Monitor currently owned by a thread:  ([mutex/lock_event])
[0x00000002d389ffe0] PeriodicTask_lock - owner thread: 0x00000002f5f0a000

Heap address: 0x0000000081c00000, size: 2020 MB, Compressed Oops mode: 32-bit
Narrow klass base: 0x0000000000000000, Narrow klass shift: 3
Compressed class space size: 1073741824 Address: 0x0000000100000000

Heap:
 garbage-first heap   total 131072K, used 27291K [0x0000000081c00000, 0x0000000081d00400, 0x0000000100000000)
  region size 1024K, 10 young (10240K), 3 survivors (3072K)
 Metaspace       used 12223K, capacity 12886K, committed 12928K, reserved 1060864K
  class space    used 1511K, capacity 1652K, committed 1664K, reserved 1048576K
Heap Regions: E=young(eden), S=young(survivor), O=old, HS=humongous(starts), HC=humongous(continues), CS=collection set, F=free, A=archive, TS=gc time stamp, AC=allocation context, TAMS=top-at-mark-start (previous, next)
|   0|0x0000000081c00000, 0x0000000081d00000, 0x0000000081d00000|100%|HS|  |TS  0|AC  0|TAMS 0x0000000081c00000, 0x0000000081c00000|
|   1|0x0000000081d00000, 0x0000000081e00000, 0x0000000081e00000|100%| O|  |TS  1|AC  0|TAMS 0x0000000081d00000, 0x0000000081d00000|
|   2|0x0000000081e00000, 0x0000000081f00000, 0x0000000081f00000|100%| O|  |TS  1|AC  0|TAMS 0x0000000081e00000, 0x0000000081e00000|
|   3|0x0000000081f00000, 0x0000000082000000, 0x0000000082000000|100%| O|  |TS  1|AC  0|TAMS 0x0000000081f00000, 0x0000000081f00000|
|   4|0x0000000082000000, 0x0000000082100000, 0x0000000082100000|100%| O|  |TS  1|AC  0|TAMS 0x0000000082000000, 0x0000000082000000|
|   5|0x0000000082100000, 0x0000000082200000, 0x0000000082200000|100%| O|  |TS  1|AC  0|TAMS 0x0000000082100000, 0x0000000082100000|
|   6|0x0000000082200000, 0x0000000082300000, 0x0000000082300000|100%| O|  |TS  1|AC  0|TAMS 0x0000000082200000, 0x0000000082200000|
|   7|0x0000000082300000, 0x0000000082400000, 0x0000000082400000|100%| O|  |TS  3|AC  0|TAMS 0x0000000082300000, 0x0000000082300000|
|   8|0x0000000082400000, 0x0000000082500000, 0x0000000082500000|100%| O|  |TS  3|AC  0|TAMS 0x0000000082400000, 0x0000000082400000|
|   9|0x0000000082500000, 0x0000000082600000, 0x0000000082600000|100%| O|  |TS  3|AC  0|TAMS 0x0000000082500000, 0x0000000082500000|
|  10|0x0000000082600000, 0x0000000082700000, 0x0000000082700000|100%| O|  |TS  3|AC  0|TAMS 0x0000000082600000, 0x0000000082600000|
|  11|0x0000000082700000, 0x0000000082800000, 0x0000000082800000|100%| O|  |TS  3|AC  0|TAMS 0x0000000082700000, 0x0000000082700000|
|  12|0x0000000082800000, 0x0000000082900000, 0x0000000082900000|100%| O|  |TS  5|AC  0|TAMS 0x0000000082800000, 0x0000000082800000|
|  13|0x0000000082900000, 0x0000000082a00000, 0x0000000082a00000|100%|HS|  |TS  0|AC  0|TAMS 0x0000000082900000, 0x0000000082900000|
|  14|0x0000000082a00000, 0x0000000082b00000, 0x0000000082b00000|100%| O|  |TS  5|AC  0|TAMS 0x0000000082a00000, 0x0000000082a00000|
|  15|0x0000000082b00000, 0x0000000082c00000, 0x0000000082c00000|100%| O|  |TS  5|AC  0|TAMS 0x0000000082b00000, 0x0000000082b00000|
|  16|0x0000000082c00000, 0x0000000082d00000, 0x0000000082d00000|100%| O|  |TS  5|AC  0|TAMS 0x0000000082c00000, 0x0000000082c00000|
|  17|0x0000000082d00000, 0x0000000082da6e00, 0x0000000082e00000| 65%| O|  |TS  5|AC  0|TAMS 0x0000000082d00000, 0x0000000082d00000|
|  18|0x0000000082e00000, 0x0000000082e00000, 0x0000000082f00000|  0%| F|  |TS  0|AC  0|TAMS 0x0000000082e00000, 0x0000000082e00000|
|  19|0x0000000082f00000, 0x0000000082f00000, 0x0000000083000000|  0%| F|  |TS  0|AC  0|TAMS 0x0000000082f00000, 0x0000000082f00000|
|  20|0x0000000083000000, 0x0000000083000000, 0x0000000083100000|  0%| F|  |TS  0|AC  0|TAMS 0x0000000083000000, 0x0000000083000000|
|  21|0x0000000083100000, 0x0000000083100000, 0x0000000083200000|  0%| F|  |TS  0|AC  0|TAMS 0x0000000083100000, 0x0000000083100000|
|  22|0x0000000083200000, 0x0000000083200000, 0x0000000083300000|  0%| F|  |TS  0|AC  0|TAMS 0x0000000083200000, 0x0000000083200000|
|  23|0x0000000083300000, 0x0000000083300000, 0x0000000083400000|  0%| F|  |TS  0|AC  0|TAMS 0x0000000083300000, 0x0000000083300000|
|  24|0x0000000083400000, 0x0000000083400000, 0x0000000083500000|  0%| F|  |TS  0|AC  0|TAMS 0x0000000083400000, 0x0000000083400000|
|  25|0x0000000083500000, 0x0000000083500000, 0x0000000083600000|  0%| F|  |TS  0|AC  0|TAMS 0x0000000083500000, 0x0000000083500000|
|  26|0x0000000083600000, 0x0000000083600000, 0x0000000083700000|  0%| F|  |TS  0|AC  0|TAMS 0x0000000083600000, 0x0000000083600000|
|  27|0x0000000083700000, 0x0000000083700000, 0x0000000083800000|  0%| F|  |TS  0|AC  0|TAMS 0x0000000083700000, 0x0000000083700000|
|  28|0x0000000083800000, 0x0000000083800000, 0x0000000083900000|  0%| F|  |TS  0|AC  0|TAMS 0x0000000083800000, 0x0000000083800000|
|  29|0x0000000083900000, 0x0000000083900000, 0x0000000083a00000|  0%| F|  |TS  0|AC  0|TAMS 0x0000000083900000, 0x0000000083900000|
|  30|0x0000000083a00000, 0x0000000083a00000, 0x0000000083b00000|  0%| F|  |TS  0|AC  0|TAMS 0x0000000083a00000, 0x0000000083a00000|
|  31|0x0000000083b00000, 0x0000000083b00000, 0x0000000083c00000|  0%| F|  |TS  0|AC  0|TAMS 0x0000000083b00000, 0x0000000083b00000|
|  32|0x0000000083c00000, 0x0000000083c00000, 0x0000000083d00000|  0%| F|  |TS  0|AC  0|TAMS 0x0000000083c00000, 0x0000000083c00000|
|  33|0x0000000083d00000, 0x0000000083d00000, 0x0000000083e00000|  0%| F|  |TS  0|AC  0|TAMS 0x0000000083d00000, 0x0000000083d00000|
|  34|0x0000000083e00000, 0x0000000083e00000, 0x0000000083f00000|  0%| F|  |TS  0|AC  0|TAMS 0x0000000083e00000, 0x0000000083e00000|
|  35|0x0000000083f00000, 0x0000000083f00000, 0x0000000084000000|  0%| F|  |TS  0|AC  0|TAMS 0x0000000083f00000, 0x0000000083f00000|
|  36|0x0000000084000000, 0x0000000084000000, 0x0000000084100000|  0%| F|  |TS  0|AC  0|TAMS 0x0000000084000000, 0x0000000084000000|
|  37|0x0000000084100000, 0x0000000084100000, 0x0000000084200000|  0%| F|  |TS  0|AC  0|TAMS 0x0000000084100000, 0x0000000084100000|
|  38|0x0000000084200000, 0x0000000084200000, 0x0000000084300000|  0%| F|  |TS  0|AC  0|TAMS 0x0000000084200000, 0x0000000084200000|
|  39|0x0000000084300000, 0x0000000084300000, 0x0000000084400000|  0%| F|  |TS  0|AC  0|TAMS 0x0000000084300000, 0x0000000084300000|
|  40|0x0000000084400000, 0x0000000084400000, 0x0000000084500000|  0%| F|  |TS  0|AC  0|TAMS 0x0000000084400000, 0x0000000084400000|
|  41|0x0000000084500000, 0x0000000084500000, 0x0000000084600000|  0%| F|  |TS  0|AC  0|TAMS 0x0000000084500000, 0x0000000084500000|
|  42|0x0000000084600000, 0x0000000084600000, 0x0000000084700000|  0%| F|  |TS  0|AC  0|TAMS 0x0000000084600000, 0x0000000084600000|
|  43|0x0000000084700000, 0x0000000084700000, 0x0000000084800000|  0%| F|  |TS  0|AC  0|TAMS 0x0000000084700000, 0x0000000084700000|
|  44|0x0000000084800000, 0x0000000084800000, 0x0000000084900000|  0%| F|  |TS  0|AC  0|TAMS 0x0000000084800000, 0x0000000084800000|
|  45|0x0000000084900000, 0x0000000084900000, 0x0000000084a00000|  0%| F|  |TS  0|AC  0|TAMS 0x0000000084900000, 0x0000000084900000|
|  46|0x0000000084a00000, 0x0000000084a00000, 0x0000000084b00000|  0%| F|  |TS  0|AC  0|TAMS 0x0000000084a00000, 0x0000000084a00000|
|  47|0x0000000084b00000, 0x0000000084b00000, 0x0000000084c00000|  0%| F|  |TS  0|AC  0|TAMS 0x0000000084b00000, 0x0000000084b00000|
|  48|0x0000000084c00000, 0x0000000084c00000, 0x0000000084d00000|  0%| F|  |TS  0|AC  0|TAMS 0x0000000084c00000, 0x0000000084c00000|
|  49|0x0000000084d00000, 0x0000000084d00000, 0x0000000084e00000|  0%| F|  |TS  0|AC  0|TAMS 0x0000000084d00000, 0x0000000084d00000|
|  50|0x0000000084e00000, 0x0000000084e00000, 0x0000000084f00000|  0%| F|  |TS  0|AC  0|TAMS 0x0000000084e00000, 0x0000000084e00000|
|  51|0x0000000084f00000, 0x0000000084f00000, 0x0000000085000000|  0%| F|  |TS  0|AC  0|TAMS 0x0000000084f00000, 0x0000000084f00000|
|  52|0x0000000085000000, 0x0000000085000000, 0x0000000085100000|  0%| F|  |TS  0|AC  0|TAMS 0x0000000085000000, 0x0000000085000000|
|  53|0x0000000085100000, 0x0000000085100000, 0x0000000085200000|  0%| F|  |TS  0|AC  0|TAMS 0x0000000085100000, 0x0000000085100000|
|  54|0x0000000085200000, 0x0000000085200000, 0x0000000085300000|  0%| F|  |TS  0|AC  0|TAMS 0x0000000085200000, 0x0000000085200000|
|  55|0x0000000085300000, 0x0000000085300000, 0x0000000085400000|  0%| F|  |TS  0|AC  0|TAMS 0x0000000085300000, 0x0000000085300000|
|  56|0x0000000085400000, 0x0000000085400000, 0x0000000085500000|  0%| F|  |TS  0|AC  0|TAMS 0x0000000085400000, 0x0000000085400000|
|  57|0x0000000085500000, 0x0000000085500000, 0x0000000085600000|  0%| F|  |TS  0|AC  0|TAMS 0x0000000085500000, 0x0000000085500000|
|  58|0x0000000085600000, 0x0000000085600000, 0x0000000085700000|  0%| F|  |TS  0|AC  0|TAMS 0x0000000085600000, 0x0000000085600000|
|  59|0x0000000085700000, 0x0000000085700000, 0x0000000085800000|  0%| F|  |TS  0|AC  0|TAMS 0x0000000085700000, 0x0000000085700000|
|  60|0x0000000085800000, 0x0000000085800000, 0x0000000085900000|  0%| F|  |TS  0|AC  0|TAMS 0x0000000085800000, 0x0000000085800000|
|  61|0x0000000085900000, 0x0000000085900000, 0x0000000085a00000|  0%| F|  |TS  0|AC  0|TAMS 0x0000000085900000, 0x0000000085900000|
|  62|0x0000000085a00000, 0x0000000085a00000, 0x0000000085b00000|  0%| F|  |TS  0|AC  0|TAMS 0x0000000085a00000, 0x0000000085a00000|
|  63|0x0000000085b00000, 0x0000000085b00000, 0x0000000085c00000|  0%| F|  |TS  0|AC  0|TAMS 0x0000000085b00000, 0x0000000085b00000|
|  64|0x0000000085c00000, 0x0000000085c00000, 0x0000000085d00000|  0%| F|  |TS  0|AC  0|TAMS 0x0000000085c00000, 0x0000000085c00000|
|  65|0x0000000085d00000, 0x0000000085d00000, 0x0000000085e00000|  0%| F|  |TS  0|AC  0|TAMS 0x0000000085d00000, 0x0000000085d00000|
|  66|0x0000000085e00000, 0x0000000085e00000, 0x0000000085f00000|  0%| F|  |TS  0|AC  0|TAMS 0x0000000085e00000, 0x0000000085e00000|
|  67|0x0000000085f00000, 0x0000000085f00000, 0x0000000086000000|  0%| F|  |TS  0|AC  0|TAMS 0x0000000085f00000, 0x0000000085f00000|
|  68|0x0000000086000000, 0x0000000086000000, 0x0000000086100000|  0%| F|  |TS  0|AC  0|TAMS 0x0000000086000000, 0x0000000086000000|
|  69|0x0000000086100000, 0x0000000086100000, 0x0000000086200000|  0%| F|  |TS  0|AC  0|TAMS 0x0000000086100000, 0x0000000086100000|
|  70|0x0000000086200000, 0x0000000086200000, 0x0000000086300000|  0%| F|  |TS  0|AC  0|TAMS 0x0000000086200000, 0x0000000086200000|
|  71|0x0000000086300000, 0x0000000086300000, 0x0000000086400000|  0%| F|  |TS  0|AC  0|TAMS 0x0000000086300000, 0x0000000086300000|
|  72|0x0000000086400000, 0x0000000086400000, 0x0000000086500000|  0%| F|  |TS  0|AC  0|TAMS 0x0000000086400000, 0x0000000086400000|
|  73|0x0000000086500000, 0x0000000086500000, 0x0000000086600000|  0%| F|  |TS  0|AC  0|TAMS 0x0000000086500000, 0x0000000086500000|
|  74|0x0000000086600000, 0x0000000086600000, 0x0000000086700000|  0%| F|  |TS  0|AC  0|TAMS 0x0000000086600000, 0x0000000086600000|
|  75|0x0000000086700000, 0x0000000086700000, 0x0000000086800000|  0%| F|  |TS  0|AC  0|TAMS 0x0000000086700000, 0x0000000086700000|
|  76|0x0000000086800000, 0x0000000086800000, 0x0000000086900000|  0%| F|  |TS  0|AC  0|TAMS 0x0000000086800000, 0x0000000086800000|
|  77|0x0000000086900000, 0x0000000086900000, 0x0000000086a00000|  0%| F|  |TS  0|AC  0|TAMS 0x0000000086900000, 0x0000000086900000|
|  78|0x0000000086a00000, 0x0000000086a00000, 0x0000000086b00000|  0%| F|  |TS  0|AC  0|TAMS 0x0000000086a00000, 0x0000000086a00000|
|  79|0x0000000086b00000, 0x0000000086b00000, 0x0000000086c00000|  0%| F|  |TS  0|AC  0|TAMS 0x0000000086b00000, 0x0000000086b00000|
|  80|0x0000000086c00000, 0x0000000086c00000, 0x0000000086d00000|  0%| F|  |TS  0|AC  0|TAMS 0x0000000086c00000, 0x0000000086c00000|
|  81|0x0000000086d00000, 0x0000000086d00000, 0x0000000086e00000|  0%| F|  |TS  0|AC  0|TAMS 0x0000000086d00000, 0x0000000086d00000|
|  82|0x0000000086e00000, 0x0000000086e00000, 0x0000000086f00000|  0%| F|  |TS  0|AC  0|TAMS 0x0000000086e00000, 0x0000000086e00000|
|  83|0x0000000086f00000, 0x0000000086f00000, 0x0000000087000000|  0%| F|  |TS  0|AC  0|TAMS 0x0000000086f00000, 0x0000000086f00000|
|  84|0x0000000087000000, 0x0000000087000000, 0x0000000087100000|  0%| F|  |TS  0|AC  0|TAMS 0x0000000087000000, 0x0000000087000000|
|  85|0x0000000087100000, 0x0000000087100000, 0x0000000087200000|  0%| F|  |TS  0|AC  0|TAMS 0x0000000087100000, 0x0000000087100000|
|  86|0x0000000087200000, 0x0000000087200000, 0x0000000087300000|  0%| F|  |TS  0|AC  0|TAMS 0x0000000087200000, 0x0000000087200000|
|  87|0x0000000087300000, 0x0000000087300000, 0x0000000087400000|  0%| F|  |TS  0|AC  0|TAMS 0x0000000087300000, 0x0000000087300000|
|  88|0x0000000087400000, 0x0000000087400000, 0x0000000087500000|  0%| F|  |TS  0|AC  0|TAMS 0x0000000087400000, 0x0000000087400000|
|  89|0x0000000087500000, 0x0000000087500000, 0x0000000087600000|  0%| F|  |TS  0|AC  0|TAMS 0x0000000087500000, 0x0000000087500000|
|  90|0x0000000087600000, 0x0000000087600000, 0x0000000087700000|  0%| F|  |TS  0|AC  0|TAMS 0x0000000087600000, 0x0000000087600000|
|  91|0x0000000087700000, 0x0000000087700000, 0x0000000087800000|  0%| F|  |TS  0|AC  0|TAMS 0x0000000087700000, 0x0000000087700000|
|  92|0x0000000087800000, 0x0000000087800000, 0x0000000087900000|  0%| F|  |TS  0|AC  0|TAMS 0x0000000087800000, 0x0000000087800000|
|  93|0x0000000087900000, 0x0000000087900000, 0x0000000087a00000|  0%| F|  |TS  0|AC  0|TAMS 0x0000000087900000, 0x0000000087900000|
|  94|0x0000000087a00000, 0x0000000087a00000, 0x0000000087b00000|  0%| F|  |TS  0|AC  0|TAMS 0x0000000087a00000, 0x0000000087a00000|
|  95|0x0000000087b00000, 0x0000000087b00000, 0x0000000087c00000|  0%| F|  |TS  0|AC  0|TAMS 0x0000000087b00000, 0x0000000087b00000|
|  96|0x0000000087c00000, 0x0000000087c00000, 0x0000000087d00000|  0%| F|  |TS  0|AC  0|TAMS 0x0000000087c00000, 0x0000000087c00000|
|  97|0x0000000087d00000, 0x0000000087d00000, 0x0000000087e00000|  0%| F|  |TS  0|AC  0|TAMS 0x0000000087d00000, 0x0000000087d00000|
|  98|0x0000000087e00000, 0x0000000087e00000, 0x0000000087f00000|  0%| F|  |TS  0|AC  0|TAMS 0x0000000087e00000, 0x0000000087e00000|
|  99|0x0000000087f00000, 0x0000000087f00000, 0x0000000088000000|  0%| F|  |TS  0|AC  0|TAMS 0x0000000087f00000, 0x0000000087f00000|
| 100|0x0000000088000000, 0x0000000088000000, 0x0000000088100000|  0%| F|  |TS  0|AC  0|TAMS 0x0000000088000000, 0x0000000088000000|
| 101|0x0000000088100000, 0x0000000088100000, 0x0000000088200000|  0%| F|  |TS  0|AC  0|TAMS 0x0000000088100000, 0x0000000088100000|
| 102|0x0000000088200000, 0x0000000088200000, 0x0000000088300000|  0%| F|  |TS  0|AC  0|TAMS 0x0000000088200000, 0x0000000088200000|
| 103|0x0000000088300000, 0x0000000088300000, 0x0000000088400000|  0%| F|  |TS  0|AC  0|TAMS 0x0000000088300000, 0x0000000088300000|
| 104|0x0000000088400000, 0x0000000088400000, 0x0000000088500000|  0%| F|  |TS  0|AC  0|TAMS 0x0000000088400000, 0x0000000088400000|
| 105|0x0000000088500000, 0x0000000088500000, 0x0000000088600000|  0%| F|  |TS  0|AC  0|TAMS 0x0000000088500000, 0x0000000088500000|
| 106|0x0000000088600000, 0x0000000088600000, 0x0000000088700000|  0%| F|  |TS  0|AC  0|TAMS 0x0000000088600000, 0x0000000088600000|
| 107|0x0000000088700000, 0x0000000088800000, 0x0000000088800000|100%| S|CS|TS  5|AC  0|TAMS 0x0000000088700000, 0x0000000088700000|
| 108|0x0000000088800000, 0x0000000088900000, 0x0000000088900000|100%| S|CS|TS  5|AC  0|TAMS 0x0000000088800000, 0x0000000088800000|
| 109|0x0000000088900000, 0x0000000088a00000, 0x0000000088a00000|100%| S|CS|TS  5|AC  0|TAMS 0x0000000088900000, 0x0000000088900000|
| 110|0x0000000088a00000, 0x0000000088a00000, 0x0000000088b00000|  0%| F|  |TS  5|AC  0|TAMS 0x0000000088a00000, 0x0000000088a00000|
| 111|0x0000000088b00000, 0x0000000088b00000, 0x0000000088c00000|  0%| F|  |TS  5|AC  0|TAMS 0x0000000088b00000, 0x0000000088b00000|
| 112|0x0000000088c00000, 0x0000000088c00000, 0x0000000088d00000|  0%| F|  |TS  5|AC  0|TAMS 0x0000000088c00000, 0x0000000088c00000|
| 113|0x0000000088d00000, 0x0000000088d00000, 0x0000000088e00000|  0%| F|  |TS  5|AC  0|TAMS 0x0000000088d00000, 0x0000000088d00000|
| 114|0x0000000088e00000, 0x0000000088e00000, 0x0000000088f00000|  0%| F|  |TS  5|AC  0|TAMS 0x0000000088e00000, 0x0000000088e00000|
| 115|0x0000000088f00000, 0x0000000088f00000, 0x0000000089000000|  0%| F|  |TS  5|AC  0|TAMS 0x0000000088f00000, 0x0000000088f00000|
| 116|0x0000000089000000, 0x0000000089000000, 0x0000000089100000|  0%| F|  |TS  5|AC  0|TAMS 0x0000000089000000, 0x0000000089000000|
| 117|0x0000000089100000, 0x0000000089100000, 0x0000000089200000|  0%| F|  |TS  5|AC  0|TAMS 0x0000000089100000, 0x0000000089100000|
| 118|0x0000000089200000, 0x0000000089200000, 0x0000000089300000|  0%| F|  |TS  5|AC  0|TAMS 0x0000000089200000, 0x0000000089200000|
| 119|0x0000000089300000, 0x0000000089300000, 0x0000000089400000|  0%| F|  |TS  5|AC  0|TAMS 0x0000000089300000, 0x0000000089300000|
| 120|0x0000000089400000, 0x0000000089400000, 0x0000000089500000|  0%| F|  |TS  5|AC  0|TAMS 0x0000000089400000, 0x0000000089400000|
| 121|0x0000000089500000, 0x00000000895dcc70, 0x0000000089600000| 86%| E|  |TS  5|AC  0|TAMS 0x0000000089500000, 0x0000000089500000|
| 122|0x0000000089600000, 0x0000000089700000, 0x0000000089700000|100%| E|CS|TS  5|AC  0|TAMS 0x0000000089600000, 0x0000000089600000|
| 123|0x0000000089700000, 0x0000000089800000, 0x0000000089800000|100%| E|CS|TS  5|AC  0|TAMS 0x0000000089700000, 0x0000000089700000|
| 124|0x0000000089800000, 0x0000000089900000, 0x0000000089900000|100%| E|CS|TS  5|AC  0|TAMS 0x0000000089800000, 0x0000000089800000|
| 125|0x0000000089900000, 0x0000000089a00000, 0x0000000089a00000|100%| E|CS|TS  5|AC  0|TAMS 0x0000000089900000, 0x0000000089900000|
| 126|0x0000000089a00000, 0x0000000089b00000, 0x0000000089b00000|100%| E|CS|TS  5|AC  0|TAMS 0x0000000089a00000, 0x0000000089a00000|
| 127|0x0000000089b00000, 0x0000000089c00000, 0x0000000089c00000|100%| E|CS|TS  5|AC  0|TAMS 0x0000000089b00000, 0x0000000089b00000|

Card table byte_map: [0x00000002ec4d0000,0x00000002ec8d0000] byte_map_base: 0x00000002ec0c2000

Marking Bits (Prev, Next): (CMBitMap*) 0x00000002d393b120, (CMBitMap*) 0x00000002d393b158
 Prev Bits: [0x00000002eccd0000, 0x00000002eec60000)
 Next Bits: [0x00000002eec60000, 0x00000002f0bf0000)

Polling page: 0x00000002d37d0000

CodeHeap 'non-profiled nmethods': size=238912Kb used=2286Kb max_used=2286Kb free=236625Kb
 bounds [0x00000002dc460000, 0x00000002dc6d0000, 0x00000002eadb0000]
CodeHeap 'non-nmethods': size=6848Kb used=2391Kb max_used=2391Kb free=4456Kb
 bounds [0x00000002dbdb0000, 0x00000002dc020000, 0x00000002dc460000]
 total_blobs=2008 nmethods=1558 adapters=358
 compilation: enabled

Compilation events (10 events):
Event: 1.397 Thread 0x00000002f3c2c800 1233   !   1       jdk.internal.loader.URLClassPath$JarLoader::getResource (65 bytes)
Event: 1.397 Thread 0x00000002f3c28000 nmethod 1229 0x00000002dc613310 code [0x00000002dc613560, 0x00000002dc613c40]
Event: 1.397 Thread 0x00000002f3c2c800 nmethod 1233 0x00000002dc614190 code [0x00000002dc6143a0, 0x00000002dc6147f0]
Event: 1.398 Thread 0x00000002f3c3e000 nmethod 1232 0x00000002dc614a10 code [0x00000002dc614cc0, 0x00000002dc615610]
Event: 1.401 Thread 0x00000002f3c28000 1234       1       java.net.URLStreamHandler::toExternalForm (219 bytes)
Event: 1.401 Thread 0x00000002f3c2c800 1235       1       java.lang.String::indexOf (65 bytes)
Event: 1.402 Thread 0x00000002f3c2c800 nmethod 1235 0x00000002dc615b10 code [0x00000002dc615ce0, 0x00000002dc615fb0]
Event: 1.402 Thread 0x00000002f3c3e000 1236       1       java.lang.StringLatin1::indexOf (25 bytes)
Event: 1.402 Thread 0x00000002f3c3e000 nmethod 1236 0x00000002dc616190 code [0x00000002dc616340, 0x00000002dc6164b0]
Event: 1.403 Thread 0x00000002f3c28000 nmethod 1234 0x00000002dc616590 code [0x00000002dc6167e0, 0x00000002dc616de0]

GC Heap History (4 events):
Event: 0.658 GC heap before
{Heap before GC invocations=0 (full 0):
 garbage-first heap   total 131072K, used 15360K [0x0000000081c00000, 0x0000000081d00400, 0x0000000100000000)
  region size 1024K, 14 young (14336K), 0 survivors (0K)
 Metaspace       used 4927K, capacity 4938K, committed 5120K, reserved 1056768K
  class space    used 491K, capacity 495K, committed 512K, reserved 1048576K
}
Event: 0.665 GC heap after
{Heap after GC invocations=1 (full 0):
 garbage-first heap   total 131072K, used 10050K [0x0000000081c00000, 0x0000000081d00400, 0x0000000100000000)
  region size 1024K, 2 young (2048K), 2 survivors (2048K)
 Metaspace       used 4927K, capacity 4938K, committed 5120K, reserved 1056768K
  class space    used 491K, capacity 495K, committed 512K, reserved 1048576K
}
Event: 0.703 GC heap before
{Heap before GC invocations=1 (full 0):
 garbage-first heap   total 131072K, used 14146K [0x0000000081c00000, 0x0000000081d00400, 0x0000000100000000)
  region size 1024K, 6 young (6144K), 2 survivors (2048K)
 Metaspace       used 4928K, capacity 4938K, committed 5120K, reserved 1056768K
  class space    used 491K, capacity 495K, committed 512K, reserved 1048576K
}
Event: 0.707 GC heap after
{Heap after GC invocations=2 (full 0):
 garbage-first heap   total 131072K, used 13661K [0x0000000081c00000, 0x0000000081d00400, 0x0000000100000000)
  region size 1024K, 1 young (1024K), 1 survivors (1024K)
 Metaspace       used 4928K, capacity 4938K, committed 5120K, reserved 1056768K
  class space    used 491K, capacity 495K, committed 512K, reserved 1048576K
}

Deoptimization events (0 events):
No events

Classes redefined (0 events):
No events

Internal exceptions (10 events):
Event: 0.994 Thread 0x00000002d38a0800 Exception <a 'java/lang/NoSuchMethodError'{0x000000008915d7f8}: java.lang.invoke.DirectMethodHandle$Holder.invokeStaticInit(Ljava/lang/Object;IIII)Ljava/lang/Object;> (0x000000008915d7f8) thrown at [t:/workspace/hotspot/src/share/vm/interpreter/linkResolv
Event: 1.209 Thread 0x00000002d38a0800 Exception <a 'java/lang/NoSuchMethodError'{0x000000008919b008}: java.lang.invoke.DirectMethodHandle$Holder.invokeStatic(Ljava/lang/Object;Ljava/lang/Object;IIII)Ljava/lang/Object;> (0x000000008919b008) thrown at [t:/workspace/hotspot/src/share/vm/interpre
Event: 1.209 Thread 0x00000002d38a0800 Exception <a 'java/lang/NoSuchMethodError'{0x000000008919e4c0}: java.lang.invoke.DirectMethodHandle$Holder.invokeStaticInit(Ljava/lang/Object;Ljava/lang/Object;IIII)Ljava/lang/Object;> (0x000000008919e4c0) thrown at [t:/workspace/hotspot/src/share/vm/inte
Event: 1.219 Thread 0x00000002d38a0800 Exception <a 'java/lang/ClassNotFoundException'{0x00000000891be6e0}: javax/management/remote/rmi/RMIServerImpl_Skel> (0x00000000891be6e0) thrown at [t:/workspace/hotspot/src/share/vm/classfile/systemDictionary.cpp, line 218]
Event: 1.243 Thread 0x00000002d38a0800 Exception <a 'java/lang/NoSuchMethodError'{0x0000000089011a90}: java.lang.Object.lambda$union$2(Ljava/util/regex/Pattern$CharPredicate;I)Z> (0x0000000089011a90) thrown at [t:/workspace/hotspot/src/share/vm/interpreter/linkResolver.cpp, line 731]
Event: 1.248 Thread 0x00000002d38a0800 Exception <a 'java/lang/ClassNotFoundException'{0x0000000089019d80}: jdk/internal/agent/resources/spi/agentProvider> (0x0000000089019d80) thrown at [t:/workspace/hotspot/src/share/vm/classfile/systemDictionary.cpp, line 218]
Event: 1.256 Thread 0x00000002d38a0800 Exception <a 'java/lang/NoSuchMethodError'{0x000000008907ddc0}: java.lang.invoke.DirectMethodHandle$Holder.invokeStatic(Ljava/lang/Object;Ljava/lang/Object;Ljava/lang/Object;Ljava/lang/Object;Ljava/lang/Object;Ljava/lang/Object;Ljava/lang/Object;Ljava/lan
Event: 1.257 Thread 0x00000002d38a0800 Exception <a 'java/lang/NoSuchMethodError'{0x000000008908c848}: java.lang.invoke.DirectMethodHandle$Holder.invokeStatic(Ljava/lang/Object;Ljava/lang/Object;Ljava/lang/Object;Ljava/lang/Object;Ljava/lang/Object;Ljava/lang/Object;Ljava/lang/Object;Ljava/lan
Event: 1.258 Thread 0x00000002d38a0800 Exception <a 'java/lang/NoSuchMethodError'{0x000000008909b7b8}: method resolution failed> (0x000000008909b7b8) thrown at [t:/workspace/hotspot/src/share/vm/prims/methodHandles.cpp, line 1256]
Event: 1.259 Thread 0x00000002d38a0800 Exception <a 'java/lang/NoSuchMethodError'{0x00000000890aa878}: method resolution failed> (0x00000000890aa878) thrown at [t:/workspace/hotspot/src/share/vm/prims/methodHandles.cpp, line 1256]

Events (10 events):
Event: 1.399 loading class sun/util/resources/Bundles$CacheKeyReference done
Event: 1.399 loading class sun/util/resources/Bundles$BundleReference done
Event: 1.399 loading class sun/util/resources/cldr/TimeZoneNames_en
Event: 1.399 loading class sun/util/resources/cldr/TimeZoneNames_en done
Event: 1.400 loading class sun/util/resources/cldr/TimeZoneNames_en_US
Event: 1.400 loading class sun/util/resources/cldr/TimeZoneNames_en_US done
Event: 1.401 loading class org/apache/logging/log4j/util/BiConsumer
Event: 1.401 loading class org/apache/logging/log4j/util/BiConsumer done
Event: 1.402 loading class sun/util/locale/provider/LocaleResources$ResourceReference
Event: 1.402 loading class sun/util/locale/provider/LocaleResources$ResourceReference done


Dynamic libraries:
0x00007ff609970000 - 0x00007ff6099ae000 	C:\Program Files\Java\jre-9.0.4\bin\javaw.exe
0x00007fff75c30000 - 0x00007fff75ddd000 	C:\WINDOWS\SYSTEM32\ntdll.dll
0x00007fff757b0000 - 0x00007fff758ef000 	C:\WINDOWS\system32\KERNEL32.DLL
0x00007fff731a0000 - 0x00007fff732b5000 	C:\WINDOWS\system32\KERNELBASE.dll
0x00007fff73390000 - 0x00007fff7343a000 	C:\WINDOWS\system32\ADVAPI32.dll
0x00007fff758f0000 - 0x00007fff75a67000 	C:\WINDOWS\system32\USER32.dll
0x00007fff70730000 - 0x00007fff709ab000 	C:\WINDOWS\WinSxS\amd64_microsoft.windows.common-controls_6595b64144ccf1df_6.0.9600.19394_none_62486577ecb635cf\COMCTL32.dll
0x00007fff6cd70000 - 0x00007fff6cd7a000 	C:\WINDOWS\SYSTEM32\VERSION.dll
0x00007fff735e0000 - 0x00007fff7368a000 	C:\WINDOWS\system32\msvcrt.dll
0x00007fff75bd0000 - 0x00007fff75c29000 	C:\WINDOWS\SYSTEM32\sechost.dll
0x00007fff73e30000 - 0x00007fff73f70000 	C:\WINDOWS\system32\RPCRT4.dll
0x00007fff740a0000 - 0x00007fff741ec000 	C:\WINDOWS\system32\GDI32.dll
0x00007fff73170000 - 0x00007fff7319e000 	C:\WINDOWS\system32\SspiCli.dll
0x00007fff73870000 - 0x00007fff738a6000 	C:\WINDOWS\system32\IMM32.DLL
0x00007fff75a70000 - 0x00007fff75bc1000 	C:\WINDOWS\system32\MSCTF.dll
0x00007fff35800000 - 0x00007fff358ef000 	C:\Program Files\Java\jre-9.0.4\bin\msvcr120.dll
0x00007fff34890000 - 0x00007fff34936000 	C:\Program Files\Java\jre-9.0.4\bin\msvcp120.dll
0x0000000051c20000 - 0x0000000052645000 	C:\Program Files\Java\jre-9.0.4\bin\server\jvm.dll
0x00007fff64cb0000 - 0x00007fff64cb9000 	C:\WINDOWS\SYSTEM32\WSOCK32.dll
0x00007fff6e840000 - 0x00007fff6e862000 	C:\WINDOWS\SYSTEM32\WINMM.dll
0x00007fff732c0000 - 0x00007fff732c7000 	C:\WINDOWS\system32\PSAPI.DLL
0x00007fff741f0000 - 0x00007fff7424a000 	C:\WINDOWS\system32\WS2_32.dll
0x00007fff6e810000 - 0x00007fff6e83a000 	C:\WINDOWS\SYSTEM32\WINMMBASE.dll
0x00007fff757a0000 - 0x00007fff757a9000 	C:\WINDOWS\system32\NSI.dll
0x00007fff72e30000 - 0x00007fff72e7f000 	C:\WINDOWS\SYSTEM32\cfgmgr32.dll
0x00007fff71b50000 - 0x00007fff71b78000 	C:\WINDOWS\SYSTEM32\DEVOBJ.dll
0x00007fff6c1a0000 - 0x00007fff6c1af000 	C:\Program Files\Java\jre-9.0.4\bin\verify.dll
0x00007fff6a4e0000 - 0x00007fff6a507000 	C:\Program Files\Java\jre-9.0.4\bin\java.dll
0x00007fff6ab00000 - 0x00007fff6ab16000 	C:\Program Files\Java\jre-9.0.4\bin\zip.dll
0x00007fff6a5c0000 - 0x00007fff6a5ca000 	C:\Program Files\Java\jre-9.0.4\bin\jimage.dll
0x00007fff74250000 - 0x00007fff7577b000 	C:\WINDOWS\system32\SHELL32.dll
0x00007fff73c20000 - 0x00007fff73e30000 	C:\WINDOWS\SYSTEM32\combase.dll
0x00007fff74040000 - 0x00007fff74094000 	C:\WINDOWS\system32\SHLWAPI.dll
0x00007fff70c10000 - 0x00007fff70cc2000 	C:\WINDOWS\SYSTEM32\SHCORE.dll
0x00007fff72d60000 - 0x00007fff72d75000 	C:\WINDOWS\SYSTEM32\profapi.dll
0x00007fff5e1d0000 - 0x00007fff5e1ea000 	C:\Program Files\Java\jre-9.0.4\bin\net.dll
0x00007fff69150000 - 0x00007fff69219000 	C:\WINDOWS\SYSTEM32\WINHTTP.dll
0x00007fff71de0000 - 0x00007fff71e00000 	C:\WINDOWS\system32\PrxerDrv.dll
0x00007fff72590000 - 0x00007fff725e9000 	C:\WINDOWS\system32\mswsock.dll
0x00007fff5e1b0000 - 0x00007fff5e1c1000 	C:\Program Files\Java\jre-9.0.4\bin\nio.dll
0x00007fff62830000 - 0x00007fff62839000 	C:\Program Files\Java\jre-9.0.4\bin\management.dll
0x00007fff5e220000 - 0x00007fff5e22a000 	C:\Program Files\Java\jre-9.0.4\bin\management_ext.dll
0x00007fff62de0000 - 0x00007fff62dfc000 	C:\WINDOWS\system32\PrxerNsp.dll
0x00007fff72390000 - 0x00007fff72434000 	C:\WINDOWS\SYSTEM32\DNSAPI.dll
0x00007fff62d80000 - 0x00007fff62d95000 	C:\WINDOWS\system32\napinsp.dll
0x00007fff62d60000 - 0x00007fff62d7a000 	C:\WINDOWS\system32\pnrpnsp.dll
0x00007fff70d10000 - 0x00007fff70d2b000 	C:\WINDOWS\system32\NLAapi.dll
0x00007fff62d50000 - 0x00007fff62d5d000 	C:\WINDOWS\System32\winrnr.dll
0x00007fff62d30000 - 0x00007fff62d44000 	C:\WINDOWS\system32\wshbth.dll
0x00007fff62dd0000 - 0x00007fff62dda000 	C:\Windows\System32\rasadhlp.dll
0x00007fff6f770000 - 0x00007fff6f79a000 	C:\WINDOWS\SYSTEM32\IPHLPAPI.DLL
0x00007fff6fa40000 - 0x00007fff6fa4a000 	C:\WINDOWS\SYSTEM32\WINNSI.DLL
0x00007fff6d0b0000 - 0x00007fff6d11b000 	C:\WINDOWS\System32\fwpuclnt.dll
0x00007fff725f0000 - 0x00007fff72610000 	C:\WINDOWS\SYSTEM32\CRYPTSP.dll
0x00007fff72210000 - 0x00007fff72246000 	C:\WINDOWS\system32\rsaenh.dll
0x00007fff728a0000 - 0x00007fff728c6000 	C:\WINDOWS\SYSTEM32\bcrypt.dll
0x00007fff72320000 - 0x00007fff72341000 	C:\WINDOWS\SYSTEM32\USERENV.dll
0x00007fff72bc0000 - 0x00007fff72c23000 	C:\WINDOWS\system32\bcryptprimitives.dll
0x00007fff72c30000 - 0x00007fff72c3b000 	C:\WINDOWS\SYSTEM32\CRYPTBASE.dll
0x00007fff6cd80000 - 0x00007fff6cd96000 	C:\WINDOWS\SYSTEM32\dhcpcsvc6.DLL
0x00007fff6d3a0000 - 0x00007fff6d3ba000 	C:\WINDOWS\SYSTEM32\dhcpcsvc.DLL
0x00007fff62a20000 - 0x00007fff62ba9000 	C:\WINDOWS\SYSTEM32\dbghelp.dll

VM Arguments:
jvm_args: -Dcom.sun.management.jmxremote -Dcom.sun.management.jmxremote.port=59416 -Dcom.sun.management.jmxremote.authenticate=false -Dcom.sun.management.jmxremote.ssl=false -Djava.rmi.server.hostname=localhost -Dspring.jmx.enabled=true -Dspring.application.admin.enabled=true -Xverify:none -XX:TieredStopAtLevel=1 -Dfile.encoding=UTF-8 
java_command: com.fyle.assignment.SpringBootHelloWorldApplication --spring.output.ansi.enabled=always
java_class_path (initial): C:\Users\DELL\Desktop\spring-boot-jwt-JPA\spring-boot-jwt-JPA\target\classes;C:\Users\DELL\.m2\repository\javax\annotation\javax.annotation-api\1.3.2\javax.annotation-api-1.3.2.jar;C:\Users\DELL\.m2\repository\javax\validation\validation-api\2.0.1.Final\validation-api-2.0.1.Final.jar;C:\Users\DELL\.m2\repository\javax\transaction\javax.transaction-api\1.3\javax.transaction-api-1.3.jar;C:\Users\DELL\.m2\repository\javax\xml\bind\jaxb-api\2.3.1\jaxb-api-2.3.1.jar;C:\Users\DELL\.m2\repository\javax\activation\javax.activation-api\1.2.0\javax.activation-api-1.2.0.jar;C:\Users\DELL\.m2\repository\javax\persistence\javax.persistence-api\2.2\javax.persistence-api-2.2.jar;C:\Users\DELL\.m2\repository\org\springframework\boot\spring-boot-starter-web\2.1.1.RELEASE\spring-boot-starter-web-2.1.1.RELEASE.jar;C:\Users\DELL\.m2\repository\org\springframework\boot\spring-boot-starter\2.1.1.RELEASE\spring-boot-starter-2.1.1.RELEASE.jar;C:\Users\DELL\.m2\repository\org\springframework\boot\spring-boot\2.1.1.RELEASE\spring-boot-2.1.1.RELEASE.jar;C:\Users\DELL\.m2\repository\org\springframework\spring-core\5.1.3.RELEASE\spring-core-5.1.3.RELEASE.jar;C:\Users\DELL\.m2\repository\org\springframework\spring-jcl\5.1.3.RELEASE\spring-jcl-5.1.3.RELEASE.jar;C:\Users\DELL\.m2\repository\org\springframework\spring-context\5.1.3.RELEASE\spring-context-5.1.3.RELEASE.jar;C:\Users\DELL\.m2\repository\org\springframework\spring-aop\5.1.3.RELEASE\spring-aop-5.1.3.RELEASE.jar;C:\Users\DELL\.m2\repository\org\springframework\spring-beans\5.1.3.RELEASE\spring-beans-5.1.3.RELEASE.jar;C:\Users\DELL\.m2\repository\org\springframework\spring-expression\5.1.3.RELEASE\spring-expression-5.1.3.RELEASE.jar;C:\Users\DELL\.m2\repository\org\springframework\boot\spring-boot-autoconfigure\2.1.1.RELEASE\spring-boot-autoconfigure-2.1.1.RELEASE.jar;C:\Users\DELL\.m2\repository\org\springframework\boot\spring-boot-starter-logging\2.1.1.RELEASE\spring-boot-starter-logging-2.1.1.RELEASE.jar;C:
Launcher Type: SUN_STANDARD

Logging:
Log output configuration:
#0: stdout all=warning uptime,level,tags
#1: stderr all=off uptime,level,tags

Environment Variables:
JAVA_HOME=C:\Program Files\Java\jdk1.8.0_51
CLASSPATH=C:\Program Files\Java\jdk1.8.0_161\bin
PATH=C:/Program Files/Java/jre1.8.0_161/bin/server;C:/Program Files/Java/jre1.8.0_161/bin;C:/Program Files/Java/jre1.8.0_161/lib/amd64;C:\MinGW\bin;C:\MinGW\libexec\gcc\x86_64-w64-mingw32\7.3.0;C:\MinGW\libexec\gcc\x86_64-pc-mingw32\6.1.0;C:\app\Avinash\product\12.1.0\dbhome_2\bin;C:\ProgramData\Oracle\Java\javapath;c:\Program Files (x86)\Intel\iCLS Client\;c:\Program Files\Intel\iCLS Client\;C:\WINDOWS\system32;C:\WINDOWS;C:\WINDOWS\System32\Wbem;C:\WINDOWS\System32\WindowsPowerShell\v1.0\;C:\Program Files\Intel\Intel(R) Management Engine Components\DAL;C:\Program Files\Intel\Intel(R) Management Engine Components\IPT;C:\Program Files (x86)\Intel\Intel(R) Management Engine Components\DAL;C:\Program Files (x86)\Intel\Intel(R) Management Engine Components\IPT;c:\Program Files (x86)\ATI Technologies\ATI.ACE\Core-Static;C:\Program Files\Intel\WiFi\bin\;C:\Program Files\Common Files\Intel\WirelessCommon\;C:\Program Files\Java\jdk1.8.0_51\bin;C:\Program Files\Java\jdk1.8.0_101\bin;C:\Program Files\Java\jre1.8.0_101\bin;C:\Program Files\MySQL\MySQL Server 5.5\bin;%OPENCV_DIR%\bin;C:\Program Files\Git\cmd;C:\Program Files (x86)\Yarn\bin\;C:\PostgreSQL\pg11\bin;C:\Program Files\nodejs\;C:\Program Files\Microsoft VS Code\bin;C:\Users\DELL\AppData\Local\Programs\Python\Python37-32\Scripts\;C:\Users\DELL\AppData\Local\Programs\Python\Python37-32\;C:\Program Files\Java\jdk1.8.0_161\bin;C:\Users\DELL\AppData\Local\Yarn\bin;C:\Users\DELL\AppData\Roaming\npm;C:\Program Files\heroku\bin;C:\Users\DELL\Desktop\spring-tool-suite-4-4.2.1.RELEASE-e4.11.0-win32.win32.x86_64\sts-4.2.1.RELEASE;
USERNAME=Avinash
OS=Windows_NT
PROCESSOR_IDENTIFIER=Intel64 Family 6 Model 69 Stepping 1, GenuineIntel



---------------  S Y S T E M  ---------------

OS: Windows 8.1 , 64 bit Build 9600 (6.3.9600.19358)

CPU:total 4 (initial active 4) (2 cores per cpu, 2 threads per core) family 6 model 69 stepping 1, cmov, cx8, fxsr, mmx, sse, sse2, sse3, ssse3, sse4.1, sse4.2, popcnt, avx, avx2, aes, clmul, erms, lzcnt, ht, tsc, tscinvbit, bmi1, bmi2, fma

Memory: 4k page, physical 8266712k(1262308k free), swap 19879812k(2732516k free)

vm_info: Java HotSpot(TM) 64-Bit Server VM (9.0.4+11) for windows-amd64 JRE (9.0.4+11), built on Dec 20 2017 02:18:54 by "mach5one" with MS VC++ 12.0 (VS2013)

END.
